Sample: AbstractMarshallerImpl_1
----------------------------------------------------------------
output:
./Data/javax_xml_bind_helpers/javaFiles/AbstractMarshallerImpl_1.java:1: error: package javax.xml.bind does not exist
import javax.xml.bind.Marshaller;
                     ^
./Data/javax_xml_bind_helpers/javaFiles/AbstractMarshallerImpl_1.java:2: error: package javax.xml.bind.helpers does not exist
import javax.xml.bind.helpers.AbstractMarshallerImpl;
                             ^
./Data/javax_xml_bind_helpers/javaFiles/AbstractMarshallerImpl_1.java:6: error: cannot find symbol
        AbstractMarshallerImpl marshaller = new AbstractMarshallerImpl();
        ^
  symbol:   class AbstractMarshallerImpl
  location: class AbstractMarshallerImpl_1
./Data/javax_xml_bind_helpers/javaFiles/AbstractMarshallerImpl_1.java:6: error: cannot find symbol
        AbstractMarshallerImpl marshaller = new AbstractMarshallerImpl();
                                                ^
  symbol:   class AbstractMarshallerImpl
  location: class AbstractMarshallerImpl_1
./Data/javax_xml_bind_helpers/javaFiles/AbstractMarshallerImpl_1.java:8: error: cannot find symbol
            marshaller.setProperty(Marshaller.JAXB_FORMATTED_OUTPUT, true);
                                   ^
  symbol:   variable Marshaller
  location: class AbstractMarshallerImpl_1
5 errors


================================================================

Sample: AbstractMarshallerImpl_2
----------------------------------------------------------------
output:
./Data/javax_xml_bind_helpers/javaFiles/AbstractMarshallerImpl_2.java:1: error: package javax.xml.bind.helpers does not exist
import javax.xml.bind.helpers.AbstractMarshallerImpl;
                             ^
./Data/javax_xml_bind_helpers/javaFiles/AbstractMarshallerImpl_2.java:5: error: cannot find symbol
        AbstractMarshallerImpl marshaller = new AbstractMarshallerImpl();
        ^
  symbol:   class AbstractMarshallerImpl
  location: class AbstractMarshallerImpl_2
./Data/javax_xml_bind_helpers/javaFiles/AbstractMarshallerImpl_2.java:5: error: cannot find symbol
        AbstractMarshallerImpl marshaller = new AbstractMarshallerImpl();
                                                ^
  symbol:   class AbstractMarshallerImpl
  location: class AbstractMarshallerImpl_2
3 errors


================================================================

Sample: AbstractUnmarshallerImpl_3
----------------------------------------------------------------
output:
./Data/javax_xml_bind_helpers/javaFiles/AbstractUnmarshallerImpl_3.java:1: error: package javax.xml.bind.helpers does not exist
import javax.xml.bind.helpers.AbstractUnmarshallerImpl;
                             ^
./Data/javax_xml_bind_helpers/javaFiles/AbstractUnmarshallerImpl_3.java:5: error: cannot find symbol
        AbstractUnmarshallerImpl unmarshaller = new AbstractUnmarshallerImpl();
        ^
  symbol:   class AbstractUnmarshallerImpl
  location: class AbstractUnmarshallerImpl_3
./Data/javax_xml_bind_helpers/javaFiles/AbstractUnmarshallerImpl_3.java:5: error: cannot find symbol
        AbstractUnmarshallerImpl unmarshaller = new AbstractUnmarshallerImpl();
                                                    ^
  symbol:   class AbstractUnmarshallerImpl
  location: class AbstractUnmarshallerImpl_3
./Data/javax_xml_bind_helpers/javaFiles/AbstractUnmarshallerImpl_3.java:7: error: package Unmarshaller does not exist
        unmarshaller.setListener(new Unmarshaller.Listener() {
                                                 ^
./Data/javax_xml_bind_helpers/javaFiles/AbstractUnmarshallerImpl_3.java:8: error: method does not override or implement a method from a supertype
            @Override
            ^
./Data/javax_xml_bind_helpers/javaFiles/AbstractUnmarshallerImpl_3.java:13: error: method does not override or implement a method from a supertype
            @Override
            ^
6 errors


================================================================

Sample: AbstractUnmarshallerImpl_4
----------------------------------------------------------------
output:
./Data/javax_xml_bind_helpers/javaFiles/AbstractUnmarshallerImpl_4.java:1: error: package javax.xml.bind.helpers does not exist
import javax.xml.bind.helpers.AbstractUnmarshallerImpl;
                             ^
./Data/javax_xml_bind_helpers/javaFiles/AbstractUnmarshallerImpl_4.java:6: error: cannot find symbol
        AbstractUnmarshallerImpl unmarshaller = new AbstractUnmarshallerImpl();
        ^
  symbol:   class AbstractUnmarshallerImpl
  location: class AbstractUnmarshallerImpl_4
./Data/javax_xml_bind_helpers/javaFiles/AbstractUnmarshallerImpl_4.java:6: error: cannot find symbol
        AbstractUnmarshallerImpl unmarshaller = new AbstractUnmarshallerImpl();
                                                    ^
  symbol:   class AbstractUnmarshallerImpl
  location: class AbstractUnmarshallerImpl_4
3 errors


================================================================

Sample: DefaultValidationEventHandler_1
----------------------------------------------------------------
output:
./Data/javax_xml_bind_helpers/javaFiles/DefaultValidationEventHandler_1.java:1: error: package javax.xml.bind does not exist
import javax.xml.bind.ValidationEvent;
                     ^
./Data/javax_xml_bind_helpers/javaFiles/DefaultValidationEventHandler_1.java:2: error: package javax.xml.bind.helpers does not exist
import javax.xml.bind.helpers.DefaultValidationEventHandler;
                             ^
./Data/javax_xml_bind_helpers/javaFiles/DefaultValidationEventHandler_1.java:6: error: cannot find symbol
        DefaultValidationEventHandler handler = new DefaultValidationEventHandler();
        ^
  symbol:   class DefaultValidationEventHandler
  location: class DefaultValidationEventHandler_1
./Data/javax_xml_bind_helpers/javaFiles/DefaultValidationEventHandler_1.java:6: error: cannot find symbol
        DefaultValidationEventHandler handler = new DefaultValidationEventHandler();
                                                    ^
  symbol:   class DefaultValidationEventHandler
  location: class DefaultValidationEventHandler_1
./Data/javax_xml_bind_helpers/javaFiles/DefaultValidationEventHandler_1.java:7: error: cannot find symbol
        ValidationEvent event = new ValidationEvent() {
        ^
  symbol:   class ValidationEvent
  location: class DefaultValidationEventHandler_1
./Data/javax_xml_bind_helpers/javaFiles/DefaultValidationEventHandler_1.java:7: error: cannot find symbol
        ValidationEvent event = new ValidationEvent() {
                                    ^
  symbol:   class ValidationEvent
  location: class DefaultValidationEventHandler_1
./Data/javax_xml_bind_helpers/javaFiles/DefaultValidationEventHandler_1.java:19: error: cannot find symbol
            public SourceLocator getLocator() {
                   ^
  symbol: class SourceLocator
./Data/javax_xml_bind_helpers/javaFiles/DefaultValidationEventHandler_1.java:8: error: method does not override or implement a method from a supertype
            @Override
            ^
./Data/javax_xml_bind_helpers/javaFiles/DefaultValidationEventHandler_1.java:13: error: method does not override or implement a method from a supertype
            @Override
            ^
./Data/javax_xml_bind_helpers/javaFiles/DefaultValidationEventHandler_1.java:18: error: method does not override or implement a method from a supertype
            @Override
            ^
./Data/javax_xml_bind_helpers/javaFiles/DefaultValidationEventHandler_1.java:23: error: method does not override or implement a method from a supertype
            @Override
            ^
./Data/javax_xml_bind_helpers/javaFiles/DefaultValidationEventHandler_1.java:28: error: method does not override or implement a method from a supertype
            @Override
            ^
./Data/javax_xml_bind_helpers/javaFiles/DefaultValidationEventHandler_1.java:33: error: method does not override or implement a method from a supertype
            @Override
            ^
./Data/javax_xml_bind_helpers/javaFiles/DefaultValidationEventHandler_1.java:38: error: method does not override or implement a method from a supertype
            @Override
            ^
14 errors


================================================================

Sample: ValidationEventLocatorImpl_1
----------------------------------------------------------------
output:
./Data/javax_xml_bind_helpers/javaFiles/ValidationEventLocatorImpl_1.java:1: error: package javax.xml.bind.helpers does not exist
import javax.xml.bind.helpers.ValidationEventLocatorImpl;
                             ^
./Data/javax_xml_bind_helpers/javaFiles/ValidationEventLocatorImpl_1.java:5: error: cannot find symbol
        ValidationEventLocatorImpl locator = new ValidationEventLocatorImpl();
        ^
  symbol:   class ValidationEventLocatorImpl
  location: class ValidationEventLocatorImpl_1
./Data/javax_xml_bind_helpers/javaFiles/ValidationEventLocatorImpl_1.java:5: error: cannot find symbol
        ValidationEventLocatorImpl locator = new ValidationEventLocatorImpl();
                                                 ^
  symbol:   class ValidationEventLocatorImpl
  location: class ValidationEventLocatorImpl_1
3 errors


================================================================

Sample: ValidationEventLocatorImpl_2
----------------------------------------------------------------
output:
./Data/javax_xml_bind_helpers/javaFiles/ValidationEventLocatorImpl_2.java:1: error: package javax.xml.bind.helpers does not exist
import javax.xml.bind.helpers.ValidationEventLocatorImpl;
                             ^
./Data/javax_xml_bind_helpers/javaFiles/ValidationEventLocatorImpl_2.java:5: error: cannot find symbol
        ValidationEventLocatorImpl locator = new ValidationEventLocatorImpl();
        ^
  symbol:   class ValidationEventLocatorImpl
  location: class ValidationEventLocatorImpl_2
./Data/javax_xml_bind_helpers/javaFiles/ValidationEventLocatorImpl_2.java:5: error: cannot find symbol
        ValidationEventLocatorImpl locator = new ValidationEventLocatorImpl();
                                                 ^
  symbol:   class ValidationEventLocatorImpl
  location: class ValidationEventLocatorImpl_2
3 errors


================================================================

