Sample: ParameterBlock_2
----------------------------------------------------------------
stdout:
Source at index 1: source2

================================================================

Sample: RenderableImageOp_1
----------------------------------------------------------------
output:
./Data/java_awt_image_renderable/javaFiles/RenderableImageOp_1.java:8: error: constructor RenderableImageOp in class RenderableImageOp cannot be applied to given types;
        RenderableImageOp renderableImageOp = new RenderableImageOp() {
                                              ^
  required: ContextualRenderedImageFactory,ParameterBlock
  found:    no arguments
  reason: actual and formal argument lists differ in length
./Data/java_awt_image_renderable/javaFiles/RenderableImageOp_1.java:17: error: no suitable constructor found for RenderContext(int,int,int,int,<null>,<null>)
        RenderContext renderContext = new RenderContext(0, 0, 100, 100, null, null);
                                      ^
    constructor RenderContext.RenderContext(AffineTransform,Shape,RenderingHints) is not applicable
      (actual and formal argument lists differ in length)
    constructor RenderContext.RenderContext(AffineTransform) is not applicable
      (actual and formal argument lists differ in length)
    constructor RenderContext.RenderContext(AffineTransform,RenderingHints) is not applicable
      (actual and formal argument lists differ in length)
    constructor RenderContext.RenderContext(AffineTransform,Shape) is not applicable
      (actual and formal argument lists differ in length)
2 errors


================================================================

Sample: RenderableImageOp_4
----------------------------------------------------------------
output:
./Data/java_awt_image_renderable/javaFiles/RenderableImageOp_4.java:7: error: cannot find symbol
        RenderedImage renderedImage = renderableImageOp.createDefaultRendering();
                                      ^
  symbol:   variable renderableImageOp
  location: class RenderableImageOp_4
1 error


================================================================

Sample: RenderableImageProducer_1
----------------------------------------------------------------
output:
./Data/java_awt_image_renderable/javaFiles/RenderableImageProducer_1.java:6: error: constructor RenderableImageProducer in class RenderableImageProducer cannot be applied to given types;
        RenderableImageProducer rip = new RenderableImageProducer() {
                                      ^
  required: RenderableImage,RenderContext
  found:    no arguments
  reason: actual and formal argument lists differ in length
./Data/java_awt_image_renderable/javaFiles/RenderableImageProducer_1.java:15: error: <anonymous RenderableImageProducer_1$2> is not abstract and does not override abstract method imageComplete(int) in ImageConsumer
        ImageConsumer imageConsumer = new ImageConsumer() {
                                                          ^
2 errors


================================================================

Sample: RenderableImageProducer_2
----------------------------------------------------------------
output:
./Data/java_awt_image_renderable/javaFiles/RenderableImageProducer_2.java:6: error: constructor RenderableImageProducer in class RenderableImageProducer cannot be applied to given types;
        RenderableImageProducer rip = new RenderableImageProducer() {
                                      ^
  required: RenderableImage,RenderContext
  found:    no arguments
  reason: actual and formal argument lists differ in length
./Data/java_awt_image_renderable/javaFiles/RenderableImageProducer_2.java:16: error: <anonymous RenderableImageProducer_2$2> is not abstract and does not override abstract method imageComplete(int) in ImageConsumer
        ImageConsumer imageConsumer = new ImageConsumer() {
                                                          ^
2 errors


================================================================

Sample: RenderableImageProducer_3
----------------------------------------------------------------
output:
./Data/java_awt_image_renderable/javaFiles/RenderableImageProducer_3.java:6: error: constructor RenderableImageProducer in class RenderableImageProducer cannot be applied to given types;
        RenderableImageProducer rip = new RenderableImageProducer() {
                                      ^
  required: RenderableImage,RenderContext
  found:    no arguments
  reason: actual and formal argument lists differ in length
./Data/java_awt_image_renderable/javaFiles/RenderableImageProducer_3.java:14: error: <anonymous RenderableImageProducer_3$2> is not abstract and does not override abstract method imageComplete(int) in ImageConsumer
        ImageConsumer consumer = new ImageConsumer() {
                                                     ^
2 errors


================================================================

Sample: RenderContext_1
----------------------------------------------------------------
stdout:
Current AffineTransform: AffineTransform[[1.0, 0.0, 0.0], [0.0, 1.0, 0.0]]

================================================================

Sample: RenderContext_2
----------------------------------------------------------------
output:
./Data/java_awt_image_renderable/javaFiles/RenderContext_2.java:6: error: reference to RenderContext is ambiguous
        RenderContext renderContext = new RenderContext(null, null);
                                      ^
  both constructor RenderContext(AffineTransform,RenderingHints) in RenderContext and constructor RenderContext(AffineTransform,Shape) in RenderContext match
1 error


================================================================

Sample: RenderContext_5
----------------------------------------------------------------
output:
./Data/java_awt_image_renderable/javaFiles/RenderContext_5.java:6: error: reference to RenderContext is ambiguous
        RenderContext renderContext = new RenderContext(null, null);
                                      ^
  both constructor RenderContext(AffineTransform,RenderingHints) in RenderContext and constructor RenderContext(AffineTransform,Shape) in RenderContext match
1 error


================================================================

