Sample: ColorSupported_4
----------------------------------------------------------------
output:
./Data/javax_print_attribute_standard/javaFiles/ColorSupported_4.java:5: error: incompatible types: ColorSupported cannot be converted to int
        ColorSupported colorSupported = new ColorSupported(ColorSupported.SUPPORTED);
                                                                         ^
Note: Some messages have been simplified; recompile with -Xdiags:verbose to get full output
1 error


================================================================

Sample: Copies_3
----------------------------------------------------------------
output:
./Data/javax_print_attribute_standard/javaFiles/Copies_3.java:6: error: cannot find symbol
        Class<? extends Attribute> category = copies.getCategory();
                        ^
  symbol:   class Attribute
  location: class Copies_3
1 error


================================================================

Sample: Copies_4
----------------------------------------------------------------
stdout:
true

================================================================

Sample: Copies_5
----------------------------------------------------------------
stdout:
Attribute Name: copies

================================================================

Sample: DateTimeAtCreation_3
----------------------------------------------------------------
output:
./Data/javax_print_attribute_standard/javaFiles/DateTimeAtCreation_3.java:5: error: constructor DateTimeAtCreation in class DateTimeAtCreation cannot be applied to given types;
        DateTimeAtCreation dateTime1 = new DateTimeAtCreation(2022, 10, 15, 10, 30, 0);
                                       ^
  required: Date
  found:    int,int,int,int,int,int
  reason: actual and formal argument lists differ in length
./Data/javax_print_attribute_standard/javaFiles/DateTimeAtCreation_3.java:6: error: constructor DateTimeAtCreation in class DateTimeAtCreation cannot be applied to given types;
        DateTimeAtCreation dateTime2 = new DateTimeAtCreation(2022, 10, 15, 10, 30, 0);
                                       ^
  required: Date
  found:    int,int,int,int,int,int
  reason: actual and formal argument lists differ in length
2 errors


================================================================

Sample: Destination_2
----------------------------------------------------------------
output:
./Data/javax_print_attribute_standard/javaFiles/Destination_2.java:5: error: constructor Destination in class Destination cannot be applied to given types;
        Destination destination = new Destination();
                                  ^
  required: URI
  found:    no arguments
  reason: actual and formal argument lists differ in length
1 error


================================================================

Sample: Destination_5
----------------------------------------------------------------
output:
./Data/javax_print_attribute_standard/javaFiles/Destination_5.java:5: error: incompatible types: String cannot be converted to URI
        Destination dest1 = new Destination("Printer1");
                                            ^
./Data/javax_print_attribute_standard/javaFiles/Destination_5.java:6: error: incompatible types: String cannot be converted to URI
        Destination dest2 = new Destination("Printer1");
                                            ^
Note: Some messages have been simplified; recompile with -Xdiags:verbose to get full output
2 errors


================================================================

Sample: DialogTypeSelection_3
----------------------------------------------------------------
output:
./Data/javax_print_attribute_standard/javaFiles/DialogTypeSelection_3.java:5: error: cannot find symbol
        DialogTypeSelection dialogTypeSelection = new DialogTypeSelection(DialogTypeSelection.CERTIFICATE);
                                                                                             ^
  symbol:   variable CERTIFICATE
  location: class DialogTypeSelection
1 error


================================================================

Sample: DocumentName_1
----------------------------------------------------------------
output:
./Data/javax_print_attribute_standard/javaFiles/DocumentName_1.java:5: error: constructor DocumentName in class DocumentName cannot be applied to given types;
        DocumentName documentName = new DocumentName("SampleDoc");
                                    ^
  required: String,Locale
  found:    String
  reason: actual and formal argument lists differ in length
1 error


================================================================

Sample: DocumentName_4
----------------------------------------------------------------
stdout:
true

================================================================

Sample: Fidelity_3
----------------------------------------------------------------
output:
./Data/javax_print_attribute_standard/javaFiles/Fidelity_3.java:5: error: incompatible types: Fidelity cannot be converted to int
        Fidelity fidelity = new Fidelity(Fidelity.FIDELITY_FALSE);
                                                 ^
Note: Some messages have been simplified; recompile with -Xdiags:verbose to get full output
1 error


================================================================

Sample: Finishings_2
----------------------------------------------------------------
output:
./Data/javax_print_attribute_standard/javaFiles/Finishings_2.java:6: error: cannot find symbol
        Class<? extends Attribute> category = finishings.getCategory();
                        ^
  symbol:   class Attribute
  location: class Finishings_2
1 error


================================================================

Sample: Finishings_4
----------------------------------------------------------------
stdout:
Finishings name: finishings

================================================================

Sample: JobImpressionsCompleted_2
----------------------------------------------------------------
stdout:
Category: javax.print.attribute.standard.JobImpressionsCompleted

================================================================

Sample: JobImpressionsCompleted_3
----------------------------------------------------------------
stdout:
Are the JobImpressionsCompleted objects equal? true

================================================================

Sample: JobImpressionsSupported_4
----------------------------------------------------------------
stdout:
Are the JobImpressionsSupported objects equal? false

================================================================

Sample: JobKOctets_2
----------------------------------------------------------------
stdout:
Are jobKOctets1 and jobKOctets2 equal? false

================================================================

Sample: JobKOctets_3
----------------------------------------------------------------
output:
./Data/javax_print_attribute_standard/javaFiles/JobKOctets_3.java:9: error: cannot find symbol
        Class<? extends Attribute> category = jobKOctets.getCategory();
                        ^
  symbol:   class Attribute
  location: class JobKOctets_3
1 error


================================================================

Sample: JobKOctets_4
----------------------------------------------------------------
stdout:
Attribute Name: job-k-octets

================================================================

Sample: JobKOctetsProcessed_2
----------------------------------------------------------------
stdout:
Are the JobKOctetsProcessed objects equal? false

================================================================

Sample: JobKOctetsSupported_1
----------------------------------------------------------------
stdout:
Category: javax.print.attribute.standard.JobKOctetsSupported

================================================================

Sample: JobKOctetsSupported_3
----------------------------------------------------------------
stdout:
JobKOctetsSupported objects are equal

================================================================

Sample: JobKOctetsSupported_4
----------------------------------------------------------------
output:
./Data/javax_print_attribute_standard/javaFiles/JobKOctetsSupported_4.java:5: error: constructor JobKOctetsSupported in class JobKOctetsSupported cannot be applied to given types;
        JobKOctetsSupported jobKOctetsSupported = new JobKOctetsSupported(1024, 2048, 4096);
                                                  ^
  required: int,int
  found:    int,int,int
  reason: actual and formal argument lists differ in length
1 error


================================================================

Sample: JobMediaSheetsCompleted_2
----------------------------------------------------------------
output:
./Data/javax_print_attribute_standard/javaFiles/JobMediaSheetsCompleted_2.java:6: error: cannot find symbol
        Class<? extends Attribute> category = JobMediaSheetsCompleted.class.getCategory();
                                                                           ^
  symbol:   method getCategory()
  location: variable class of type Class<JobMediaSheetsCompleted>
1 error


================================================================

Sample: JobMediaSheetsCompleted_3
----------------------------------------------------------------
stdout:
Name of Job Media Sheets Completed attribute: job-media-sheets-completed

================================================================

Sample: JobMessageFromOperator_2
----------------------------------------------------------------
output:
./Data/javax_print_attribute_standard/javaFiles/JobMessageFromOperator_2.java:6: error: constructor JobMessageFromOperator in class JobMessageFromOperator cannot be applied to given types;
        JobMessageFromOperator jobMessage = new JobMessageFromOperator("Operator Message");
                                            ^
  required: String,Locale
  found:    String
  reason: actual and formal argument lists differ in length
1 error


================================================================

Sample: JobMessageFromOperator_4
----------------------------------------------------------------
output:
./Data/javax_print_attribute_standard/javaFiles/JobMessageFromOperator_4.java:5: error: constructor JobMessageFromOperator in class JobMessageFromOperator cannot be applied to given types;
        JobMessageFromOperator jobMessage1 = new JobMessageFromOperator("Message 1");
                                             ^
  required: String,Locale
  found:    String
  reason: actual and formal argument lists differ in length
./Data/javax_print_attribute_standard/javaFiles/JobMessageFromOperator_4.java:6: error: constructor JobMessageFromOperator in class JobMessageFromOperator cannot be applied to given types;
        JobMessageFromOperator jobMessage2 = new JobMessageFromOperator("Message 2");
                                             ^
  required: String,Locale
  found:    String
  reason: actual and formal argument lists differ in length
./Data/javax_print_attribute_standard/javaFiles/JobMessageFromOperator_4.java:9: error: constructor JobMessageFromOperator in class JobMessageFromOperator cannot be applied to given types;
        boolean result2 = jobMessage1.equals(new JobMessageFromOperator("Message 1"));
                                             ^
  required: String,Locale
  found:    String
  reason: actual and formal argument lists differ in length
3 errors


================================================================

Sample: JobName_3
----------------------------------------------------------------
stdout:
Are the JobNames equal? false

================================================================

Sample: JobName_4
----------------------------------------------------------------
stdout:
Category: javax.print.attribute.standard.JobName

================================================================

Sample: JobOriginatingUserName_4
----------------------------------------------------------------
output:
./Data/javax_print_attribute_standard/javaFiles/JobOriginatingUserName_4.java:5: error: constructor JobOriginatingUserName in class JobOriginatingUserName cannot be applied to given types;
        JobOriginatingUserName userName1 = new JobOriginatingUserName("Alice");
                                           ^
  required: String,Locale
  found:    String
  reason: actual and formal argument lists differ in length
./Data/javax_print_attribute_standard/javaFiles/JobOriginatingUserName_4.java:6: error: constructor JobOriginatingUserName in class JobOriginatingUserName cannot be applied to given types;
        JobOriginatingUserName userName2 = new JobOriginatingUserName("Alice");
                                           ^
  required: String,Locale
  found:    String
  reason: actual and formal argument lists differ in length
2 errors


================================================================

Sample: JobPriority_2
----------------------------------------------------------------
output:
./Data/javax_print_attribute_standard/javaFiles/JobPriority_2.java:6: error: non-static method getCategory() cannot be referenced from a static context
        Class<? extends Attribute> category = JobPriority.getCategory();
                                                         ^
1 error


================================================================

Sample: JobPrioritySupported_4
----------------------------------------------------------------
stdout:
Are priorities equal? false

================================================================

Sample: JobSheets_5
----------------------------------------------------------------
stdout:
class javax.print.attribute.standard.JobSheets

================================================================

Sample: JobState_1
----------------------------------------------------------------
output:
./Data/javax_print_attribute_standard/javaFiles/JobState_1.java:6: error: cannot find symbol
        JobState jobState = JobState.CREATED;
                                    ^
  symbol:   variable CREATED
  location: class JobState
1 error


================================================================

Sample: JobState_2
----------------------------------------------------------------
stdout:
Job state name: job-state

================================================================

Sample: JobStateReason_2
----------------------------------------------------------------
stdout:
Job State Reason Name: job-state-reason

================================================================

Sample: MediaPrintableArea_2
----------------------------------------------------------------
stdout:
Are the two MediaPrintableArea objects equal? true

================================================================

Sample: MediaPrintableArea_3
----------------------------------------------------------------
stdout:
Hash code: 392000

================================================================

Sample: MediaPrintableArea_4
----------------------------------------------------------------
stdout:
(0.0,0.0)->(100.0,100.0)mm

================================================================

Sample: MediaSize_1
----------------------------------------------------------------
output:
./Data/javax_print_attribute_standard/javaFiles/MediaSize_1.java:6: error: incompatible types: MediaSizeName cannot be converted to String
        String mediaSizeName = mediaSize.getMediaSizeName();
                                                         ^
1 error


================================================================

Sample: MediaSize_4
----------------------------------------------------------------
stdout:
Are the two MediaSizes equal? true

================================================================

Sample: MultipleDocumentHandling_2
----------------------------------------------------------------
output:
./Data/javax_print_attribute_standard/javaFiles/MultipleDocumentHandling_2.java:5: error: incompatible types: MultipleDocumentHandling cannot be converted to int
        MultipleDocumentHandling handling = new MultipleDocumentHandling(MultipleDocumentHandling.SEPARATE_DOCUMENTS_COLLATED_COPIES);
                                                                                                 ^
Note: Some messages have been simplified; recompile with -Xdiags:verbose to get full output
1 error


================================================================

Sample: NumberOfDocuments_4
----------------------------------------------------------------
stdout:
Number of documents: 5

================================================================

Sample: NumberOfInterveningJobs_3
----------------------------------------------------------------
stdout:
Attribute name: number-of-intervening-jobs

================================================================

Sample: NumberOfInterveningJobs_4
----------------------------------------------------------------
stdout:
Are the NumberOfInterveningJobs equal? true

================================================================

Sample: NumberUp_3
----------------------------------------------------------------
stdout:
Are numberUp1 and numberUp2 equal? true

================================================================

Sample: NumberUp_4
----------------------------------------------------------------
output:
./Data/javax_print_attribute_standard/javaFiles/NumberUp_4.java:5: error: cannot find symbol
        Class<? extends Attribute> category = NumberUp.category;
                        ^
  symbol:   class Attribute
  location: class NumberUp_4
./Data/javax_print_attribute_standard/javaFiles/NumberUp_4.java:5: error: cannot find symbol
        Class<? extends Attribute> category = NumberUp.category;
                                                      ^
  symbol:   variable category
  location: class NumberUp
2 errors


================================================================

Sample: NumberUp_5
----------------------------------------------------------------
stdout:
Are the NumberUp objects equal? true

================================================================

Sample: NumberUpSupported_4
----------------------------------------------------------------
stdout:
Are the NumberUpSupported objects equal? true

================================================================

Sample: PageRanges_3
----------------------------------------------------------------
stdout:
Are the PageRanges equal? true

================================================================

Sample: PagesPerMinute_2
----------------------------------------------------------------
stdout:
Category: javax.print.attribute.standard.PagesPerMinute

================================================================

Sample: PagesPerMinute_4
----------------------------------------------------------------
stdout:
Are the PagesPerMinute objects equal? true

================================================================

Sample: PagesPerMinuteColor_4
----------------------------------------------------------------
stdout:
Are the PagesPerMinuteColor objects equal? false

================================================================

Sample: PagesPerMinuteColor_5
----------------------------------------------------------------
output:
./Data/javax_print_attribute_standard/javaFiles/PagesPerMinuteColor_5.java:5: error: cannot find symbol
        Class<? extends Attribute> category = PagesPerMinuteColor.class;
                        ^
  symbol:   class Attribute
  location: class PagesPerMinuteColor_5
1 error


================================================================

Sample: PDLOverrideSupported_2
----------------------------------------------------------------
output:
./Data/javax_print_attribute_standard/javaFiles/PDLOverrideSupported_2.java:6: error: incompatible types: boolean cannot be converted to int
        PDLOverrideSupported supported = new PDLOverrideSupported(true);
                                                                  ^
Note: Some messages have been simplified; recompile with -Xdiags:verbose to get full output
1 error


================================================================

Sample: PDLOverrideSupported_3
----------------------------------------------------------------
output:
./Data/javax_print_attribute_standard/javaFiles/PDLOverrideSupported_3.java:5: error: constructor PDLOverrideSupported in class PDLOverrideSupported cannot be applied to given types;
        PDLOverrideSupported supported = new PDLOverrideSupported();
                                         ^
  required: int
  found:    no arguments
  reason: actual and formal argument lists differ in length
1 error


================================================================

Sample: PrinterInfo_1
----------------------------------------------------------------
output:
./Data/javax_print_attribute_standard/javaFiles/PrinterInfo_1.java:5: error: constructor PrinterInfo in class PrinterInfo cannot be applied to given types;
        PrinterInfo printerInfo = new PrinterInfo("Printer1");
                                  ^
  required: String,Locale
  found:    String
  reason: actual and formal argument lists differ in length
1 error


================================================================

Sample: PrinterIsAcceptingJobs_5
----------------------------------------------------------------
output:
./Data/javax_print_attribute_standard/javaFiles/PrinterIsAcceptingJobs_5.java:6: error: cannot find symbol
        PrinterIsAcceptingJobs attribute = PrinterIsAcceptingJobs.IS_ACCEPTING_JOBS;
                                                                 ^
  symbol:   variable IS_ACCEPTING_JOBS
  location: class PrinterIsAcceptingJobs
1 error


================================================================

Sample: PrinterLocation_3
----------------------------------------------------------------
output:
./Data/javax_print_attribute_standard/javaFiles/PrinterLocation_3.java:6: error: constructor PrinterLocation in class PrinterLocation cannot be applied to given types;
        PrinterLocation location = new PrinterLocation("Office");
                                   ^
  required: String,Locale
  found:    String
  reason: actual and formal argument lists differ in length
1 error


================================================================

Sample: PrinterLocation_4
----------------------------------------------------------------
output:
./Data/javax_print_attribute_standard/javaFiles/PrinterLocation_4.java:5: error: constructor PrinterLocation in class PrinterLocation cannot be applied to given types;
        PrinterLocation printerLocation = new PrinterLocation("Office Room");
                                          ^
  required: String,Locale
  found:    String
  reason: actual and formal argument lists differ in length
1 error


================================================================

Sample: PrinterMakeAndModel_4
----------------------------------------------------------------
output:
./Data/javax_print_attribute_standard/javaFiles/PrinterMakeAndModel_4.java:5: error: constructor PrinterMakeAndModel in class PrinterMakeAndModel cannot be applied to given types;
        PrinterMakeAndModel printer1 = new PrinterMakeAndModel("Canon");
                                       ^
  required: String,Locale
  found:    String
  reason: actual and formal argument lists differ in length
./Data/javax_print_attribute_standard/javaFiles/PrinterMakeAndModel_4.java:6: error: constructor PrinterMakeAndModel in class PrinterMakeAndModel cannot be applied to given types;
        PrinterMakeAndModel printer2 = new PrinterMakeAndModel("Epson");
                                       ^
  required: String,Locale
  found:    String
  reason: actual and formal argument lists differ in length
2 errors


================================================================

Sample: PrinterMessageFromOperator_2
----------------------------------------------------------------
output:
./Data/javax_print_attribute_standard/javaFiles/PrinterMessageFromOperator_2.java:5: error: constructor PrinterMessageFromOperator in class PrinterMessageFromOperator cannot be applied to given types;
        PrinterMessageFromOperator message = new PrinterMessageFromOperator("Operator message");
                                             ^
  required: String,Locale
  found:    String
  reason: actual and formal argument lists differ in length
1 error


================================================================

Sample: PrinterMessageFromOperator_3
----------------------------------------------------------------
output:
./Data/javax_print_attribute_standard/javaFiles/PrinterMessageFromOperator_3.java:6: error: constructor PrinterMessageFromOperator in class PrinterMessageFromOperator cannot be applied to given types;
        PrinterMessageFromOperator message = new PrinterMessageFromOperator("Message from operator");
                                             ^
  required: String,Locale
  found:    String
  reason: actual and formal argument lists differ in length
1 error


================================================================

Sample: PrinterName_1
----------------------------------------------------------------
stdout:
Printer Name: printer-name

================================================================

Sample: PrinterName_2
----------------------------------------------------------------
stdout:
Category: javax.print.attribute.standard.PrinterName

================================================================

Sample: PrinterName_4
----------------------------------------------------------------
stdout:
Are printer1 and printer2 equal? false

================================================================

Sample: PrinterResolution_5
----------------------------------------------------------------
stdout:
Category: javax.print.attribute.standard.PrinterResolution

================================================================

Sample: PrinterState_4
----------------------------------------------------------------
stdout:
Printer state: printer-state

================================================================

Sample: PrinterStateReason_3
----------------------------------------------------------------
stdout:
Printer state reason name: printer-state-reason

================================================================

Sample: PrinterURI_2
----------------------------------------------------------------
output:
./Data/javax_print_attribute_standard/javaFiles/PrinterURI_2.java:5: error: incompatible types: String cannot be converted to URI
        PrinterURI printer1 = new PrinterURI("http://example.com/printer1");
                                             ^
./Data/javax_print_attribute_standard/javaFiles/PrinterURI_2.java:6: error: incompatible types: String cannot be converted to URI
        PrinterURI printer2 = new PrinterURI("http://example.com/printer2");
                                             ^
Note: Some messages have been simplified; recompile with -Xdiags:verbose to get full output
2 errors


================================================================

Sample: PrinterURI_4
----------------------------------------------------------------
output:
./Data/javax_print_attribute_standard/javaFiles/PrinterURI_4.java:5: error: incompatible types: String cannot be converted to URI
        PrinterURI printerURI = new PrinterURI("http://example.com/printer");
                                               ^
Note: Some messages have been simplified; recompile with -Xdiags:verbose to get full output
1 error


================================================================

Sample: PrinterURI_5
----------------------------------------------------------------
output:
./Data/javax_print_attribute_standard/javaFiles/PrinterURI_5.java:6: error: incompatible types: String cannot be converted to URI
        PrinterURI printerURI = new PrinterURI("http://example.com/printer");
                                               ^
Note: Some messages have been simplified; recompile with -Xdiags:verbose to get full output
1 error


================================================================

Sample: PrintQuality_4
----------------------------------------------------------------
output:
./Data/javax_print_attribute_standard/javaFiles/PrintQuality_4.java:6: error: cannot find symbol
        Class<? extends Attribute> category = PrintQuality.class.getCategory();
                                                                ^
  symbol:   method getCategory()
  location: variable class of type Class<PrintQuality>
1 error


================================================================

Sample: PrintQuality_5
----------------------------------------------------------------
stdout:
Print Quality Name: print-quality

================================================================

Sample: QueuedJobCount_3
----------------------------------------------------------------
stdout:
Are the job counts equal? true

================================================================

Sample: QueuedJobCount_5
----------------------------------------------------------------
stdout:
Category: javax.print.attribute.standard.QueuedJobCount

================================================================

Sample: ReferenceUriSchemesSupported_1
----------------------------------------------------------------
output:
./Data/javax_print_attribute_standard/javaFiles/ReferenceUriSchemesSupported_1.java:5: error: incompatible types: String cannot be converted to int
        ReferenceUriSchemesSupported attribute = new ReferenceUriSchemesSupported("http");
                                                                                  ^
Note: Some messages have been simplified; recompile with -Xdiags:verbose to get full output
1 error


================================================================

Sample: ReferenceUriSchemesSupported_5
----------------------------------------------------------------
output:
./Data/javax_print_attribute_standard/javaFiles/ReferenceUriSchemesSupported_5.java:6: error: constructor ReferenceUriSchemesSupported in class ReferenceUriSchemesSupported cannot be applied to given types;
        ReferenceUriSchemesSupported reference = new ReferenceUriSchemesSupported("http", "ftp");
                                                 ^
  required: int
  found:    String,String
  reason: actual and formal argument lists differ in length
1 error


================================================================

Sample: RequestingUserName_3
----------------------------------------------------------------
output:
./Data/javax_print_attribute_standard/javaFiles/RequestingUserName_3.java:5: error: constructor RequestingUserName in class RequestingUserName cannot be applied to given types;
        RequestingUserName userName = new RequestingUserName("John Doe");
                                      ^
  required: String,Locale
  found:    String
  reason: actual and formal argument lists differ in length
1 error


================================================================

Sample: Severity_2
----------------------------------------------------------------
output:
./Data/javax_print_attribute_standard/javaFiles/Severity_2.java:5: error: incompatible types: Severity cannot be converted to int
        Severity severity = new Severity(Severity.REPORT);
                                                 ^
Note: Some messages have been simplified; recompile with -Xdiags:verbose to get full output
1 error


================================================================

Sample: SheetCollate_4
----------------------------------------------------------------
stdout:
Sheet collate attribute name: sheet-collate

================================================================

Sample: Sides_2
----------------------------------------------------------------
output:
./Data/javax_print_attribute_standard/javaFiles/Sides_2.java:5: error: cannot find symbol
        Sides sides = Sides.BOTH;
                           ^
  symbol:   variable BOTH
  location: class Sides
1 error


================================================================

Sample: Sides_3
----------------------------------------------------------------
output:
./Data/javax_print_attribute_standard/javaFiles/Sides_3.java:6: error: constructor Sides in class Sides cannot be applied to given types;
        Attribute attribute = new Sides();
                              ^
  required: int
  found:    no arguments
  reason: actual and formal argument lists differ in length
1 error


================================================================

Sample: Sides_4
----------------------------------------------------------------
stdout:
Name of sides: sides

================================================================

Sample: Sides_5
----------------------------------------------------------------
output:
./Data/javax_print_attribute_standard/javaFiles/Sides_5.java:5: error: cannot find symbol
        Sides sides = Sides.values()[0];
                           ^
  symbol:   method values()
  location: class Sides
1 error


================================================================

