Sample: AppConfigurationEntry_3
----------------------------------------------------------------
output:
./Data/javax_security_auth_login/javaFiles/AppConfigurationEntry_3.java:5: error: constructor AppConfigurationEntry in class AppConfigurationEntry cannot be applied to given types;
        AppConfigurationEntry entry = new AppConfigurationEntry();
                                      ^
  required: String,LoginModuleControlFlag,Map<String,?>
  found:    no arguments
  reason: actual and formal argument lists differ in length
1 error


================================================================

Sample: AppConfigurationEntry_LoginModuleControlFlag_1
----------------------------------------------------------------
stdout:
LoginModuleControlFlag: required

================================================================

Sample: Configuration_1
----------------------------------------------------------------
stdout:
No entries found for the specified name.

================================================================

Sample: Configuration_2
----------------------------------------------------------------
================================================================

Sample: Configuration_3
----------------------------------------------------------------
output:
./Data/javax_security_auth_login/javaFiles/Configuration_3.java:5: error: Configuration is abstract; cannot be instantiated
        Configuration configuration = new Configuration();
                                      ^
1 error


================================================================

Sample: LoginContext_1
----------------------------------------------------------------
output:
./Data/javax_security_auth_login/javaFiles/LoginContext_1.java:7: error: cannot find symbol
            LoginContext lc = new LoginContext("Sample", new SampleCallbackHandler());
                                                             ^
  symbol:   class SampleCallbackHandler
  location: class LoginContext_1
1 error


================================================================

Sample: LoginContext_2
----------------------------------------------------------------
output:
./Data/javax_security_auth_login/javaFiles/LoginContext_2.java:7: error: cannot find symbol
            LoginContext lc = new LoginContext("Sample", new SampleCallbackHandler());
                                                             ^
  symbol:   class SampleCallbackHandler
  location: class LoginContext_2
1 error


================================================================

Sample: LoginContext_3
----------------------------------------------------------------
output:
./Data/javax_security_auth_login/javaFiles/LoginContext_3.java:6: error: cannot find symbol
        LoginContext loginContext = new LoginContext("Sample", new SampleCallbackHandler());
                                                                   ^
  symbol:   class SampleCallbackHandler
  location: class LoginContext_3
1 error


================================================================

