Sample: DSAPrivateKeySpec_2
----------------------------------------------------------------
output:
./Data/java_security_spec/javaFiles/DSAPrivateKeySpec_2.java:14: error: cannot find symbol
        DSAPrivateKeySpec privateKeySpec = keyPairGenerator.getKeyFactory().getKeySpec(keyPair.getPrivate(), DSAPrivateKeySpec.class);
                                                           ^
  symbol:   method getKeyFactory()
  location: variable keyPairGenerator of type KeyPairGenerator
1 error


================================================================

Sample: DSAPrivateKeySpec_3
----------------------------------------------------------------
output:
./Data/java_security_spec/javaFiles/DSAPrivateKeySpec_3.java:14: error: cannot find symbol
        DSAPrivateKeySpec privateKeySpec = keyPairGenerator.getKeyFactory().getKeySpec(keyPair.getPrivate(), DSAPrivateKeySpec.class);
                                                           ^
  symbol:   method getKeyFactory()
  location: variable keyPairGenerator of type KeyPairGenerator
1 error


================================================================

Sample: DSAPrivateKeySpec_4
----------------------------------------------------------------
output:
./Data/java_security_spec/javaFiles/DSAPrivateKeySpec_4.java:12: error: method getPrivate in class KeyPair cannot be applied to given types;
        DSAPrivateKeySpec dsaPrivateKeySpec = keyPair.getPrivate(DSAPrivateKeySpec.class);
                                                     ^
  required: no arguments
  found:    Class<DSAPrivateKeySpec>
  reason: actual and formal argument lists differ in length
1 error


================================================================

Sample: DSAPrivateKeySpec_5
----------------------------------------------------------------
output:
./Data/java_security_spec/javaFiles/DSAPrivateKeySpec_5.java:12: error: cannot find symbol
        DSAPrivateKeySpec dsaPrivateKeySpec = new DSAPrivateKeySpec(keyPair.getPrivate().getPrivateExponent(), keyPair.getPrivate().getParams().getP(), keyPair.getPrivate().getParams().getQ(), keyPair.getPrivate().getParams().getG());
                                                                                        ^
  symbol:   method getPrivateExponent()
  location: interface PrivateKey
./Data/java_security_spec/javaFiles/DSAPrivateKeySpec_5.java:12: error: cannot find symbol
        DSAPrivateKeySpec dsaPrivateKeySpec = new DSAPrivateKeySpec(keyPair.getPrivate().getPrivateExponent(), keyPair.getPrivate().getParams().getP(), keyPair.getPrivate().getParams().getQ(), keyPair.getPrivate().getParams().getG());
                                                                                                                                   ^
  symbol:   method getParams()
  location: interface PrivateKey
./Data/java_security_spec/javaFiles/DSAPrivateKeySpec_5.java:12: error: cannot find symbol
        DSAPrivateKeySpec dsaPrivateKeySpec = new DSAPrivateKeySpec(keyPair.getPrivate().getPrivateExponent(), keyPair.getPrivate().getParams().getP(), keyPair.getPrivate().getParams().getQ(), keyPair.getPrivate().getParams().getG());
                                                                                                                                                                            ^
  symbol:   method getParams()
  location: interface PrivateKey
./Data/java_security_spec/javaFiles/DSAPrivateKeySpec_5.java:12: error: cannot find symbol
        DSAPrivateKeySpec dsaPrivateKeySpec = new DSAPrivateKeySpec(keyPair.getPrivate().getPrivateExponent(), keyPair.getPrivate().getParams().getP(), keyPair.getPrivate().getParams().getQ(), keyPair.getPrivate().getParams().getG());
                                                                                                                                                                                                                     ^
  symbol:   method getParams()
  location: interface PrivateKey
4 errors


================================================================

Sample: DSAPublicKeySpec_2
----------------------------------------------------------------
output:
./Data/java_security_spec/javaFiles/DSAPublicKeySpec_2.java:14: error: cannot find symbol
        DSAPublicKeySpec publicKeySpec = keyPairGenerator.getKeyFactory().getKeySpec(keyPair.getPublic(), DSAPublicKeySpec.class);
                                                         ^
  symbol:   method getKeyFactory()
  location: variable keyPairGenerator of type KeyPairGenerator
1 error


================================================================

Sample: DSAPublicKeySpec_3
----------------------------------------------------------------
output:
./Data/java_security_spec/javaFiles/DSAPublicKeySpec_3.java:14: error: cannot find symbol
        DSAPublicKeySpec publicKeySpec = keyPairGenerator.getKeyFactory().getKeySpec(keyPair.getPublic(), DSAPublicKeySpec.class);
                                                         ^
  symbol:   method getKeyFactory()
  location: variable keyPairGenerator of type KeyPairGenerator
1 error


================================================================

Sample: DSAPublicKeySpec_4
----------------------------------------------------------------
output:
./Data/java_security_spec/javaFiles/DSAPublicKeySpec_4.java:14: error: cannot find symbol
        DSAPublicKeySpec publicKeySpec = keyPairGenerator.getKeyFactory().getKeySpec(keyPair.getPublic(), DSAPublicKeySpec.class);
                                                         ^
  symbol:   method getKeyFactory()
  location: variable keyPairGenerator of type KeyPairGenerator
1 error


================================================================

Sample: ECFieldF2m_2
----------------------------------------------------------------
stdout:
The value of m is: 10

================================================================

Sample: ECFieldFp_2
----------------------------------------------------------------
stdout:
The prime p of this prime finite field is: 17

================================================================

Sample: ECPrivateKeySpec_2
----------------------------------------------------------------
output:
./Data/java_security_spec/javaFiles/ECPrivateKeySpec_2.java:20: error: cannot find symbol
        ECPrivateKeySpec privSpec = kp.getPrivate().getPrivateKey().getPrivateKey();
                                                   ^
  symbol:   method getPrivateKey()
  location: interface PrivateKey
1 error


================================================================

Sample: ECPrivateKeySpec_3
----------------------------------------------------------------
output:
./Data/java_security_spec/javaFiles/ECPrivateKeySpec_3.java:29: error: cannot find symbol
        ECPrivateKeySpec privKeySpec = kp.getPrivate().getECPrivateKey();
                                                      ^
  symbol:   method getECPrivateKey()
  location: interface PrivateKey
./Data/java_security_spec/javaFiles/ECPrivateKeySpec_3.java:36: error: cannot find symbol
        System.out.println("G: " + params.getG());
                                         ^
  symbol:   method getG()
  location: variable params of type ECParameterSpec
./Data/java_security_spec/javaFiles/ECPrivateKeySpec_3.java:37: error: cannot find symbol
        System.out.println("N: " + params.getN());
                                         ^
  symbol:   method getN()
  location: variable params of type ECParameterSpec
./Data/java_security_spec/javaFiles/ECPrivateKeySpec_3.java:38: error: cannot find symbol
        System.out.println("H: " + params.getH());
                                         ^
  symbol:   method getH()
  location: variable params of type ECParameterSpec
./Data/java_security_spec/javaFiles/ECPrivateKeySpec_3.java:39: error: cannot find symbol
        System.out.println("Seed: " + params.getSeed());
                                            ^
  symbol:   method getSeed()
  location: variable params of type ECParameterSpec
5 errors


================================================================

Sample: ECPublicKeySpec_2
----------------------------------------------------------------
output:
./Data/java_security_spec/javaFiles/ECPublicKeySpec_2.java:20: error: cannot find symbol
        ECParameterSpec params = publicKey.getParams();
                                          ^
  symbol:   method getParams()
  location: variable publicKey of type PublicKey
./Data/java_security_spec/javaFiles/ECPublicKeySpec_2.java:23: error: cannot find symbol
        ECPoint w = ((ECPublicKeySpec) publicKey.getSpec()).getW();
                                                ^
  symbol:   method getSpec()
  location: variable publicKey of type PublicKey
2 errors


================================================================

Sample: ECPublicKeySpec_3
----------------------------------------------------------------
output:
./Data/java_security_spec/javaFiles/ECPublicKeySpec_3.java:13: error: cannot find symbol
        ECPublicKeySpec pubKeySpec = new ECPublicKeySpec(kp.getPublic().getW(), kp.getPublic().getParams());
                                                                       ^
  symbol:   method getW()
  location: interface PublicKey
./Data/java_security_spec/javaFiles/ECPublicKeySpec_3.java:13: error: cannot find symbol
        ECPublicKeySpec pubKeySpec = new ECPublicKeySpec(kp.getPublic().getW(), kp.getPublic().getParams());
                                                                                              ^
  symbol:   method getParams()
  location: interface PublicKey
2 errors


================================================================

Sample: EllipticCurve_2
----------------------------------------------------------------
stdout:
The value of a is: 1

================================================================

Sample: EllipticCurve_3
----------------------------------------------------------------
stderr:
Exception in thread "main" java.lang.IllegalArgumentException: first coefficient is negative
	at java.base/java.security.spec.EllipticCurve.checkValidity(EllipticCurve.java:59)
	at java.base/java.security.spec.EllipticCurve.<init>(EllipticCurve.java:112)
	at java.base/java.security.spec.EllipticCurve.<init>(EllipticCurve.java:83)
	at EllipticCurve_3.main(EllipticCurve_3.java:13)

================================================================

Sample: EllipticCurve_5
----------------------------------------------------------------
stderr:
Exception in thread "main" java.lang.IllegalArgumentException: first coefficient is negative
	at java.base/java.security.spec.EllipticCurve.checkValidity(EllipticCurve.java:59)
	at java.base/java.security.spec.EllipticCurve.<init>(EllipticCurve.java:112)
	at java.base/java.security.spec.EllipticCurve.<init>(EllipticCurve.java:83)
	at EllipticCurve_5.main(EllipticCurve_5.java:13)

================================================================

Sample: EllipticCurve_6
----------------------------------------------------------------
output:
./Data/java_security_spec/javaFiles/EllipticCurve_6.java:14: error: constructor ECParameterSpec in class ECParameterSpec cannot be applied to given types;
        ECParameterSpec spec = new ECParameterSpec(field, point, new BigInteger("115792089210356248762697446949407573530086143415290314195533631308867097853948"), 1, new BigInteger("41058363725152142129326129780047268409114441015993725554835256314039467401291"));
                               ^
  required: EllipticCurve,ECPoint,BigInteger,int
  found:    ECFieldFp,ECPoint,BigInteger,int,BigInteger
  reason: actual and formal argument lists differ in length
./Data/java_security_spec/javaFiles/EllipticCurve_6.java:15: error: cannot find symbol
        EllipticCurve curve = new EllipticCurve(spec);
        ^
  symbol:   class EllipticCurve
  location: class EllipticCurve_6
./Data/java_security_spec/javaFiles/EllipticCurve_6.java:15: error: cannot find symbol
        EllipticCurve curve = new EllipticCurve(spec);
                                  ^
  symbol:   class EllipticCurve
  location: class EllipticCurve_6
3 errors


================================================================

Sample: EncodedKeySpec_2
----------------------------------------------------------------
stdout:
Public key encoded: 0ï¿½ï¿½0	*ï¿½Hï¿½ï¿½ ï¿½ï¿½ 0ï¿½ï¿½ï¿½ï¿½ ï¿½bï¿½ï¿½ï¿½H}ÔšzÑ½ï¿½@ï¿½gï¿½ï¿½	,/ï¿½ï¿½ï¿½;ï¿½/ï¿½ï¿½Oï¿½ï¿½+\ï¿½XgOï¿½ï¿½ï¿½ï¿½ï¿½Nï¿½ï¿½ï¿½ï¿½ï¿½ï¿½ï¿½YÂ‡ï¿½Aï¿½ï¿½fHï¿½ï¿½^ï¿½ï¿½ï¿½iï¿½$ï¿½ï¿½6Wï¿½ï¿½_ï¿½Ö¦oqï¿½Vï¿½ï¿½6[ï¿½ï¿½@ï¿½ï¿½Eï¿½jï¿½ï¿½Sï¿½ï¿½ï¿½ï¿½$ï¿½ï¿½ï¿½ï¿½dï¿½<~ï¿½ 
Private key encoded: 0ï¿½v 0	*ï¿½Hï¿½ï¿½ ï¿½`0ï¿½\ ï¿½ï¿½ ï¿½bï¿½ï¿½ï¿½H}ÔšzÑ½ï¿½@ï¿½gï¿½ï¿½	,/ï¿½ï¿½ï¿½;ï¿½/ï¿½ï¿½Oï¿½ï¿½+\ï¿½XgOï¿½ï¿½ï¿½ï¿½ï¿½Nï¿½ï¿½ï¿½ï¿½ï¿½ï¿½ï¿½YÂ‡ï¿½Aï¿½ï¿½fHï¿½ï¿½^ï¿½ï¿½ï¿½iï¿½$ï¿½ï¿½6Wï¿½ï¿½_ï¿½Ö¦oqï¿½Vï¿½ï¿½6[ï¿½ï¿½@ï¿½ï¿½Eï¿½jï¿½ï¿½Sï¿½ï¿½ï¿½ï¿½$ï¿½ï¿½ï¿½ï¿½dï¿½<~ï¿½ ï¿½ï¿½=mÎ¼ï¿½ï¿½ï¿½Û¸E:Bmï¿½Kï¿½ï¿½ï¿½<dï¿½ï¿½ ï¿½ï¿½Dï¿½ï¿½ï¿½?ï¿½oï¿½as
ï¿½ï¿½
,ï¿½(@3/ï¿½ï¿½ï¿½kï¿½$FR]ï¿½ï¿½Qï¿½fï¿½ï¿½Nï¿½ï¿½ï¿½`ï¿½ï¿½bï¿½ï¿½_ï¿½,ï¿½Iï¿½Â±<ï¿½Í®2ï¿½&ï¿½Sï¿½@ï¿½ï¿½hï¿½@Aï¿½ï¿½*ï¿½ï¿½ï¿½ï¿½R	ï¿½+Elï¿½ï¿½ï¿½ï¿½ï¿½A ï¿½sxï¿½Pï¿½È–ï¿½ï¿½F{ï¿½Yï¿½ï¿½ï¿½ooï¿½*ï¿½ï¿½xmqdï¿½[ï¿½ï¿½ï¿½Ê¢ï¿½ï¿½ï¿½ï¿½@%"ï¿½b<ï¿½ï¿½ï¿½ï¿½ï¿½ï¿½,%pï¿½nï¿½A Ú²ï¿½dï¿½ï¿½ï¿½ï¿½Gï¿½ï¿½ï¿½.ï¿½W5ï¿½ï¿½ï¿½Vï¿½?ï¿½>ï¿½`ï¿½{ï¿½ï¿½Üï¿½ï¿½~ï¿½ ï¿½ï¿½ï¿½ï¿½-ï¿½1`ï¿½/Xï¿½ï¿½ï¿½ï¿½A ï¿½ï¿½
3ï¿½#ï¿½Ö¤ï¿½ï¿½X&ï¿½ï¿½ï¿½Neï¿½Smï¿½'fUi	ï¿½T"ï¿½ï¿½ï¿½ï¿½ï¿½ï¿½2;ï¿½qiï¿½'ï¿½ï¿½ï¿½ï¿½ ^Çï¿½ï¿½Kï¿½ï¿½@n_.n#ï¿½ï¿½ï¿½ï¿½ï¿½ï¿½Æ£xcï¿½tKï¿½ï¿½ï¿½ ï¿½ï¿½ï¿½	2ï¿½ï¿½ï¿½ï¿½)b/ï¿½ï¿½ï¿½[Bï¿½ï¿½T"ï¿½Wï¿½ï¿½ï¿½-C]<ï¿½ï¿½Wï¿½m@@ aï¿½ï¿½ ï¿½ï¿½Êï¿½N^ï¿½]fNï¿½Ò‡\@
kï¿½Bï¿½ï¿½$qQ
ï¿½ï¿½ï¿½@ï¿½b/\{-ï¿½ï¿½ï¿½&ï¿½ï¿½Ì’
60;Xï¿½

================================================================

Sample: EncodedKeySpec_3
----------------------------------------------------------------
output:
./Data/java_security_spec/javaFiles/EncodedKeySpec_3.java:26: error: exception InvalidKeySpecException is never thrown in body of corresponding try statement
        } catch (NoSuchAlgorithmException | InvalidKeySpecException e) {
                                            ^
1 error


================================================================

Sample: PKCS8EncodedKeySpec_2
----------------------------------------------------------------
stdout:
0ï¿½ï¿½ 0	*ï¿½Hï¿½ï¿½ ï¿½ï¿½0ï¿½ï¿½ ï¿½ ï¿½ï¿½ï¿½ylï¿½ï¿½.ï¿½ï¿½5ï¿½:Rjtï¿½_ï¿½iï¿½ï¿½moï¿½]ï¿½@ï¿½ï¿½ï¿½1lï¿½ï¿½ï¿½ï¿½Û¬%ï¿½ï¿½ï¿½ï¿½ï¿½ï¿½ï¿½ï¿½bS-ï¿½[ ï¿½ï¿½ï¿½Mï¿½Jï¿½ï¿½Uï¿½ï¿½ï¿½ï¿½ï¿½sï¿½Y- ï¿½_cï¿½Nï¿½ï¿½ï¿½ ï¿½ï¿½\oï¿½iï¿½ï¿½ï¿½`ï¿½ï¿½lï¿½uï¿½ï¿½p>Eï¿½GRMï¿½ï¿½wï¿½ï¿½ï¿½ï¿½ï¿½ï¿½ï¿½bï¿½ï¿½[MÍƒï¿½ï¿½3ï¿½jï¿½ï¿½Rï¿½ï¿½2ï¿½ï¿½ï¿½ï¿½28ï¿½#ï¿½ï¿½h'ï¿½ï¿½Ş„^rDï¿½ï¿½{ï¿½ÉŸï¿½^"ï¿½Jï¿½ï¿½ï¿½?%[fï¿½ï¿½Lmï¿½ï¿½ï¿½ï¿½GYï¿½ï¿½ï¿½Ahï¿½ï¿½ï¿½ï¿½ï¿½Zï¿½ï¿½tï¿½7ï¿½ï¿½î¿’{ï¿½Fï¿½Bmï¿½ï¿½ï¿½ï¿½ï¿½/ï¿½ï¿½Orï¿½ï¿½>y,/ï¿½ ï¿½ Sï¿½ï¿½(dï¿½lfIï¿½Dï¿½Tï¿½-ï¿½ï¿½ï¿½ï¿½Õ¿ï¿½ï¿½Éƒï¿½ï¿½-Tï¿½~-ï¿½ï¿½ï¿½ï¿½!Fï¿½!ï¿½5(ï¿½*"Ğ…$ï¿½ï¿½aĞµï¿½UÑ¶/ï¿½UoYg	 ï¿½ï¿½Ùï¿½ï¿½ï¿½Gï¿½ï¿½ï¿½ï¿½Vï¿½ï¿½lY@ï¿½ï¿½VJWWï¿½ï¿½ï¿½ï¿½ï¿½ï¿½ï¿½ï¿½ï¿½ï¿½	ï¿½ï¿½ï¿½ï¿½ï¿½]ï¿½vï¿½ï¿½tï¿½ï¿½sï¿½^)
|iï¿½}jï¿½ï¿½ï¿½ï¿½ï¿½`Ş£ï¿½ï¿½ï¿½cï¿½ï¿½ï¿½kEï¿½ï¿½nï¿½ï¿½Ş²ï¿½CÉ«ï¿½cwrAï¿½x!ï¿½4ï¿½ï¿½-{ï¿½2ï¿½ï¿½J;ï¿½0(lï¿½0ï¿½hVï¿½2ï¿½ï¿½Eï¿½ï¿½ï¿½%ï¿½$4JD	0dÚ´ï¿½J=`T0ï¿½ï¿½eï¿½ï¿½ ï¿½ï¿½ï¿½}j[ï¿½ï¿½ß˜Wï¿½ï¿½iï¿½ï¿½Åµï¿½ï¿½ï¿½ï¿½ ï¿½ï¿½RÈ…ï¿½qï¿½ï¿½ï¿½ï¿½3Uï¿½ï¿½Oï¿½ï¿½h:ï¿½ï¿½.ï¿½ï¿½ĞŒï¿½ï¿½?\ï¿½ï¿½ï¿½ï¿½ï¿½ï¿½;ï¿½ï¿½ï¿½ï¿½@Åªï¿½ï¿½ï¿½#eï¿½oï¿½zVcï¿½ï¿½ï¿½ï¿½:ï¿½Yï¿½xG^ï¿½ï¿½LUï¿½ï¿½ï¿½Ùµ.Rï¿½ï¿½ï¿½;qï¿½Sï¿½kbï¿½A7Rï¿½ï¿½ï¿½( ï¿½ï¿½ï¿½ï¿½ï¿½Uyc,ï¿½ï¿½ï¿½{ï¿½aï¿½Ä·ï¿½ï¿½ ï¿½'ï¿½ï¿½ï¿½ï¿½Æ¨ï¿½ï¿½w]ï¿½ï¿½ï¿½rï¿½ï¿½?ï¿½0ï¿½ï¿½'ï¿½X$Mï¿½
ï¿½ï¿½ï¿½ï¿½!Îœ1rï¿½ï¿½mï¿½g!vï¿½ï¿½Ï¯ï¿½ï¿½æ¢»MLLï¿½ :ï¿½ï¿½Ñˆï¿½Oï¿½ï¿½ï¿½ï¿½ï¿½ï¿½W\ï¿½ï¿½ï¿½ï¿½ï¿½ï¿½ï¿½ï¿½ï¿½<ï¿½ï¿½ï¿½ï¿½ï¿½$Jd$<ï¿½2*ï¿½ï¿½ï¿½Mï¿½ï¿½@@ï¿½K>ï¿½dï¿½Uï¿½ï¿½ ï¿½,ï¿½ï¿½ï¿½Bï¿½R*ï¿½$Uï¿½Aï¿½ï¿½6ï¿½ï¿½tï¿½e+pï¿½ï¿½
ï¿½Gï¿½]ï¿½ï¿½ï¿½wÉœNï¿½h7ï¿½SzSï¿½Hï¿½ï¿½Aï¿½ywZï¿½ï¿½Ubï¿½^uï¿½ÔŸï¿½ï¿½6Oï¿½ï¿½ï¿½DÏï¿½ï¿½ï¿½ï¿½tï¿½ï¿½ï¿½ï¿½~b8ï¿½ï¿½ï¿½ï¿½ï¿½nï¿½sï¿½PR<ï¿½@ï¿½%Aï¿½'ï¿½2\Xï¿½&ï¿½=ï¿½ï¿½ï¿½ ï¿½ï¿½ï¿½6ï¿½jLï¿½tï¿½ï¿½ï¿½ï¿½ï¿½j}#ï¿½Wï¿½ï¿½xï¿½,ï¿½Óµ!Dï¿½ï¿½]ï¿½nï¿½ï¿½ï¿½ï¿½ï¿½ï¿½@f	wï¿½2NPï¿½ï¿½4iï¿½Iï¿½ï¿½y^>K9,Wqï¿½[ì—‰3ï¿½Kehï¿½Sï¿½Y:zï¿½`96ï¿½0ï¿½lpï¿½yÓ‚mï¿½ï¿½ï¿½Ş²Iï¿½}f)6ï¿½Aï¿½ï¿½ï¿½ ï¿½[ï¿½^\zï¿½ï¿½ï¿½s-Qï¿½Ô·ï¿½ï¿½ï¿½ï¿½ï¿½1ï¿½l( fCï¿½ï¿½ï¿½ï¿½Oï¿½.kï¿½ï¿½>lï¿½]Æ˜ï¿½'>ï¿½;ï¿½Eï¿½ï¿½\ï¿½=ï¿½G>ï¿½ï¿½)ya2uï¿½ï¿½ï¿½ï¿½ï¿½ï¿½ï¿½
ï¿½ï¿½Fï¿½63rï¿½ï¿½DjRï¿½ï¿½tAï¿½\ï¿½Nï¿½ï¿½ï¿½_<å’ 6	 "&9hwjï¿½ï¿½E

================================================================

Sample: PKCS8EncodedKeySpec_3
----------------------------------------------------------------
stderr:
Exception in thread "main" java.lang.IllegalArgumentException: Illegal base64 character 2e
	at java.base/java.util.Base64$Decoder.decode0(Base64.java:848)
	at java.base/java.util.Base64$Decoder.decode(Base64.java:566)
	at java.base/java.util.Base64$Decoder.decode(Base64.java:589)
	at PKCS8EncodedKeySpec_3.main(PKCS8EncodedKeySpec_3.java:11)

================================================================

Sample: PSSParameterSpec_2
----------------------------------------------------------------
output:
./Data/java_security_spec/javaFiles/PSSParameterSpec_2.java:5: error: no suitable constructor found for PSSParameterSpec(String,String,int,int)
        PSSParameterSpec pssParameterSpec = new PSSParameterSpec("SHA-256", "MGF1", 32, 1);
                                            ^
    constructor PSSParameterSpec.PSSParameterSpec() is not applicable
      (actual and formal argument lists differ in length)
    constructor PSSParameterSpec.PSSParameterSpec(String,String,AlgorithmParameterSpec,int,int) is not applicable
      (actual and formal argument lists differ in length)
    constructor PSSParameterSpec.PSSParameterSpec(int) is not applicable
      (actual and formal argument lists differ in length)
1 error


================================================================

Sample: RSAKeyGenParameterSpec_1
----------------------------------------------------------------
stdout:
Public Exponent: 65537

================================================================

Sample: RSAKeyGenParameterSpec_2
----------------------------------------------------------------
output:
./Data/java_security_spec/javaFiles/RSAKeyGenParameterSpec_2.java:12: error: cannot find symbol
        RSAKeyGenParameterSpec keySpec = (RSAKeyGenParameterSpec) keyPairGenerator.getParameters();
                                                                                  ^
  symbol:   method getParameters()
  location: variable keyPairGenerator of type KeyPairGenerator
1 error


================================================================

Sample: RSAOtherPrimeInfo_3
----------------------------------------------------------------
stdout:
Prime: 1234567890

================================================================

Sample: RSAPrivateCrtKeySpec_3
----------------------------------------------------------------
output:
./Data/java_security_spec/javaFiles/RSAPrivateCrtKeySpec_3.java:13: error: cannot find symbol
        RSAPrivateCrtKeySpec privateCrtKeySpec = keyPair.getPrivate().getPrivateCrtKeySpec();
                                                                     ^
  symbol:   method getPrivateCrtKeySpec()
  location: interface PrivateKey
1 error


================================================================

Sample: RSAPrivateCrtKeySpec_5
----------------------------------------------------------------
output:
./Data/java_security_spec/javaFiles/RSAPrivateCrtKeySpec_5.java:13: error: cannot find symbol
        RSAPrivateCrtKeySpec privateCrtKeySpec = keyPair.getPrivate().getPrivateKey().getPrivateKey().getPrivate();
                                                                     ^
  symbol:   method getPrivateKey()
  location: interface PrivateKey
1 error


================================================================

Sample: RSAPrivateCrtKeySpec_6
----------------------------------------------------------------
output:
./Data/java_security_spec/javaFiles/RSAPrivateCrtKeySpec_6.java:13: error: cannot find symbol
        RSAPrivateCrtKeySpec privateCrtKeySpec = keyPair.getPrivate().getPrivateKey().getPrivateKey().getPrivate();
                                                                     ^
  symbol:   method getPrivateKey()
  location: interface PrivateKey
1 error


================================================================

Sample: RSAPublicKeySpec_2
----------------------------------------------------------------
output:
./Data/java_security_spec/javaFiles/RSAPublicKeySpec_2.java:15: error: incompatible types: byte[] cannot be converted to RSAPublicKeySpec
        RSAPublicKeySpec publicKeySpec = keyPair.getPublic().getEncoded();
                                                                       ^
1 error


================================================================

Sample: RSAPublicKeySpec_3
----------------------------------------------------------------
output:
./Data/java_security_spec/javaFiles/RSAPublicKeySpec_3.java:15: error: cannot find symbol
        RSAPublicKeySpec publicKeySpec = keyPairGenerator.getKeyFactory().getKeySpec(keyPair.getPublic(), RSAPublicKeySpec.class);
                                                         ^
  symbol:   method getKeyFactory()
  location: variable keyPairGenerator of type KeyPairGenerator
1 error


================================================================

Sample: X509EncodedKeySpec_2
----------------------------------------------------------------
stdout:
48 -126 1 34 48 13 6 9 42 -122 72 -122 -9 13 1 1 1 5 0 3 -126 1 15 0 48 -126 1 10 2 -126 1 1 0 -84 -1 -14 -30 -41 -110 111 111 -121 -61 -105 -9 -78 0 -60 -75 23 -20 -43 54 42 -41 81 73 123 -102 58 13 49 -63 -106 -23 -22 -120 -3 122 9 -44 87 76 10 -12 35 85 -92 -52 85 -23 23 10 126 -20 79 20 16 2 -26 -50 -21 95 -78 0 63 -75 -91 -79 34 -124 62 105 89 -73 74 -5 -79 -62 -62 104 -21 1 -27 -117 -47 -110 -122 -9 -95 -19 -87 10 42 63 40 21 34 -5 -28 72 59 77 5 -63 33 103 -116 29 -60 6 69 3 -70 -53 13 126 -50 -47 26 61 -81 36 -4 -57 92 3 -94 -30 -107 83 17 -45 -114 47 126 -105 78 101 77 115 -8 -75 74 70 -63 75 -103 -15 125 -49 -65 6 104 -103 33 -38 68 -74 -18 126 120 99 -27 106 14 91 -94 92 -27 -60 -106 -100 103 8 -96 -127 -59 70 -54 30 -66 -125 2 -84 -113 118 -24 -124 -128 -114 50 -69 57 18 -19 1 31 56 -25 -88 -61 -5 64 -125 -69 -20 71 86 116 -115 -96 81 -109 48 -38 -95 60 87 116 -43 62 -54 35 -110 55 -116 87 -25 -63 -59 84 -38 75 76 87 -82 -13 -76 -28 -27 -42 -18 47 -41 -61 -18 13 -94 71 -54 53 49 -87 -96 109 -105 36 19 2 3 1 0 1 
================================================================

Sample: X509EncodedKeySpec_3
----------------------------------------------------------------
output:
./Data/java_security_spec/javaFiles/X509EncodedKeySpec_3.java:20: error: exception InvalidKeySpecException is never thrown in body of corresponding try statement
        } catch (NoSuchAlgorithmException | InvalidKeySpecException e) {
                                            ^
1 error


================================================================

