Sample: AccessControlContext_2
----------------------------------------------------------------
stderr:
./Data/java_security/javaFiles/AccessControlContext_2.java:5: warning: [removal] AccessControlContext in java.security has been deprecated and marked for removal
        AccessControlContext context1 = new AccessControlContext(null, null);
        ^
./Data/java_security/javaFiles/AccessControlContext_2.java:5: warning: [removal] AccessControlContext in java.security has been deprecated and marked for removal
        AccessControlContext context1 = new AccessControlContext(null, null);
                                            ^
./Data/java_security/javaFiles/AccessControlContext_2.java:6: warning: [removal] AccessControlContext in java.security has been deprecated and marked for removal
        AccessControlContext context2 = new AccessControlContext(null, null);
        ^
./Data/java_security/javaFiles/AccessControlContext_2.java:6: warning: [removal] AccessControlContext in java.security has been deprecated and marked for removal
        AccessControlContext context2 = new AccessControlContext(null, null);
                                            ^
4 warnings
Exception in thread "main" java.lang.NullPointerException: Cannot read field "context" because "acc" is null
	at java.base/java.security.AccessControlContext.<init>(AccessControlContext.java:206)
	at java.base/java.security.AccessControlContext.<init>(AccessControlContext.java:184)
	at AccessControlContext_2.main(AccessControlContext_2.java:5)

================================================================

Sample: AccessControlContext_3
----------------------------------------------------------------
output:
./Data/java_security/javaFiles/AccessControlContext_3.java:5: warning: [removal] AccessControlContext in java.security has been deprecated and marked for removal
        AccessControlContext context = new AccessControlContext();
        ^
./Data/java_security/javaFiles/AccessControlContext_3.java:5: warning: [removal] AccessControlContext in java.security has been deprecated and marked for removal
        AccessControlContext context = new AccessControlContext();
                                           ^
./Data/java_security/javaFiles/AccessControlContext_3.java:5: error: no suitable constructor found for AccessControlContext(no arguments)
        AccessControlContext context = new AccessControlContext();
                                       ^
    constructor AccessControlContext.AccessControlContext(ProtectionDomain[]) is not applicable
      (actual and formal argument lists differ in length)
    constructor AccessControlContext.AccessControlContext(AccessControlContext,DomainCombiner) is not applicable
      (actual and formal argument lists differ in length)
    constructor AccessControlContext.AccessControlContext(AccessControlContext,DomainCombiner,boolean) is not applicable
      (actual and formal argument lists differ in length)
    constructor AccessControlContext.AccessControlContext(ProtectionDomain,DomainCombiner,AccessControlContext,AccessControlContext,Permission[]) is not applicable
      (actual and formal argument lists differ in length)
    constructor AccessControlContext.AccessControlContext(ProtectionDomain[],boolean) is not applicable
      (actual and formal argument lists differ in length)
    constructor AccessControlContext.AccessControlContext(ProtectionDomain[],AccessControlContext) is not applicable
      (actual and formal argument lists differ in length)
1 error
2 warnings


================================================================

Sample: AccessControlContext_5
----------------------------------------------------------------
output:
./Data/java_security/javaFiles/AccessControlContext_5.java:11: warning: [removal] AccessControlContext in java.security has been deprecated and marked for removal
        AccessControlContext context = AccessController.getContext();
        ^
./Data/java_security/javaFiles/AccessControlContext_5.java:11: error: cannot find symbol
        AccessControlContext context = AccessController.getContext();
                                       ^
  symbol:   variable AccessController
  location: class AccessControlContext_5
1 error
1 warning


================================================================

Sample: AlgorithmParameterGenerator_1
----------------------------------------------------------------
stdout:
AlgorithmParameterGenerator initialized successfully with strength: 1024

================================================================

Sample: AlgorithmParameterGenerator_2
----------------------------------------------------------------
stdout:
Algorithm not found: AES AlgorithmParameterGenerator not available

================================================================

Sample: AlgorithmParameterGenerator_3
----------------------------------------------------------------
================================================================

Sample: AlgorithmParameterGenerator_4
----------------------------------------------------------------
output:
./Data/java_security/javaFiles/AlgorithmParameterGenerator_4.java:2: error: cannot find symbol
import java.security.AlgorithmParameterSpec;
                    ^
  symbol:   class AlgorithmParameterSpec
  location: package java.security
./Data/java_security/javaFiles/AlgorithmParameterGenerator_4.java:7: error: cannot find symbol
        paramGen.init(new RSAKeyGenParameterSpec(1024, RSAKeyGenParameterSpec.F4));
                          ^
  symbol:   class RSAKeyGenParameterSpec
  location: class AlgorithmParameterGenerator_4
./Data/java_security/javaFiles/AlgorithmParameterGenerator_4.java:7: error: cannot find symbol
        paramGen.init(new RSAKeyGenParameterSpec(1024, RSAKeyGenParameterSpec.F4));
                                                       ^
  symbol:   variable RSAKeyGenParameterSpec
  location: class AlgorithmParameterGenerator_4
3 errors


================================================================

Sample: AlgorithmParameterGenerator_5
----------------------------------------------------------------
output:
./Data/java_security/javaFiles/AlgorithmParameterGenerator_5.java:2: error: cannot find symbol
import java.security.AlgorithmParameterSpec;
                    ^
  symbol:   class AlgorithmParameterSpec
  location: package java.security
./Data/java_security/javaFiles/AlgorithmParameterGenerator_5.java:9: error: cannot find symbol
            AlgorithmParameterSpec paramSpec = null; // Initialize your AlgorithmParameterSpec here
            ^
  symbol:   class AlgorithmParameterSpec
  location: class AlgorithmParameterGenerator_5
2 errors


================================================================

Sample: AlgorithmParameterGeneratorSpi_2
----------------------------------------------------------------
output:
./Data/java_security/javaFiles/AlgorithmParameterGeneratorSpi_2.java:2: error: cannot find symbol
import java.security.AlgorithmParameterSpec;
                    ^
  symbol:   class AlgorithmParameterSpec
  location: package java.security
./Data/java_security/javaFiles/AlgorithmParameterGeneratorSpi_2.java:9: error: cannot find symbol
            protected void engineInit(AlgorithmParameterSpec params, SecureRandom random) {
                                      ^
  symbol: class AlgorithmParameterSpec
./Data/java_security/javaFiles/AlgorithmParameterGeneratorSpi_2.java:7: error: <anonymous AlgorithmParameterGeneratorSpi_2$1> is not abstract and does not override abstract method engineGenerateParameters() in AlgorithmParameterGeneratorSpi
        AlgorithmParameterGeneratorSpi exampleAPI = new AlgorithmParameterGeneratorSpi() {
                                                                                         ^
./Data/java_security/javaFiles/AlgorithmParameterGeneratorSpi_2.java:15: error: cannot find symbol
        AlgorithmParameterSpec params = null; // Dummy parameter for demonstration
        ^
  symbol:   class AlgorithmParameterSpec
  location: class AlgorithmParameterGeneratorSpi_2
4 errors


================================================================

Sample: AlgorithmParameterGeneratorSpi_5
----------------------------------------------------------------
output:
./Data/java_security/javaFiles/AlgorithmParameterGeneratorSpi_5.java:14: error: cannot find symbol
            algorithmParameterGenerator.engineInit(genParamSpec, random);
                                       ^
  symbol:   method engineInit(AlgorithmParameterSpec,SecureRandom)
  location: variable algorithmParameterGenerator of type AlgorithmParameterGenerator
1 error


================================================================

Sample: AlgorithmParameters_1
----------------------------------------------------------------
stdout:
AES

================================================================

Sample: AlgorithmParameters_2
----------------------------------------------------------------
output:
./Data/java_security/javaFiles/AlgorithmParameters_2.java:13: error: variable paramSpec might not have been initialized
            algorithmParameters.init(paramSpec);
                                     ^
1 error


================================================================

Sample: AlgorithmParameters_3
----------------------------------------------------------------
output:
./Data/java_security/javaFiles/AlgorithmParameters_3.java:6: error: unreported exception NoSuchAlgorithmException; must be caught or declared to be thrown
        AlgorithmParameters algorithmParameters = AlgorithmParameters.getInstance("DummyAlgorithm");
                                                                                 ^
./Data/java_security/javaFiles/AlgorithmParameters_3.java:7: error: unreported exception IOException; must be caught or declared to be thrown
        algorithmParameters.init(params);
                                ^
2 errors


================================================================

Sample: AlgorithmParameters_4
----------------------------------------------------------------
stderr:
java.io.EOFException: not enough content
	at java.base/sun.security.util.DerValue.<init>(DerValue.java:425)
	at java.base/sun.security.util.DerValue.<init>(DerValue.java:340)
	at java.base/com.sun.crypto.provider.DHParameters.engineInit(DHParameters.java:67)
	at java.base/com.sun.crypto.provider.DHParameters.engineInit(DHParameters.java:94)
	at java.base/java.security.AlgorithmParameters.init(AlgorithmParameters.java:333)
	at AlgorithmParameters_4.main(AlgorithmParameters_4.java:10)
	at java.base/jdk.internal.reflect.NativeMethodAccessorImpl.invoke0(Native Method)
	at java.base/jdk.internal.reflect.NativeMethodAccessorImpl.invoke(NativeMethodAccessorImpl.java:77)
	at java.base/jdk.internal.reflect.DelegatingMethodAccessorImpl.invoke(DelegatingMethodAccessorImpl.java:43)
	at java.base/java.lang.reflect.Method.invoke(Method.java:568)
	at jdk.compiler/com.sun.tools.javac.launcher.Main.execute(Main.java:419)
	at jdk.compiler/com.sun.tools.javac.launcher.Main.run(Main.java:192)
	at jdk.compiler/com.sun.tools.javac.launcher.Main.main(Main.java:132)

================================================================

Sample: AlgorithmParametersSpi_2
----------------------------------------------------------------
output:
./Data/java_security/javaFiles/AlgorithmParametersSpi_2.java:6: error: <anonymous AlgorithmParametersSpi_2$1> is not abstract and does not override abstract method engineToString() in AlgorithmParametersSpi
        AlgorithmParametersSpi algorithmParameters = new AlgorithmParametersSpi() {
                                                                                  ^
./Data/java_security/javaFiles/AlgorithmParametersSpi_2.java:14: error: method engineGetEncoded in class AlgorithmParametersSpi cannot be applied to given types;
        byte[] encoded = algorithmParameters.engineGetEncoded();
                                            ^
  required: no arguments
  found:    no arguments
  reason: engineGetEncoded() has protected access in AlgorithmParametersSpi
Note: Some messages have been simplified; recompile with -Xdiags:verbose to get full output
2 errors


================================================================

Sample: AlgorithmParametersSpi_3
----------------------------------------------------------------
output:
./Data/java_security/javaFiles/AlgorithmParametersSpi_3.java:1: error: cannot find symbol
import java.security.AlgorithmParameterSpec;
                    ^
  symbol:   class AlgorithmParameterSpec
  location: package java.security
./Data/java_security/javaFiles/AlgorithmParametersSpi_3.java:5: error: cannot find symbol
    public void engineInit(AlgorithmParameterSpec paramSpec) {
                           ^
  symbol:   class AlgorithmParameterSpec
  location: class AlgorithmParametersSpi_3
./Data/java_security/javaFiles/AlgorithmParametersSpi_3.java:11: error: cannot find symbol
        Main main = new Main();
        ^
  symbol:   class Main
  location: class AlgorithmParametersSpi_3
./Data/java_security/javaFiles/AlgorithmParametersSpi_3.java:11: error: cannot find symbol
        Main main = new Main();
                        ^
  symbol:   class Main
  location: class AlgorithmParametersSpi_3
./Data/java_security/javaFiles/AlgorithmParametersSpi_3.java:12: error: cannot find symbol
        AlgorithmParameterSpec paramSpec = new AlgorithmParameterSpec(); // Example parameter spec object
        ^
  symbol:   class AlgorithmParameterSpec
  location: class AlgorithmParametersSpi_3
./Data/java_security/javaFiles/AlgorithmParametersSpi_3.java:12: error: cannot find symbol
        AlgorithmParameterSpec paramSpec = new AlgorithmParameterSpec(); // Example parameter spec object
                                               ^
  symbol:   class AlgorithmParameterSpec
  location: class AlgorithmParametersSpi_3
6 errors


================================================================

Sample: AlgorithmParametersSpi_4
----------------------------------------------------------------
output:
./Data/java_security/javaFiles/AlgorithmParametersSpi_4.java:18: error: cannot find symbol
            protected AlgorithmParameterSpec engineGetParameterSpec(Class paramSpec) {
                      ^
  symbol: class AlgorithmParameterSpec
./Data/java_security/javaFiles/AlgorithmParametersSpi_4.java:28: error: cannot find symbol
            protected void engineInit(AlgorithmParameterSpec paramSpec) {
                                      ^
  symbol: class AlgorithmParameterSpec
./Data/java_security/javaFiles/AlgorithmParametersSpi_4.java:6: error: <anonymous AlgorithmParametersSpi_4$1> is not abstract and does not override abstract method engineToString() in AlgorithmParametersSpi
        AlgorithmParametersSpi engine = new AlgorithmParametersSpi() {
                                                                     ^
./Data/java_security/javaFiles/AlgorithmParametersSpi_4.java:23: error: name clash: class  has two methods with the same erasure, yet neither overrides the other
            protected void engineInit(byte[] params) {
                           ^
  first method:  engineInit(AlgorithmParameterSpec) in <anonymous AlgorithmParametersSpi_4$1>
  second method: engineInit(AlgorithmParameterSpec) in AlgorithmParametersSpi
./Data/java_security/javaFiles/AlgorithmParametersSpi_4.java:32: error: no suitable method found for engineInit(byte[])
        engine.engineInit(params);
              ^
    method AlgorithmParametersSpi.engineInit(AlgorithmParameterSpec) is not applicable
      (argument mismatch; byte[] cannot be converted to AlgorithmParameterSpec)
    method AlgorithmParametersSpi.engineInit(byte[]) is not applicable
      (engineInit(byte[]) has protected access in AlgorithmParametersSpi)
Note: Some messages have been simplified; recompile with -Xdiags:verbose to get full output
5 errors


================================================================

Sample: AllPermission_1
----------------------------------------------------------------
stdout:
Permission implied: true

================================================================

Sample: AllPermission_2
----------------------------------------------------------------
stdout:
Are the two AllPermission objects equal? true

================================================================

Sample: AllPermission_3
----------------------------------------------------------------
stdout:
HashCode of AllPermission: 1

================================================================

Sample: AllPermission_4
----------------------------------------------------------------
stdout:
Actions allowed: <all actions>

================================================================

Sample: AllPermission_5
----------------------------------------------------------------
================================================================

Sample: AuthProvider_1
----------------------------------------------------------------
output:
./Data/java_security/javaFiles/AuthProvider_1.java:2: error: cannot find symbol
import javax.security.auth.CallbackHandler;
                          ^
  symbol:   class CallbackHandler
  location: package javax.security.auth
./Data/java_security/javaFiles/AuthProvider_1.java:7: error: no suitable constructor found for AuthProvider(no arguments)
        AuthProvider authProvider = new AuthProvider() {
                                    ^
    constructor AuthProvider.AuthProvider(String,double,String) is not applicable
      (actual and formal argument lists differ in length)
    constructor AuthProvider.AuthProvider(String,String,String) is not applicable
      (actual and formal argument lists differ in length)
./Data/java_security/javaFiles/AuthProvider_1.java:9: error: cannot find symbol
            public void login(Subject subject, CallbackHandler callbackHandler) {
                                               ^
  symbol: class CallbackHandler
./Data/java_security/javaFiles/AuthProvider_1.java:7: error: <anonymous AuthProvider_1$1> is not abstract and does not override abstract method setCallbackHandler(CallbackHandler) in AuthProvider
        AuthProvider authProvider = new AuthProvider() {
                                                       ^
./Data/java_security/javaFiles/AuthProvider_1.java:19: error: setProperty(String,String) in <anonymous AuthProvider_1$1> cannot override setProperty(String,String) in Properties
            public void setProperty(String key, String value) {
                        ^
  return type void is not compatible with Object
./Data/java_security/javaFiles/AuthProvider_1.java:18: error: method does not override or implement a method from a supertype
            @Override
            ^
6 errors


================================================================

Sample: AuthProvider_2
----------------------------------------------------------------
output:
./Data/java_security/javaFiles/AuthProvider_2.java:6: error: unreported exception LoginException; must be caught or declared to be thrown
        provider.logout();
                       ^
./Data/java_security/javaFiles/AuthProvider_2.java:10: error: ExampleAuthProvider is not abstract and does not override abstract method setCallbackHandler(CallbackHandler) in AuthProvider
class ExampleAuthProvider extends AuthProvider {
^
2 errors


================================================================

Sample: AuthProvider_5
----------------------------------------------------------------
output:
./Data/java_security/javaFiles/AuthProvider_5.java:14: error: cannot find symbol
class MyCallbackHandler implements CallbackHandler {
                                   ^
  symbol: class CallbackHandler
./Data/java_security/javaFiles/AuthProvider_5.java:6: error: incompatible types: MyCallbackHandler cannot be converted to CallbackHandler
        provider.setCallbackHandler(new MyCallbackHandler());
                                    ^
./Data/java_security/javaFiles/AuthProvider_5.java:10: error: MyCustomProvider is not abstract and does not override abstract method setCallbackHandler(CallbackHandler) in AuthProvider
class MyCustomProvider extends AuthProvider {
^
Note: Some messages have been simplified; recompile with -Xdiags:verbose to get full output
3 errors


================================================================

Sample: CodeSigner_4
----------------------------------------------------------------
stderr:
Exception in thread "main" java.lang.NullPointerException
	at java.base/java.security.CodeSigner.<init>(CodeSigner.java:76)
	at CodeSigner_4.main(CodeSigner_4.java:6)

================================================================

Sample: CodeSigner_5
----------------------------------------------------------------
output:
./Data/java_security/javaFiles/CodeSigner_5.java:6: error: incompatible types: byte[] cannot be converted to CertPath
        CodeSigner signer1 = new CodeSigner(new byte[]{1, 2}, new String[]{"Cert1"});
                                            ^
./Data/java_security/javaFiles/CodeSigner_5.java:7: error: incompatible types: byte[] cannot be converted to CertPath
        CodeSigner signer2 = new CodeSigner(new byte[]{1, 2}, new String[]{"Cert1"});
                                            ^
Note: Some messages have been simplified; recompile with -Xdiags:verbose to get full output
2 errors


================================================================

Sample: CodeSource_2
----------------------------------------------------------------
output:
./Data/java_security/javaFiles/CodeSource_2.java:2: error: cannot find symbol
import java.security.cert.CodeSigner;
                         ^
  symbol:   class CodeSigner
  location: package java.security.cert
./Data/java_security/javaFiles/CodeSource_2.java:6: error: cannot find symbol
        CodeSource codeSource = Main.class.getProtectionDomain().getCodeSource();
                                ^
  symbol:   class Main
  location: class CodeSource_2
./Data/java_security/javaFiles/CodeSource_2.java:7: error: cannot find symbol
        CodeSigner[] codeSigners = codeSource.getCodeSigners();
        ^
  symbol:   class CodeSigner
  location: class CodeSource_2
./Data/java_security/javaFiles/CodeSource_2.java:10: error: cannot find symbol
            for (CodeSigner signer : codeSigners) {
                 ^
  symbol:   class CodeSigner
  location: class CodeSource_2
4 errors


================================================================

Sample: CodeSource_3
----------------------------------------------------------------
output:
./Data/java_security/javaFiles/CodeSource_3.java:6: error: cannot find symbol
        CodeSource codeSource = Main.class.getProtectionDomain().getCodeSource();
                                ^
  symbol:   class Main
  location: class CodeSource_3
1 error


================================================================

Sample: CodeSource_4
----------------------------------------------------------------
output:
./Data/java_security/javaFiles/CodeSource_4.java:6: error: cannot find symbol
        CodeSource codeSource = Main.class.getProtectionDomain().getCodeSource();
                                ^
  symbol:   class Main
  location: class CodeSource_4
1 error


================================================================

Sample: DigestInputStream_2
----------------------------------------------------------------
stdout:
SHA-256 Hash: ADF829976C676ACE912A99D504555B40528D88412299DF855DFAEAF52C3CEDE1

================================================================

Sample: DigestInputStream_4
----------------------------------------------------------------
stdout:
Number of bytes read: 13
Digest: [B@6b53e23f

================================================================

Sample: DigestInputStream_5
----------------------------------------------------------------
stderr:
Exception in thread "main" java.lang.NullPointerException: Cannot invoke "java.io.InputStream.read()" because "this.in" is null
	at java.base/java.security.DigestInputStream.read(DigestInputStream.java:125)
	at DigestInputStream_5.main(DigestInputStream_5.java:11)

================================================================

Sample: DigestOutputStream_1
----------------------------------------------------------------
output:
./Data/java_security/javaFiles/DigestOutputStream_1.java:9: error: unreported exception NoSuchAlgorithmException; must be caught or declared to be thrown
        MessageDigest digest = MessageDigest.getInstance("SHA-256");
                                                        ^
./Data/java_security/javaFiles/DigestOutputStream_1.java:22: error: unreported exception IOException; must be caught or declared to be thrown
        digestOutputStream.write(data.getBytes());
                                ^
./Data/java_security/javaFiles/DigestOutputStream_1.java:27: error: unreported exception IOException; must be caught or declared to be thrown
        digestOutputStream.close();
                                ^
3 errors


================================================================

Sample: DigestOutputStream_2
----------------------------------------------------------------
output:
./Data/java_security/javaFiles/DigestOutputStream_2.java:7: error: unreported exception NoSuchAlgorithmException; must be caught or declared to be thrown
        MessageDigest digest = MessageDigest.getInstance("SHA-256");
                                                        ^
1 error


================================================================

Sample: DigestOutputStream_3
----------------------------------------------------------------
stdout:
Hash: [-33, -3, 96, 33, -69, 43, -43, -80, -81, 103, 98, -112, -128, -98, -61, -91, 49, -111, -35, -127, -57, -9, 10, 75, 40, 104, -118, 54, 33, -126, -104, 111]

================================================================

Sample: DigestOutputStream_4
----------------------------------------------------------------
stdout:
MD5 hash: 7FC56270E7A70FA81A5935B72EACBE29

================================================================

Sample: DigestOutputStream_5
----------------------------------------------------------------
stdout:
7cfdd07889b3295d6a550914ab35e068
================================================================

Sample: GuardedObject_1
----------------------------------------------------------------
stdout:
Secret

================================================================

Sample: Identity_1
----------------------------------------------------------------
output:
./Data/java_security/javaFiles/Identity_1.java:5: warning: [removal] Identity in java.security has been deprecated and marked for removal
        Identity identity = new Identity() {
        ^
./Data/java_security/javaFiles/Identity_1.java:5: warning: [removal] Identity in java.security has been deprecated and marked for removal
        Identity identity = new Identity() {
                                ^
./Data/java_security/javaFiles/Identity_1.java:7: error: getName() in <anonymous Identity_1$1> cannot override getName() in Identity
            public String getName() {
                          ^
  overridden method is final
1 error
2 warnings


================================================================

Sample: Identity_2
----------------------------------------------------------------
output:
./Data/java_security/javaFiles/Identity_2.java:5: warning: [removal] Identity in java.security has been deprecated and marked for removal
        Identity identity = new Identity("Alice") {
        ^
./Data/java_security/javaFiles/Identity_2.java:5: warning: [removal] Identity in java.security has been deprecated and marked for removal
        Identity identity = new Identity("Alice") {
                                ^
./Data/java_security/javaFiles/Identity_2.java:7: error: cannot find symbol
            public PublicKey getPublicKey() {
                   ^
  symbol: class PublicKey
./Data/java_security/javaFiles/Identity_2.java:12: error: cannot find symbol
        PublicKey publicKey = identity.getPublicKey();
        ^
  symbol:   class PublicKey
  location: class Identity_2
2 errors
2 warnings


================================================================

Sample: Identity_3
----------------------------------------------------------------
output:
./Data/java_security/javaFiles/Identity_3.java:6: warning: [removal] Identity in java.security has been deprecated and marked for removal
        Identity identity = new Identity("John Doe");
        ^
./Data/java_security/javaFiles/Identity_3.java:6: warning: [removal] Identity in java.security has been deprecated and marked for removal
        Identity identity = new Identity("John Doe");
                                ^
./Data/java_security/javaFiles/Identity_3.java:6: error: Identity is abstract; cannot be instantiated
        Identity identity = new Identity("John Doe");
                            ^
./Data/java_security/javaFiles/Identity_3.java:7: error: incompatible types: java.security.Certificate[] cannot be converted to java.security.cert.Certificate[]
        Certificate[] certificates = identity.certificates();
                                                          ^
2 errors
2 warnings


================================================================

Sample: Identity_4
----------------------------------------------------------------
output:
./Data/java_security/javaFiles/Identity_4.java:8: warning: [removal] Identity in java.security has been deprecated and marked for removal
        Identity identity = new Identity("John Doe");
        ^
./Data/java_security/javaFiles/Identity_4.java:8: warning: [removal] Identity in java.security has been deprecated and marked for removal
        Identity identity = new Identity("John Doe");
                                ^
./Data/java_security/javaFiles/Identity_4.java:8: error: Identity is abstract; cannot be instantiated
        Identity identity = new Identity("John Doe");
                            ^
./Data/java_security/javaFiles/Identity_4.java:13: warning: [removal] Identity in java.security has been deprecated and marked for removal
    public static void addCertificate(Identity identity, Certificate certificate) {
                                      ^
./Data/java_security/javaFiles/Identity_4.java:16: error: incompatible types: java.security.cert.Certificate cannot be converted to java.security.Certificate
        identity.addCertificate(certificate);
                                ^
Note: Some messages have been simplified; recompile with -Xdiags:verbose to get full output
2 errors
3 warnings


================================================================

Sample: Identity_5
----------------------------------------------------------------
output:
./Data/java_security/javaFiles/Identity_5.java:6: warning: [removal] Identity in java.security has been deprecated and marked for removal
        Identity identity = new Identity("Test", null);
        ^
./Data/java_security/javaFiles/Identity_5.java:6: warning: [removal] Identity in java.security has been deprecated and marked for removal
        Identity identity = new Identity("Test", null);
                                ^
./Data/java_security/javaFiles/Identity_5.java:6: error: Identity is abstract; cannot be instantiated
        Identity identity = new Identity("Test", null);
                            ^
./Data/java_security/javaFiles/Identity_5.java:7: warning: [removal] Certificate in java.security has been deprecated and marked for removal
        Certificate cert = new Certificate();
        ^
./Data/java_security/javaFiles/Identity_5.java:7: warning: [removal] Certificate in java.security has been deprecated and marked for removal
        Certificate cert = new Certificate();
                               ^
./Data/java_security/javaFiles/Identity_5.java:7: error: Certificate is abstract; cannot be instantiated
        Certificate cert = new Certificate();
                           ^
2 errors
4 warnings


================================================================

Sample: IdentityScope_1
----------------------------------------------------------------
output:
./Data/java_security/javaFiles/IdentityScope_1.java:6: warning: [removal] IdentityScope in java.security has been deprecated and marked for removal
        IdentityScope scope = new IdentityScope();
        ^
./Data/java_security/javaFiles/IdentityScope_1.java:6: warning: [removal] IdentityScope in java.security has been deprecated and marked for removal
        IdentityScope scope = new IdentityScope();
                                  ^
./Data/java_security/javaFiles/IdentityScope_1.java:6: error: IdentityScope is abstract; cannot be instantiated
        IdentityScope scope = new IdentityScope();
                              ^
./Data/java_security/javaFiles/IdentityScope_1.java:7: warning: [removal] Identity in java.security has been deprecated and marked for removal
        Identity identity = new Identity("Alice", null);
        ^
./Data/java_security/javaFiles/IdentityScope_1.java:7: warning: [removal] Identity in java.security has been deprecated and marked for removal
        Identity identity = new Identity("Alice", null);
                                ^
./Data/java_security/javaFiles/IdentityScope_1.java:7: error: Identity is abstract; cannot be instantiated
        Identity identity = new Identity("Alice", null);
                            ^
2 errors
4 warnings


================================================================

Sample: IdentityScope_2
----------------------------------------------------------------
stderr:
./Data/java_security/javaFiles/IdentityScope_2.java:6: warning: [removal] IdentityScope in java.security has been deprecated and marked for removal
        IdentityScope scope = IdentityScope.getSystemScope();
        ^
./Data/java_security/javaFiles/IdentityScope_2.java:6: warning: [removal] IdentityScope in java.security has been deprecated and marked for removal
        IdentityScope scope = IdentityScope.getSystemScope();
                              ^
./Data/java_security/javaFiles/IdentityScope_2.java:7: warning: [removal] Identity in java.security has been deprecated and marked for removal
        Identity identity = scope.getIdentity("Alice");
        ^
3 warnings
Exception in thread "main" java.lang.NullPointerException: Cannot invoke "java.security.IdentityScope.getIdentity(String)" because "<local1>" is null
	at IdentityScope_2.main(IdentityScope_2.java:7)

================================================================

Sample: IdentityScope_3
----------------------------------------------------------------
output:
./Data/java_security/javaFiles/IdentityScope_3.java:7: warning: [removal] Identity in java.security has been deprecated and marked for removal
            Identity identity = IdentityScope.getIdentity(null);
            ^
./Data/java_security/javaFiles/IdentityScope_3.java:7: warning: [removal] IdentityScope in java.security has been deprecated and marked for removal
            Identity identity = IdentityScope.getIdentity(null);
                                ^
./Data/java_security/javaFiles/IdentityScope_3.java:7: error: reference to getIdentity is ambiguous
            Identity identity = IdentityScope.getIdentity(null);
                                             ^
  both method getIdentity(Principal) in IdentityScope and method getIdentity(PublicKey) in IdentityScope match
1 error
2 warnings


================================================================

Sample: IdentityScope_4
----------------------------------------------------------------
stderr:
./Data/java_security/javaFiles/IdentityScope_4.java:7: warning: [removal] IdentityScope in java.security has been deprecated and marked for removal
        IdentityScope scope = IdentityScope.getSystemScope();
        ^
./Data/java_security/javaFiles/IdentityScope_4.java:7: warning: [removal] IdentityScope in java.security has been deprecated and marked for removal
        IdentityScope scope = IdentityScope.getSystemScope();
                              ^
./Data/java_security/javaFiles/IdentityScope_4.java:8: warning: [removal] Identity in java.security has been deprecated and marked for removal
        Enumeration<Identity> identities = scope.identities();
                    ^
./Data/java_security/javaFiles/IdentityScope_4.java:11: warning: [removal] Identity in java.security has been deprecated and marked for removal
            Identity identity = identities.nextElement();
            ^
4 warnings
Exception in thread "main" java.lang.NullPointerException: Cannot invoke "java.security.IdentityScope.identities()" because "<local1>" is null
	at IdentityScope_4.main(IdentityScope_4.java:8)

================================================================

Sample: IdentityScope_5
----------------------------------------------------------------
output:
./Data/java_security/javaFiles/IdentityScope_5.java:6: warning: [removal] Identity in java.security has been deprecated and marked for removal
        Identity identityToRemove = new Identity("ExampleIdentity", null);
        ^
./Data/java_security/javaFiles/IdentityScope_5.java:6: warning: [removal] Identity in java.security has been deprecated and marked for removal
        Identity identityToRemove = new Identity("ExampleIdentity", null);
                                        ^
./Data/java_security/javaFiles/IdentityScope_5.java:6: error: Identity is abstract; cannot be instantiated
        Identity identityToRemove = new Identity("ExampleIdentity", null);
                                    ^
./Data/java_security/javaFiles/IdentityScope_5.java:7: warning: [removal] IdentityScope in java.security has been deprecated and marked for removal
        IdentityScope identityScope = IdentityScope.getSystemScope();
        ^
./Data/java_security/javaFiles/IdentityScope_5.java:7: warning: [removal] IdentityScope in java.security has been deprecated and marked for removal
        IdentityScope identityScope = IdentityScope.getSystemScope();
                                      ^
1 error
4 warnings


================================================================

Sample: KeyFactory_1
----------------------------------------------------------------
stderr:
Exception in thread "main" java.lang.IllegalArgumentException: Illegal base64 character 5f
	at java.base/java.util.Base64$Decoder.decode0(Base64.java:848)
	at java.base/java.util.Base64$Decoder.decode(Base64.java:566)
	at java.base/java.util.Base64$Decoder.decode(Base64.java:589)
	at KeyFactory_1.main(KeyFactory_1.java:8)

================================================================

Sample: KeyFactory_2
----------------------------------------------------------------
stdout:
Error: java.security.InvalidKeyException: Missing key encoding

================================================================

Sample: KeyFactory_4
----------------------------------------------------------------
output:
./Data/java_security/javaFiles/KeyFactory_4.java:6: error: illegal start of expression
        Key originalKey = ...; // Initialize originalKey with your Key object
                          ^
1 error


================================================================

Sample: KeyFactorySpi_4
----------------------------------------------------------------
output:
./Data/java_security/javaFiles/KeyFactorySpi_4.java:7: error: cannot find symbol
        Key key = keyFactorySpi.engineTranslateKey(key);
                  ^
  symbol:   variable keyFactorySpi
  location: class KeyFactorySpi_4
1 error


================================================================

Sample: KeyPair_1
----------------------------------------------------------------
output:
./Data/java_security/javaFiles/KeyPair_1.java:16: error: exception InvalidKeySpecException is never thrown in body of corresponding try statement
        } catch (NoSuchAlgorithmException | InvalidKeySpecException e) {
                                            ^
1 error


================================================================

Sample: KeyPair_2
----------------------------------------------------------------
stdout:
Private Key: SunRsaSign RSA private CRT key, 2048 bits
  params: null
  modulus: 30550039653098992164064957247103735424021293565700440303007892076591237121150746223451544820691019809241983362192816604406442324295090924230227813740031174861059114932396368733279397879247479225120883356441150351428073999095138773589483952755279581059231658991049138389340044174211181351076465056903791175777220113739921335576448209661786552977941400233903312582726183878973174336410870794169610905255262361844483090670092219324395100838192988007955764140351954633239814034175635386261900764182554035514474583668636203483373512571843999385507672761121916270818835176949130022409780673504238333881075543682371274452921
  private exponent: 11869564668612533949884584378030767583225570258990040914834215114305547565739375483890728684090749308066109561797392147916463080451132950908254738869072643018251495239690689794398481898763729855032318429361444854027695015624143897216977125730620626096879865311031695237923089930999882673031417821138307135035269412636200645299274252882640708605855011408762498096661207748417031448796168611614448134570790382944960819735334860156417963742382488731129046942123360155663920725913829332283810625600182044988950413995312012279647535350381103738713508390829675653501353337231655115011068467152379295956620311908579241445229

================================================================

Sample: KeyPairGenerator_1
----------------------------------------------------------------
stdout:
Public Key: Sun RSA public key, 2048 bits
  params: null
  modulus: 20579380379928083473702123093741870567033614363970297395311608708176015433104495754919201738384608028918078758003976518804387715232409797214021896042381731264784189937417122678341822359357109338875566018781505472093663903939202128742884223330538283550838000047773928002933040659049247541098187988965471113378849515756149393860092578444588241730646198328681836629041670066412941848190152104908780166108388533951981819359528698858055271927983860282955279717738397945797989874736772844079023856114867760978771171199759819223278074709195604647358528023303242263156214920616782208233658526573225931264717654239418177324587
  public exponent: 65537
Private Key: SunRsaSign RSA private CRT key, 2048 bits
  params: null
  modulus: 20579380379928083473702123093741870567033614363970297395311608708176015433104495754919201738384608028918078758003976518804387715232409797214021896042381731264784189937417122678341822359357109338875566018781505472093663903939202128742884223330538283550838000047773928002933040659049247541098187988965471113378849515756149393860092578444588241730646198328681836629041670066412941848190152104908780166108388533951981819359528698858055271927983860282955279717738397945797989874736772844079023856114867760978771171199759819223278074709195604647358528023303242263156214920616782208233658526573225931264717654239418177324587
  private exponent: 8304037629845708034576691719395208312025328163559432299601988072199135269060963886641718265584035877820751525938251049632757574031784748879637594654024213548029630634526997104364702264265968177770791207511434948342416374562036716581558101316448493347298639108646741932611566904627269347457796075013990319869631792577081070801883303428583415888358178284288004732407121542662563037031242987638619218874080713751706853976438643730830015866834591230425535960903231258233518604047703720607865218144366335485245352365620763886866134001566289027555007923268678076541088350995470745568020137349300797775520019567900556312473

================================================================

Sample: KeyPairGenerator_2
----------------------------------------------------------------
stdout:
KeyPairGenerator initialized with keysize: 2048

================================================================

Sample: KeyPairGenerator_3
----------------------------------------------------------------
stdout:
Key pair algorithm: RSA

================================================================

Sample: KeyPairGenerator_4
----------------------------------------------------------------
output:
./Data/java_security/javaFiles/KeyPairGenerator_4.java:6: error: unreported exception NoSuchAlgorithmException; must be caught or declared to be thrown
        KeyPairGenerator keyPairGenerator = KeyPairGenerator.getInstance("RSA");
                                                                        ^
./Data/java_security/javaFiles/KeyPairGenerator_4.java:8: error: unreported exception InvalidAlgorithmParameterException; must be caught or declared to be thrown
        keyPairGenerator.initialize(params);
                                   ^
2 errors


================================================================

Sample: KeyPairGeneratorSpi_3
----------------------------------------------------------------
output:
./Data/java_security/javaFiles/KeyPairGeneratorSpi_3.java:1: error: cannot find symbol
import java.security.AlgorithmParameterSpec;
                    ^
  symbol:   class AlgorithmParameterSpec
  location: package java.security
./Data/java_security/javaFiles/KeyPairGeneratorSpi_3.java:9: error: cannot find symbol
            protected void initialize(AlgorithmParameterSpec params, SecureRandom random) {
                                      ^
  symbol: class AlgorithmParameterSpec
./Data/java_security/javaFiles/KeyPairGeneratorSpi_3.java:7: error: <anonymous KeyPairGeneratorSpi_3$1> is not abstract and does not override abstract method generateKeyPair() in KeyPairGeneratorSpi
        KeyPairGeneratorSpi keyPairGenerator = new KeyPairGeneratorSpi() {
                                                                         ^
./Data/java_security/javaFiles/KeyPairGeneratorSpi_3.java:9: error: initialize(AlgorithmParameterSpec,SecureRandom) in <anonymous KeyPairGeneratorSpi_3$1> cannot override initialize(int,SecureRandom) in KeyPairGeneratorSpi
            protected void initialize(AlgorithmParameterSpec params, SecureRandom random) {
                           ^
  attempting to assign weaker access privileges; was public
./Data/java_security/javaFiles/KeyPairGeneratorSpi_3.java:15: error: method does not override or implement a method from a supertype
            @Override
            ^
5 errors


================================================================

Sample: KeyStore_1
----------------------------------------------------------------
stderr:
java.io.FileNotFoundException: mykeystore.jks (No such file or directory)
	at java.base/java.io.FileInputStream.open0(Native Method)
	at java.base/java.io.FileInputStream.open(FileInputStream.java:216)
	at java.base/java.io.FileInputStream.<init>(FileInputStream.java:157)
	at java.base/java.io.FileInputStream.<init>(FileInputStream.java:111)
	at KeyStore_1.main(KeyStore_1.java:13)
	at java.base/jdk.internal.reflect.NativeMethodAccessorImpl.invoke0(Native Method)
	at java.base/jdk.internal.reflect.NativeMethodAccessorImpl.invoke(NativeMethodAccessorImpl.java:77)
	at java.base/jdk.internal.reflect.DelegatingMethodAccessorImpl.invoke(DelegatingMethodAccessorImpl.java:43)
	at java.base/java.lang.reflect.Method.invoke(Method.java:568)
	at jdk.compiler/com.sun.tools.javac.launcher.Main.execute(Main.java:419)
	at jdk.compiler/com.sun.tools.javac.launcher.Main.run(Main.java:192)
	at jdk.compiler/com.sun.tools.javac.launcher.Main.main(Main.java:132)

================================================================

Sample: KeyStore_2
----------------------------------------------------------------
================================================================

Sample: KeyStore_3
----------------------------------------------------------------
output:
./Data/java_security/javaFiles/KeyStore_3.java:11: error: '.class' expected
            Certificate[] chain = // Initialize your Certificate array here
                          ^
1 error


================================================================

Sample: KeyStore_4
----------------------------------------------------------------
stderr:
java.io.FileNotFoundException: keystorePath (No such file or directory)
	at java.base/java.io.FileInputStream.open0(Native Method)
	at java.base/java.io.FileInputStream.open(FileInputStream.java:216)
	at java.base/java.io.FileInputStream.<init>(FileInputStream.java:157)
	at java.base/java.io.FileInputStream.<init>(FileInputStream.java:111)
	at KeyStore_4.main(KeyStore_4.java:14)
	at java.base/jdk.internal.reflect.NativeMethodAccessorImpl.invoke0(Native Method)
	at java.base/jdk.internal.reflect.NativeMethodAccessorImpl.invoke(NativeMethodAccessorImpl.java:77)
	at java.base/jdk.internal.reflect.DelegatingMethodAccessorImpl.invoke(DelegatingMethodAccessorImpl.java:43)
	at java.base/java.lang.reflect.Method.invoke(Method.java:568)
	at jdk.compiler/com.sun.tools.javac.launcher.Main.execute(Main.java:419)
	at jdk.compiler/com.sun.tools.javac.launcher.Main.run(Main.java:192)
	at jdk.compiler/com.sun.tools.javac.launcher.Main.main(Main.java:132)

================================================================

Sample: KeyStore_5
----------------------------------------------------------------
stdout:
Error: keystore.jks (No such file or directory)

================================================================

Sample: KeyStore_Builder_1
----------------------------------------------------------------
stderr:
Exception in thread "main" java.lang.IllegalArgumentException: KeyStore not initialized
	at java.base/java.security.KeyStore$Builder.newInstance(KeyStore.java:1892)
	at KeyStore_Builder_1.main(KeyStore_Builder_1.java:9)

================================================================

Sample: KeyStore_Builder_2
----------------------------------------------------------------
output:
./Data/java_security/javaFiles/KeyStore_Builder_2.java:8: error: incompatible types: <anonymous InputStream> cannot be converted to ProtectionParameter
        Builder builder = KeyStore.Builder.newInstance("JKS", null, new InputStream() {
                                                                    ^
Note: Some messages have been simplified; recompile with -Xdiags:verbose to get full output
1 error


================================================================

Sample: KeyStore_CallbackHandlerProtection_1
----------------------------------------------------------------
output:
./Data/java_security/javaFiles/KeyStore_CallbackHandlerProtection_1.java:6: error: cannot find symbol
        KeyStore.CallbackHandlerProtection protection = new CallbackHandlerProtection(handler);
                                                                                      ^
  symbol:   variable handler
  location: class KeyStore_CallbackHandlerProtection_1
1 error


================================================================

Sample: KeyStore_PasswordProtection_1
----------------------------------------------------------------
stdout:
Retrieved password: [s, e, c, r, e, t, p, a, s, s, w, o, r, d]

================================================================

Sample: KeyStore_PasswordProtection_2
----------------------------------------------------------------
output:
./Data/java_security/javaFiles/KeyStore_PasswordProtection_2.java:6: error: unreported exception DestroyFailedException; must be caught or declared to be thrown
        protection.destroy();
                          ^
1 error


================================================================

Sample: KeyStore_SecretKeyEntry_1
----------------------------------------------------------------
output:
./Data/java_security/javaFiles/KeyStore_SecretKeyEntry_1.java:7: error: cannot find symbol
        KeyStore.SecretKeyEntry secretKeyEntry = (KeyStore.SecretKeyEntry) keyStore.getEntry("alias", null);
                                                                           ^
  symbol:   variable keyStore
  location: class KeyStore_SecretKeyEntry_1
./Data/java_security/javaFiles/KeyStore_SecretKeyEntry_1.java:9: error: cannot find symbol
            SecretKey secretKey = secretKeyEntry.getSecretKey();
            ^
  symbol:   class SecretKey
  location: class KeyStore_SecretKeyEntry_1
2 errors


================================================================

Sample: KeyStore_TrustedCertificateEntry_1
----------------------------------------------------------------
stderr:
java.lang.NullPointerException: Cannot invoke "java.security.KeyStore$TrustedCertificateEntry.getTrustedCertificate()" because "<local3>" is null
	at KeyStore_TrustedCertificateEntry_1.main(KeyStore_TrustedCertificateEntry_1.java:13)
	at java.base/jdk.internal.reflect.NativeMethodAccessorImpl.invoke0(Native Method)
	at java.base/jdk.internal.reflect.NativeMethodAccessorImpl.invoke(NativeMethodAccessorImpl.java:77)
	at java.base/jdk.internal.reflect.DelegatingMethodAccessorImpl.invoke(DelegatingMethodAccessorImpl.java:43)
	at java.base/java.lang.reflect.Method.invoke(Method.java:568)
	at jdk.compiler/com.sun.tools.javac.launcher.Main.execute(Main.java:419)
	at jdk.compiler/com.sun.tools.javac.launcher.Main.run(Main.java:192)
	at jdk.compiler/com.sun.tools.javac.launcher.Main.main(Main.java:132)

================================================================

Sample: KeyStore_TrustedCertificateEntry_4
----------------------------------------------------------------
output:
./Data/java_security/javaFiles/KeyStore_TrustedCertificateEntry_4.java:12: error: ';' expected
        TrustedCertificateEntry trustedCertEntry = new TrustedCertificateEntry(cert);
                               ^
1 error


================================================================

Sample: KeyStoreSpi_1
----------------------------------------------------------------
output:
./Data/java_security/javaFiles/KeyStoreSpi_1.java:6: error: cannot find symbol
        KeyStoreSpi keyStoreSpi = new CustomKeyStoreSpi(); // You would need to create a custom KeyStoreSpi implementation
                                      ^
  symbol:   class CustomKeyStoreSpi
  location: class KeyStoreSpi_1
1 error


================================================================

Sample: KeyStoreSpi_2
----------------------------------------------------------------
output:
./Data/java_security/javaFiles/KeyStoreSpi_2.java:5: error: KeyStoreSpi is abstract; cannot be instantiated
        KeyStoreSpi keyStore = new KeyStoreSpi(); // Instantiate a KeyStoreSpi object
                               ^
1 error


================================================================

Sample: KeyStoreSpi_3
----------------------------------------------------------------
output:
./Data/java_security/javaFiles/KeyStoreSpi_3.java:12: error: cannot find symbol
        KeyStoreSpi keyStoreSpi = keyStore.getProvider().getKeyStoreSpi();
                                                        ^
  symbol:   method getKeyStoreSpi()
  location: class Provider
1 error


================================================================

Sample: KeyStoreSpi_4
----------------------------------------------------------------
output:
./Data/java_security/javaFiles/KeyStoreSpi_4.java:7: error: KeyStoreSpi is abstract; cannot be instantiated
        KeyStoreSpi keyStore = new KeyStoreSpi();
                               ^
./Data/java_security/javaFiles/KeyStoreSpi_4.java:9: error: Key is abstract; cannot be instantiated
        Key key = new Key();
                  ^
2 errors


================================================================

Sample: KeyStoreSpi_5
----------------------------------------------------------------
output:
./Data/java_security/javaFiles/KeyStoreSpi_5.java:13: error: ';' expected
            ByteArrayInputStream inputStream = new ByteArrayInputStream(keystoreData);
                                ^
1 error


================================================================

Sample: MessageDigest_1
----------------------------------------------------------------
stdout:
MD5 Hash: [-79, 10, -115, -79, 100, -32, 117, 65, 5, -73, -87, -101, -25, 46, 63, -27]

================================================================

Sample: MessageDigest_2
----------------------------------------------------------------
stdout:
Hashed value: a591a6d40bf420404a011733cfb7b190d62c65bf0bcda32b57b277d9ad9f146e

================================================================

Sample: MessageDigest_3
----------------------------------------------------------------
stdout:
8b1a9953c4611296a827abf8c47804d7
================================================================

Sample: MessageDigest_4
----------------------------------------------------------------
output:
./Data/java_security/javaFiles/MessageDigest_4.java:5: error: unreported exception NoSuchAlgorithmException; must be caught or declared to be thrown
        MessageDigest messageDigest = MessageDigest.getInstance("SHA-256");
                                                               ^
1 error


================================================================

Sample: MessageDigest_5
----------------------------------------------------------------
stdout:
Algorithm used: MD5

================================================================

Sample: MessageDigestSpi_2
----------------------------------------------------------------
output:
./Data/java_security/javaFiles/MessageDigestSpi_2.java:8: error: cannot find symbol
            MessageDigestSpi digest = MessageDigestSpi.getInstance("MD5");
                                                      ^
  symbol:   method getInstance(String)
  location: class MessageDigestSpi
./Data/java_security/javaFiles/MessageDigestSpi_2.java:9: error: no suitable method found for engineUpdate(byte[])
            digest.engineUpdate(input);
                  ^
    method MessageDigestSpi.engineUpdate(byte) is not applicable
      (argument mismatch; byte[] cannot be converted to byte)
    method MessageDigestSpi.engineUpdate(ByteBuffer) is not applicable
      (argument mismatch; byte[] cannot be converted to ByteBuffer)
./Data/java_security/javaFiles/MessageDigestSpi_2.java:10: error: method engineDigest in class MessageDigestSpi cannot be applied to given types;
            byte[] result = digest.engineDigest();
                                  ^
  required: no arguments
  found:    no arguments
  reason: engineDigest() has protected access in MessageDigestSpi
Note: Some messages have been simplified; recompile with -Xdiags:verbose to get full output
3 errors


================================================================

Sample: MessageDigestSpi_3
----------------------------------------------------------------
output:
./Data/java_security/javaFiles/MessageDigestSpi_3.java:8: error: cannot find symbol
            MessageDigestSpi messageDigest = MessageDigestSpi.getInstance("SHA-256");
                                                             ^
  symbol:   method getInstance(String)
  location: class MessageDigestSpi
./Data/java_security/javaFiles/MessageDigestSpi_3.java:9: error: method engineUpdate in class MessageDigestSpi cannot be applied to given types;
            messageDigest.engineUpdate(input, 0, input.length);
                         ^
  required: byte[],int,int
  found:    byte[],int,int
  reason: engineUpdate(byte[],int,int) has protected access in MessageDigestSpi
./Data/java_security/javaFiles/MessageDigestSpi_3.java:10: error: cannot find symbol
            byte[] digest = messageDigest.digest();
                                         ^
  symbol:   method digest()
  location: variable messageDigest of type MessageDigestSpi
Note: Some messages have been simplified; recompile with -Xdiags:verbose to get full output
3 errors


================================================================

Sample: MessageDigestSpi_5
----------------------------------------------------------------
output:
./Data/java_security/javaFiles/MessageDigestSpi_5.java:5: error: <anonymous MessageDigestSpi_5$1> is not abstract and does not override abstract method engineDigest() in MessageDigestSpi
        MessageDigestSpi engine = new MessageDigestSpi() {
                                                         ^
./Data/java_security/javaFiles/MessageDigestSpi_5.java:12: error: engineReset() has protected access in MessageDigestSpi
        engine.engineReset(); // Call the engineReset method
              ^
2 errors


================================================================

Sample: Permission_1
----------------------------------------------------------------
output:
./Data/java_security/javaFiles/Permission_1.java:5: error: BasicPermission is abstract; cannot be instantiated
        Permission permission = new java.security.BasicPermission("test");
                                ^
1 error


================================================================

Sample: Permission_2
----------------------------------------------------------------
stdout:
Permission 1 implies Permission 2: false

================================================================

Sample: Permission_3
----------------------------------------------------------------
output:
./Data/java_security/javaFiles/Permission_3.java:5: error: cannot find symbol
        PermissionCollection permissionCollection = PermissionCollection.newPermissionCollection();
                                                                        ^
  symbol:   method newPermissionCollection()
  location: class PermissionCollection
1 error


================================================================

Sample: Permission_4
----------------------------------------------------------------
stdout:
Hash Code: 42

================================================================

Sample: Permission_5
----------------------------------------------------------------
output:
./Data/java_security/javaFiles/Permission_5.java:5: error: BasicPermission is abstract; cannot be instantiated
        Permission permission1 = new java.security.BasicPermission("test");
                                 ^
./Data/java_security/javaFiles/Permission_5.java:6: error: BasicPermission is abstract; cannot be instantiated
        Permission permission2 = new java.security.BasicPermission("test");
                                 ^
2 errors


================================================================

Sample: PermissionCollection_1
----------------------------------------------------------------
output:
./Data/java_security/javaFiles/PermissionCollection_1.java:56: error: cannot find symbol
        public Enumeration<Permission> elements() {
               ^
  symbol:   class Enumeration
  location: class MyPermissionCollection
1 error


================================================================

Sample: PermissionCollection_4
----------------------------------------------------------------
output:
./Data/java_security/javaFiles/PermissionCollection_4.java:43: error: method implies(Permission) is already defined in class MyPermission
    public boolean implies(Permission permission) {
                   ^
./Data/java_security/javaFiles/PermissionCollection_4.java:67: error: cannot find symbol
    public Enumeration elements() {
           ^
  symbol:   class Enumeration
  location: class MyPermissionCollection
./Data/java_security/javaFiles/PermissionCollection_4.java:48: error: newPermissionCollection() in MyPermission cannot override newPermissionCollection() in Permission
    public boolean newPermissionCollection() {
                   ^
  return type boolean is not compatible with PermissionCollection
./Data/java_security/javaFiles/PermissionCollection_4.java:47: error: method does not override or implement a method from a supertype
    @Override
    ^
4 errors


================================================================

Sample: Permissions_1
----------------------------------------------------------------
stdout:
Added permission: ("java.io.FilePermission" "/tmp/*" "read")

================================================================

Sample: Permissions_4
----------------------------------------------------------------
stdout:
Permission implied: false

================================================================

Sample: PKCS12Attribute_4
----------------------------------------------------------------
output:
./Data/java_security/javaFiles/PKCS12Attribute_4.java:5: error: no suitable constructor found for PKCS12Attribute(no arguments)
        PKCS12Attribute attribute = new PKCS12Attribute();
                                    ^
    constructor PKCS12Attribute.PKCS12Attribute(String,String) is not applicable
      (actual and formal argument lists differ in length)
    constructor PKCS12Attribute.PKCS12Attribute(byte[]) is not applicable
      (actual and formal argument lists differ in length)
1 error


================================================================

Sample: Policy_1
----------------------------------------------------------------
stderr:
./Data/java_security/javaFiles/Policy_1.java:5: warning: [removal] Policy in java.security has been deprecated and marked for removal
        Policy policy = Policy.getPolicy();
        ^
./Data/java_security/javaFiles/Policy_1.java:5: warning: [removal] Policy in java.security has been deprecated and marked for removal
        Policy policy = Policy.getPolicy();
                        ^
2 warnings

================================================================

Sample: Policy_3
----------------------------------------------------------------
stderr:
./Data/java_security/javaFiles/Policy_3.java:5: warning: [removal] Policy in java.security has been deprecated and marked for removal
        Policy policy = Policy.getPolicy();
        ^
./Data/java_security/javaFiles/Policy_3.java:5: warning: [removal] Policy in java.security has been deprecated and marked for removal
        Policy policy = Policy.getPolicy();
                        ^
2 warnings

================================================================

Sample: Policy_4
----------------------------------------------------------------
output:
./Data/java_security/javaFiles/Policy_4.java:7: warning: [removal] Policy in java.security has been deprecated and marked for removal
        Policy policy = Policy.getPolicy();
        ^
./Data/java_security/javaFiles/Policy_4.java:7: warning: [removal] Policy in java.security has been deprecated and marked for removal
        Policy policy = Policy.getPolicy();
                        ^
./Data/java_security/javaFiles/Policy_4.java:8: error: cannot find symbol
        ProtectionDomain domain = Main.class.getProtectionDomain();
                                  ^
  symbol:   class Main
  location: class Policy_4
1 error
2 warnings


================================================================

Sample: Policy_5
----------------------------------------------------------------
stdout:
Permission granted: false

stderr:
./Data/java_security/javaFiles/Policy_5.java:12: warning: [removal] Policy in java.security has been deprecated and marked for removal
        Policy policy = Policy.getPolicy();
        ^
./Data/java_security/javaFiles/Policy_5.java:12: warning: [removal] Policy in java.security has been deprecated and marked for removal
        Policy policy = Policy.getPolicy();
                        ^
2 warnings

================================================================

Sample: ProtectionDomain_1
----------------------------------------------------------------
output:
./Data/java_security/javaFiles/ProtectionDomain_1.java:6: error: cannot find symbol
        ProtectionDomain pd = Main.class.getProtectionDomain();
                              ^
  symbol:   class Main
  location: class ProtectionDomain_1
1 error


================================================================

Sample: ProtectionDomain_2
----------------------------------------------------------------
output:
./Data/java_security/javaFiles/ProtectionDomain_2.java:5: error: cannot find symbol
        ProtectionDomain protectionDomain = Main.class.getProtectionDomain();
                                            ^
  symbol:   class Main
  location: class ProtectionDomain_2
1 error


================================================================

Sample: ProtectionDomain_3
----------------------------------------------------------------
output:
./Data/java_security/javaFiles/ProtectionDomain_3.java:7: error: cannot find symbol
        ProtectionDomain pd = Main.class.getProtectionDomain();
                              ^
  symbol:   class Main
  location: class ProtectionDomain_3
1 error


================================================================

Sample: ProtectionDomain_4
----------------------------------------------------------------
output:
./Data/java_security/javaFiles/ProtectionDomain_4.java:6: error: cannot find symbol
        ProtectionDomain pd = Main.class.getProtectionDomain();
                              ^
  symbol:   class Main
  location: class ProtectionDomain_4
1 error


================================================================

Sample: ProtectionDomain_5
----------------------------------------------------------------
stdout:
Does the ProtectionDomain imply the permission? false

================================================================

Sample: Provider_1
----------------------------------------------------------------
stdout:
Provider name: myProvider

stderr:
Note: ./Data/java_security/javaFiles/Provider_1.java uses or overrides a deprecated API.
Note: Recompile with -Xlint:deprecation for details.

================================================================

Sample: Provider_2
----------------------------------------------------------------
stdout:
Provider Version: 1.0

stderr:
Note: ./Data/java_security/javaFiles/Provider_2.java uses or overrides a deprecated API.
Note: Recompile with -Xlint:deprecation for details.

================================================================

Sample: Provider_Service_1
----------------------------------------------------------------
stdout:
Service not found

stderr:
Note: ./Data/java_security/javaFiles/Provider_Service_1.java uses or overrides a deprecated API.
Note: Recompile with -Xlint:deprecation for details.

================================================================

Sample: Provider_Service_2
----------------------------------------------------------------
stderr:
Note: ./Data/java_security/javaFiles/Provider_Service_2.java uses or overrides a deprecated API.
Note: Recompile with -Xlint:deprecation for details.
Exception in thread "main" java.lang.NullPointerException: Cannot invoke "java.security.Provider$Service.getAlgorithm()" because "<local2>" is null
	at Provider_Service_2.main(Provider_Service_2.java:8)

================================================================

Sample: SecureRandom_2
----------------------------------------------------------------
stdout:
Random bytes: 39 -56 -21 61 -69 -93 67 -106 94 -13 
================================================================

Sample: SecureRandomSpi_2
----------------------------------------------------------------
output:
./Data/java_security/javaFiles/SecureRandomSpi_2.java:8: error: cannot find symbol
        byte[] seed = random.engineGenerateSeed(10);
                            ^
  symbol:   method engineGenerateSeed(int)
  location: variable random of type SecureRandom
1 error


================================================================

Sample: SecureRandomSpi_3
----------------------------------------------------------------
output:
./Data/java_security/javaFiles/SecureRandomSpi_3.java:8: error: cannot find symbol
        random.engineNextBytes(bytes);
              ^
  symbol:   method engineNextBytes(byte[])
  location: variable random of type SecureRandom
1 error


================================================================

Sample: Security_2
----------------------------------------------------------------
stderr:
Note: ./Data/java_security/javaFiles/Security_2.java uses or overrides a deprecated API.
Note: Recompile with -Xlint:deprecation for details.

================================================================

Sample: Signature_1
----------------------------------------------------------------
stderr:
java.security.SignatureException: object not initialized for signature or verification
	at java.base/java.security.Signature.update(Signature.java:904)
	at java.base/java.security.Signature.update(Signature.java:871)
	at Signature_1.main(Signature_1.java:8)
	at java.base/jdk.internal.reflect.NativeMethodAccessorImpl.invoke0(Native Method)
	at java.base/jdk.internal.reflect.NativeMethodAccessorImpl.invoke(NativeMethodAccessorImpl.java:77)
	at java.base/jdk.internal.reflect.DelegatingMethodAccessorImpl.invoke(DelegatingMethodAccessorImpl.java:43)
	at java.base/java.lang.reflect.Method.invoke(Method.java:568)
	at jdk.compiler/com.sun.tools.javac.launcher.Main.execute(Main.java:419)
	at jdk.compiler/com.sun.tools.javac.launcher.Main.run(Main.java:192)
	at jdk.compiler/com.sun.tools.javac.launcher.Main.main(Main.java:132)

================================================================

Sample: Signature_2
----------------------------------------------------------------
stdout:
Signature: 0<CW T|-~^6}4@/l(4U. hzY"aS)>l

================================================================

Sample: Signature_3
----------------------------------------------------------------
output:
./Data/java_security/javaFiles/Signature_3.java:15: error: cannot find symbol
        boolean isVerified = sig.verify(signature);
                                        ^
  symbol:   variable signature
  location: class Signature_3
1 error


================================================================

Sample: Signature_4
----------------------------------------------------------------
================================================================

Sample: Signature_5
----------------------------------------------------------------
output:
./Data/java_security/javaFiles/Signature_5.java:9: error: incompatible types: void cannot be converted to PublicKey
            signature.initVerify(publicKey);
                                ^
1 error


================================================================

Sample: SignatureSpi_1
----------------------------------------------------------------
output:
./Data/java_security/javaFiles/SignatureSpi_1.java:8: error: cannot find symbol
        PublicKey publicKey = getPublicKey(); // Your public key logic here
                              ^
  symbol:   method getPublicKey()
  location: class SignatureSpi_1
./Data/java_security/javaFiles/SignatureSpi_1.java:13: error: CustomSignatureSpi is not abstract and does not override abstract method engineGetParameter(String) in SignatureSpi
class CustomSignatureSpi extends SignatureSpi {
^
2 errors


================================================================

Sample: SignatureSpi_3
----------------------------------------------------------------
output:
./Data/java_security/javaFiles/SignatureSpi_3.java:8: error: no suitable method found for engineUpdate(byte)
        signatureSpi.engineUpdate(data[0]);
                    ^
    method SignatureSpi.engineUpdate(byte) is not applicable
      (engineUpdate(byte) has protected access in SignatureSpi)
    method SignatureSpi.engineUpdate(ByteBuffer) is not applicable
      (argument mismatch; byte cannot be converted to ByteBuffer)
./Data/java_security/javaFiles/SignatureSpi_3.java:11: error: CustomSignatureSpi is not abstract and does not override abstract method engineGetParameter(String) in SignatureSpi
    static class CustomSignatureSpi extends SignatureSpi {
           ^
Note: Some messages have been simplified; recompile with -Xdiags:verbose to get full output
2 errors


================================================================

Sample: SignatureSpi_4
----------------------------------------------------------------
output:
./Data/java_security/javaFiles/SignatureSpi_4.java:14: error: exception InvalidKeyException is never thrown in body of corresponding try statement
        } catch (InvalidKeyException | SignatureException e) {
                 ^
./Data/java_security/javaFiles/SignatureSpi_4.java:14: error: exception SignatureException is never thrown in body of corresponding try statement
        } catch (InvalidKeyException | SignatureException e) {
                                       ^
./Data/java_security/javaFiles/SignatureSpi_4.java:20: error: MySignatureSpi is not abstract and does not override abstract method engineGetParameter(String) in SignatureSpi
class MySignatureSpi extends SignatureSpi {
^
3 errors


================================================================

Sample: SignatureSpi_5
----------------------------------------------------------------
output:
./Data/java_security/javaFiles/SignatureSpi_5.java:7: error: cannot find symbol
        SignatureSpi signature = new CustomSignatureSpi(); // CustomSignatureSpi extends SignatureSpi
                                     ^
  symbol:   class CustomSignatureSpi
  location: class SignatureSpi_5
./Data/java_security/javaFiles/SignatureSpi_5.java:8: error: method engineInitSign in class SignatureSpi cannot be applied to given types;
        signature.engineInitSign(null);
                 ^
  required: PrivateKey
  found:    <null>
  reason: engineInitSign(PrivateKey) has protected access in SignatureSpi
./Data/java_security/javaFiles/SignatureSpi_5.java:9: error: method engineUpdate in class SignatureSpi cannot be applied to given types;
        signature.engineUpdate(dataToSign, 0, dataToSign.length);
                 ^
  required: byte[],int,int
  found:    byte[],int,int
  reason: engineUpdate(byte[],int,int) has protected access in SignatureSpi
./Data/java_security/javaFiles/SignatureSpi_5.java:10: error: method engineSign in class SignatureSpi cannot be applied to given types;
        byte[] signatureBytes = signature.engineSign();
                                         ^
  required: no arguments
  found:    no arguments
  reason: engineSign() has protected access in SignatureSpi
Note: Some messages have been simplified; recompile with -Xdiags:verbose to get full output
4 errors


================================================================

Sample: SignedObject_1
----------------------------------------------------------------
output:
./Data/java_security/javaFiles/SignedObject_1.java:19: error: method getObject in class SignedObject cannot be applied to given types;
            Serializable signedObjectData = signedObject.getObject(publicKey);
                                                        ^
  required: no arguments
  found:    PublicKey
  reason: actual and formal argument lists differ in length
1 error


================================================================

Sample: SignedObject_3
----------------------------------------------------------------
output:
./Data/java_security/javaFiles/SignedObject_3.java:19: error: cannot find symbol
        } catch (NoSuchAlgorithmException | InvalidKeyException | SignatureException | InvalidObjectException e) {
                                                                                       ^
  symbol:   class InvalidObjectException
  location: class SignedObject_3
1 error


================================================================

Sample: SignedObject_4
----------------------------------------------------------------
output:
./Data/java_security/javaFiles/SignedObject_4.java:8: error: constructor SignedObject in class SignedObject cannot be applied to given types;
        SignedObject signedObject = new SignedObject("Hello", getPrivateKey());
                                    ^
  required: Serializable,PrivateKey,Signature
  found:    String,PrivateKey
  reason: actual and formal argument lists differ in length
1 error


================================================================

Sample: UnresolvedPermission_1
----------------------------------------------------------------
================================================================

Sample: UnresolvedPermission_3
----------------------------------------------------------------
output:
./Data/java_security/javaFiles/UnresolvedPermission_3.java:5: error: constructor UnresolvedPermission in class UnresolvedPermission cannot be applied to given types;
        UnresolvedPermission unresolvedPermission = new UnresolvedPermission("name", "actions");
                                                    ^
  required: String,String,String,Certificate[]
  found:    String,String
  reason: actual and formal argument lists differ in length
1 error


================================================================

