Sample: ColorSupported_4
----------------------------------------------------------------
output:
./Data/javax_print_attribute_standard/javaFiles/ColorSupported_4.java:6: error: cannot find symbol
        Class<? extends Attribute> category = colorSupported.getCategory();
                        ^
  symbol:   class Attribute
  location: class ColorSupported_4
1 error


================================================================

Sample: ColorSupported_5
----------------------------------------------------------------
stdout:
Category name: color-supported

================================================================

Sample: Compression_2
----------------------------------------------------------------
output:
./Data/javax_print_attribute_standard/javaFiles/Compression_2.java:6: error: cannot find symbol
        Class<? extends Attribute> category = compression.getCategory();
                        ^
  symbol:   class Attribute
  location: class Compression_2
1 error


================================================================

Sample: Compression_3
----------------------------------------------------------------
stdout:
Category Name: compression

================================================================

Sample: Copies_3
----------------------------------------------------------------
stdout:
Are copies1 and copies2 equal? true

================================================================

Sample: Copies_5
----------------------------------------------------------------
output:
./Data/javax_print_attribute_standard/javaFiles/Copies_5.java:6: error: cannot find symbol
        Class<? extends Attribute> category = copies.getCategory();
                        ^
  symbol:   class Attribute
  location: class Copies_5
1 error


================================================================

Sample: DateTimeAtCreation_3
----------------------------------------------------------------
output:
./Data/javax_print_attribute_standard/javaFiles/DateTimeAtCreation_3.java:5: error: constructor DateTimeAtCreation in class DateTimeAtCreation cannot be applied to given types;
        DateTimeAtCreation dateTime1 = new DateTimeAtCreation(2022, 10, 20, 15, 30, 0);
                                       ^
  required: Date
  found:    int,int,int,int,int,int
  reason: actual and formal argument lists differ in length
./Data/javax_print_attribute_standard/javaFiles/DateTimeAtCreation_3.java:6: error: constructor DateTimeAtCreation in class DateTimeAtCreation cannot be applied to given types;
        DateTimeAtCreation dateTime2 = new DateTimeAtCreation(2022, 10, 20, 15, 30, 0);
                                       ^
  required: Date
  found:    int,int,int,int,int,int
  reason: actual and formal argument lists differ in length
2 errors


================================================================

Sample: Destination_2
----------------------------------------------------------------
output:
./Data/javax_print_attribute_standard/javaFiles/Destination_2.java:5: error: incompatible types: String cannot be converted to URI
        Destination dest1 = new Destination("http://example.com/printer1");
                                            ^
./Data/javax_print_attribute_standard/javaFiles/Destination_2.java:6: error: incompatible types: String cannot be converted to URI
        Destination dest2 = new Destination("http://example.com/printer2");
                                            ^
Note: Some messages have been simplified; recompile with -Xdiags:verbose to get full output
2 errors


================================================================

Sample: Destination_5
----------------------------------------------------------------
output:
./Data/javax_print_attribute_standard/javaFiles/Destination_5.java:5: error: incompatible types: String cannot be converted to URI
        Destination destination = new Destination("http://example.com/printer");
                                                  ^
./Data/javax_print_attribute_standard/javaFiles/Destination_5.java:6: error: cannot find symbol
        Class<? extends Attribute> category = destination.getCategory();
                        ^
  symbol:   class Attribute
  location: class Destination_5
Note: Some messages have been simplified; recompile with -Xdiags:verbose to get full output
2 errors


================================================================

Sample: DialogTypeSelection_3
----------------------------------------------------------------
output:
./Data/javax_print_attribute_standard/javaFiles/DialogTypeSelection_3.java:5: error: cannot find symbol
        DialogTypeSelection dialogTypeSelection = DialogTypeSelection.COMMON_SETTINGS;
                                                                     ^
  symbol:   variable COMMON_SETTINGS
  location: class DialogTypeSelection
1 error


================================================================

Sample: DocumentName_1
----------------------------------------------------------------
output:
./Data/javax_print_attribute_standard/javaFiles/DocumentName_1.java:5: error: constructor DocumentName in class DocumentName cannot be applied to given types;
        DocumentName documentName = new DocumentName("SampleDocument");
                                    ^
  required: String,Locale
  found:    String
  reason: actual and formal argument lists differ in length
1 error


================================================================

Sample: DocumentName_2
----------------------------------------------------------------
output:
./Data/javax_print_attribute_standard/javaFiles/DocumentName_2.java:5: error: constructor DocumentName in class DocumentName cannot be applied to given types;
        DocumentName documentName1 = new DocumentName("Document1");
                                     ^
  required: String,Locale
  found:    String
  reason: actual and formal argument lists differ in length
./Data/javax_print_attribute_standard/javaFiles/DocumentName_2.java:6: error: constructor DocumentName in class DocumentName cannot be applied to given types;
        DocumentName documentName2 = new DocumentName("Document1");
                                     ^
  required: String,Locale
  found:    String
  reason: actual and formal argument lists differ in length
2 errors


================================================================

Sample: DocumentName_5
----------------------------------------------------------------
output:
./Data/javax_print_attribute_standard/javaFiles/DocumentName_5.java:6: error: constructor DocumentName in class DocumentName cannot be applied to given types;
        DocumentName documentName = new DocumentName("Sample Document");
                                    ^
  required: String,Locale
  found:    String
  reason: actual and formal argument lists differ in length
1 error


================================================================

Sample: Finishings_2
----------------------------------------------------------------
stdout:
Category: javax.print.attribute.standard.Finishings

================================================================

Sample: Finishings_3
----------------------------------------------------------------
stdout:
Category Name: finishings

================================================================

Sample: JobHoldUntil_3
----------------------------------------------------------------
output:
./Data/javax_print_attribute_standard/javaFiles/JobHoldUntil_3.java:5: error: cannot find symbol
        JobHoldUntil jobHoldUntil1 = new JobHoldUntil(new Date(2022, 10, 15, 12, 30));
                                                          ^
  symbol:   class Date
  location: class JobHoldUntil_3
./Data/javax_print_attribute_standard/javaFiles/JobHoldUntil_3.java:6: error: cannot find symbol
        JobHoldUntil jobHoldUntil2 = new JobHoldUntil(new Date(2022, 10, 15, 12, 30));
                                                          ^
  symbol:   class Date
  location: class JobHoldUntil_3
2 errors


================================================================

Sample: JobImpressions_2
----------------------------------------------------------------
stdout:
jobImpressions1 equals jobImpressions2: true

================================================================

Sample: JobImpressions_5
----------------------------------------------------------------
output:
./Data/javax_print_attribute_standard/javaFiles/JobImpressions_5.java:6: error: cannot find symbol
        Class<? extends Attribute> category = jobImpressions.getCategory();
                        ^
  symbol:   class Attribute
  location: class JobImpressions_5
1 error


================================================================

Sample: JobImpressionsCompleted_3
----------------------------------------------------------------
stdout:
Are attribute1 and attribute2 equivalent? true
Are attribute1 and attribute3 equivalent? false

================================================================

Sample: JobImpressionsSupported_5
----------------------------------------------------------------
output:
./Data/javax_print_attribute_standard/javaFiles/JobImpressionsSupported_5.java:5: error: constructor JobImpressionsSupported in class JobImpressionsSupported cannot be applied to given types;
        JobImpressionsSupported attribute1 = new JobImpressionsSupported(new int[]{1, 2, 3});
                                             ^
  required: int,int
  found:    int[]
  reason: actual and formal argument lists differ in length
./Data/javax_print_attribute_standard/javaFiles/JobImpressionsSupported_5.java:6: error: constructor JobImpressionsSupported in class JobImpressionsSupported cannot be applied to given types;
        JobImpressionsSupported attribute2 = new JobImpressionsSupported(new int[]{1, 2, 3});
                                             ^
  required: int,int
  found:    int[]
  reason: actual and formal argument lists differ in length
2 errors


================================================================

Sample: JobKOctets_2
----------------------------------------------------------------
stdout:
jobKOctets1 equals jobKOctets2: false
jobKOctets1 equals jobKOctets1: true

================================================================

Sample: JobKOctets_5
----------------------------------------------------------------
output:
./Data/javax_print_attribute_standard/javaFiles/JobKOctets_5.java:6: error: cannot find symbol
        Class<? extends Attribute> category = jobKOctets.getCategory();
                        ^
  symbol:   class Attribute
  location: class JobKOctets_5
1 error


================================================================

Sample: JobKOctetsProcessed_2
----------------------------------------------------------------
stdout:
true

================================================================

Sample: JobKOctetsProcessed_5
----------------------------------------------------------------
stdout:
Category: javax.print.attribute.standard.JobKOctetsProcessed

================================================================

Sample: JobMediaSheets_3
----------------------------------------------------------------
stdout:
true

================================================================

Sample: JobMediaSheetsCompleted_3
----------------------------------------------------------------
stdout:
true

================================================================

Sample: JobMessageFromOperator_3
----------------------------------------------------------------
output:
./Data/javax_print_attribute_standard/javaFiles/JobMessageFromOperator_3.java:5: error: constructor JobMessageFromOperator in class JobMessageFromOperator cannot be applied to given types;
        JobMessageFromOperator attribute1 = new JobMessageFromOperator("Message 1");
                                            ^
  required: String,Locale
  found:    String
  reason: actual and formal argument lists differ in length
./Data/javax_print_attribute_standard/javaFiles/JobMessageFromOperator_3.java:6: error: constructor JobMessageFromOperator in class JobMessageFromOperator cannot be applied to given types;
        JobMessageFromOperator attribute2 = new JobMessageFromOperator("Message 2");
                                            ^
  required: String,Locale
  found:    String
  reason: actual and formal argument lists differ in length
2 errors


================================================================

Sample: JobName_1
----------------------------------------------------------------
output:
./Data/javax_print_attribute_standard/javaFiles/JobName_1.java:5: error: constructor JobName in class JobName cannot be applied to given types;
        JobName jobName = new JobName("PrintJob");
                          ^
  required: String,Locale
  found:    String
  reason: actual and formal argument lists differ in length
1 error


================================================================

Sample: JobName_2
----------------------------------------------------------------
stdout:
Are the job names equal? true

================================================================

Sample: JobOriginatingUserName_1
----------------------------------------------------------------
output:
./Data/javax_print_attribute_standard/javaFiles/JobOriginatingUserName_1.java:5: error: constructor JobOriginatingUserName in class JobOriginatingUserName cannot be applied to given types;
        JobOriginatingUserName jobOriginatingUserName = new JobOriginatingUserName("John Doe");
                                                        ^
  required: String,Locale
  found:    String
  reason: actual and formal argument lists differ in length
1 error


================================================================

Sample: JobOriginatingUserName_2
----------------------------------------------------------------
stdout:
Are attribute1 and attribute2 equal? false

================================================================

Sample: JobPriority_3
----------------------------------------------------------------
stdout:
true

================================================================

Sample: JobSheets_3
----------------------------------------------------------------
stdout:
Category name: job-sheets

================================================================

Sample: JobState_3
----------------------------------------------------------------
stdout:
Category name: job-state

================================================================

Sample: JobStateReason_1
----------------------------------------------------------------
output:
./Data/javax_print_attribute_standard/javaFiles/JobStateReason_1.java:6: error: cannot find symbol
        Class<? extends Attribute> category = jobStateReason.getCategory();
                        ^
  symbol:   class Attribute
  location: class JobStateReason_1
1 error


================================================================

Sample: JobStateReason_2
----------------------------------------------------------------
stdout:
Category name: job-state-reason

================================================================

Sample: MediaPrintableArea_1
----------------------------------------------------------------
stdout:
Printable Area: x=0.0, y=0.0, w=8.5, h=11.0

================================================================

Sample: MediaPrintableArea_3
----------------------------------------------------------------
output:
./Data/javax_print_attribute_standard/javaFiles/MediaPrintableArea_3.java:5: error: no suitable constructor found for MediaPrintableArea(int,int,int,int)
        MediaPrintableArea mediaPrintableArea1 = new MediaPrintableArea(0, 0, 100, 100);
                                                 ^
    constructor MediaPrintableArea.MediaPrintableArea(float,float,float,float,int) is not applicable
      (actual and formal argument lists differ in length)
    constructor MediaPrintableArea.MediaPrintableArea(int,int,int,int,int) is not applicable
      (actual and formal argument lists differ in length)
./Data/javax_print_attribute_standard/javaFiles/MediaPrintableArea_3.java:6: error: no suitable constructor found for MediaPrintableArea(int,int,int,int)
        MediaPrintableArea mediaPrintableArea2 = new MediaPrintableArea(0, 0, 100, 100);
                                                 ^
    constructor MediaPrintableArea.MediaPrintableArea(float,float,float,float,int) is not applicable
      (actual and formal argument lists differ in length)
    constructor MediaPrintableArea.MediaPrintableArea(int,int,int,int,int) is not applicable
      (actual and formal argument lists differ in length)
2 errors


================================================================

Sample: MediaPrintableArea_4
----------------------------------------------------------------
stdout:
Category Name: media-printable-area

================================================================

Sample: MediaPrintableArea_5
----------------------------------------------------------------
stdout:
Category: javax.print.attribute.standard.MediaPrintableArea

================================================================

Sample: MediaSize_2
----------------------------------------------------------------
stdout:
Media size for ISO A4: 210000x297000 um

================================================================

Sample: MediaSize_3
----------------------------------------------------------------
stdout:
Matching MediaSizeName: na-letter

================================================================

Sample: MultipleDocumentHandling_3
----------------------------------------------------------------
output:
./Data/javax_print_attribute_standard/javaFiles/MultipleDocumentHandling_3.java:6: error: cannot find symbol
        Class<? extends Attribute> category = multipleDocumentHandling.getCategory();
                        ^
  symbol:   class Attribute
  location: class MultipleDocumentHandling_3
1 error


================================================================

Sample: MultipleDocumentHandling_4
----------------------------------------------------------------
stdout:
Category Name: multiple-document-handling

================================================================

Sample: NumberOfDocuments_2
----------------------------------------------------------------
stdout:
Are attribute1 and attribute2 equal? true

================================================================

Sample: NumberOfDocuments_5
----------------------------------------------------------------
output:
./Data/javax_print_attribute_standard/javaFiles/NumberOfDocuments_5.java:6: error: cannot find symbol
        Class<? extends Attribute> category = numberOfDocuments.getCategory();
                        ^
  symbol:   class Attribute
  location: class NumberOfDocuments_5
1 error


================================================================

Sample: NumberOfInterveningJobs_2
----------------------------------------------------------------
stdout:
true

================================================================

Sample: NumberOfInterveningJobs_5
----------------------------------------------------------------
output:
./Data/javax_print_attribute_standard/javaFiles/NumberOfInterveningJobs_5.java:6: error: cannot find symbol
        Class<? extends Attribute> category = numberOfInterveningJobs.getCategory();
                        ^
  symbol:   class Attribute
  location: class NumberOfInterveningJobs_5
1 error


================================================================

Sample: NumberUp_3
----------------------------------------------------------------
stdout:
Are numberUp1 and numberUp2 equal? true

================================================================

Sample: OutputDeviceAssigned_1
----------------------------------------------------------------
output:
./Data/javax_print_attribute_standard/javaFiles/OutputDeviceAssigned_1.java:5: error: constructor OutputDeviceAssigned in class OutputDeviceAssigned cannot be applied to given types;
        OutputDeviceAssigned attribute = new OutputDeviceAssigned("Printer1");
                                         ^
  required: String,Locale
  found:    String
  reason: actual and formal argument lists differ in length
1 error


================================================================

Sample: OutputDeviceAssigned_2
----------------------------------------------------------------
output:
./Data/javax_print_attribute_standard/javaFiles/OutputDeviceAssigned_2.java:5: error: constructor OutputDeviceAssigned in class OutputDeviceAssigned cannot be applied to given types;
        OutputDeviceAssigned attribute = new OutputDeviceAssigned("Printer1");
                                         ^
  required: String,Locale
  found:    String
  reason: actual and formal argument lists differ in length
./Data/javax_print_attribute_standard/javaFiles/OutputDeviceAssigned_2.java:6: error: cannot find symbol
        Class<? extends Attribute> category = attribute.getCategory();
                        ^
  symbol:   class Attribute
  location: class OutputDeviceAssigned_2
2 errors


================================================================

Sample: OutputDeviceAssigned_4
----------------------------------------------------------------
output:
./Data/javax_print_attribute_standard/javaFiles/OutputDeviceAssigned_4.java:5: error: constructor OutputDeviceAssigned in class OutputDeviceAssigned cannot be applied to given types;
        OutputDeviceAssigned attribute1 = new OutputDeviceAssigned("Printer1");
                                          ^
  required: String,Locale
  found:    String
  reason: actual and formal argument lists differ in length
./Data/javax_print_attribute_standard/javaFiles/OutputDeviceAssigned_4.java:6: error: constructor OutputDeviceAssigned in class OutputDeviceAssigned cannot be applied to given types;
        OutputDeviceAssigned attribute2 = new OutputDeviceAssigned("Printer1");
                                          ^
  required: String,Locale
  found:    String
  reason: actual and formal argument lists differ in length
2 errors


================================================================

Sample: PageRanges_4
----------------------------------------------------------------
stdout:
Are the page ranges equal? true

================================================================

Sample: PagesPerMinute_3
----------------------------------------------------------------
stdout:
true

================================================================

Sample: PagesPerMinuteColor_3
----------------------------------------------------------------
stdout:
true

================================================================

Sample: PagesPerMinuteColor_5
----------------------------------------------------------------
output:
./Data/javax_print_attribute_standard/javaFiles/PagesPerMinuteColor_5.java:6: error: cannot find symbol
        Class<? extends Attribute> category = ppmColor.getCategory();
                        ^
  symbol:   class Attribute
  location: class PagesPerMinuteColor_5
1 error


================================================================

Sample: PDLOverrideSupported_2
----------------------------------------------------------------
output:
./Data/javax_print_attribute_standard/javaFiles/PDLOverrideSupported_2.java:6: error: incompatible types: PDLOverrideSupported cannot be converted to int
        PDLOverrideSupported pdlOverrideSupported = new PDLOverrideSupported(PDLOverrideSupported.ATTEMPTED);
                                                                                                 ^
Note: Some messages have been simplified; recompile with -Xdiags:verbose to get full output
1 error


================================================================

Sample: PDLOverrideSupported_3
----------------------------------------------------------------
output:
./Data/javax_print_attribute_standard/javaFiles/PDLOverrideSupported_3.java:5: error: constructor PDLOverrideSupported in class PDLOverrideSupported cannot be applied to given types;
        PDLOverrideSupported pdlOverrideSupported = new PDLOverrideSupported();
                                                    ^
  required: int
  found:    no arguments
  reason: actual and formal argument lists differ in length
1 error


================================================================

Sample: PDLOverrideSupported_5
----------------------------------------------------------------
output:
./Data/javax_print_attribute_standard/javaFiles/PDLOverrideSupported_5.java:5: error: incompatible types: PDLOverrideSupported cannot be converted to int
        PDLOverrideSupported pdlOverrideSupported = new PDLOverrideSupported(PDLOverrideSupported.ATTEMPTED);
                                                                                                 ^
./Data/javax_print_attribute_standard/javaFiles/PDLOverrideSupported_5.java:6: error: cannot find symbol
        EnumSyntax[] enumValueTable = pdlOverrideSupported.getEnumValueTable();
        ^
  symbol:   class EnumSyntax
  location: class PDLOverrideSupported_5
./Data/javax_print_attribute_standard/javaFiles/PDLOverrideSupported_5.java:6: error: getEnumValueTable() has protected access in PDLOverrideSupported
        EnumSyntax[] enumValueTable = pdlOverrideSupported.getEnumValueTable();
                                                          ^
./Data/javax_print_attribute_standard/javaFiles/PDLOverrideSupported_5.java:8: error: cannot find symbol
        for(EnumSyntax enumValue : enumValueTable) {
            ^
  symbol:   class EnumSyntax
  location: class PDLOverrideSupported_5
Note: Some messages have been simplified; recompile with -Xdiags:verbose to get full output
4 errors


================================================================

Sample: PresentationDirection_2
----------------------------------------------------------------
output:
./Data/javax_print_attribute_standard/javaFiles/PresentationDirection_2.java:5: error: cannot find symbol
        PresentationDirection presentationDirection = PresentationDirection.NEXT_TO_BOTTOM;
                                                                           ^
  symbol:   variable NEXT_TO_BOTTOM
  location: class PresentationDirection
./Data/javax_print_attribute_standard/javaFiles/PresentationDirection_2.java:6: error: cannot find symbol
        Class<? extends Attribute> category = presentationDirection.getCategory();
                        ^
  symbol:   class Attribute
  location: class PresentationDirection_2
2 errors


================================================================

Sample: PresentationDirection_3
----------------------------------------------------------------
output:
./Data/javax_print_attribute_standard/javaFiles/PresentationDirection_3.java:5: error: cannot find symbol
        PresentationDirection presentationDirection = PresentationDirection.TO_LEFT;
                                                                           ^
  symbol:   variable TO_LEFT
  location: class PresentationDirection
1 error


================================================================

Sample: PrinterInfo_2
----------------------------------------------------------------
stdout:
Are printerInfo1 and printerInfo2 equal? true

================================================================

Sample: PrinterInfo_5
----------------------------------------------------------------
output:
./Data/javax_print_attribute_standard/javaFiles/PrinterInfo_5.java:6: error: constructor PrinterInfo in class PrinterInfo cannot be applied to given types;
        PrinterInfo printerInfo = new PrinterInfo("Printer Name");
                                  ^
  required: String,Locale
  found:    String
  reason: actual and formal argument lists differ in length
1 error


================================================================

Sample: PrinterIsAcceptingJobs_3
----------------------------------------------------------------
output:
./Data/javax_print_attribute_standard/javaFiles/PrinterIsAcceptingJobs_3.java:5: error: cannot find symbol
        PrinterIsAcceptingJobs attribute = PrinterIsAcceptingJobs.ACCEPTING;
                                                                 ^
  symbol:   variable ACCEPTING
  location: class PrinterIsAcceptingJobs
1 error


================================================================

Sample: PrinterIsAcceptingJobs_4
----------------------------------------------------------------
output:
./Data/javax_print_attribute_standard/javaFiles/PrinterIsAcceptingJobs_4.java:5: error: cannot find symbol
        PrinterIsAcceptingJobs printerIsAcceptingJobs = PrinterIsAcceptingJobs.ACCEPTING;
                                                                              ^
  symbol:   variable ACCEPTING
  location: class PrinterIsAcceptingJobs
./Data/javax_print_attribute_standard/javaFiles/PrinterIsAcceptingJobs_4.java:6: error: cannot find symbol
        Class<? extends Attribute> category = printerIsAcceptingJobs.getCategory();
                        ^
  symbol:   class Attribute
  location: class PrinterIsAcceptingJobs_4
2 errors


================================================================

Sample: PrinterLocation_1
----------------------------------------------------------------
output:
./Data/javax_print_attribute_standard/javaFiles/PrinterLocation_1.java:5: error: constructor PrinterLocation in class PrinterLocation cannot be applied to given types;
        PrinterLocation printerLocation = new PrinterLocation("Room 101");
                                          ^
  required: String,Locale
  found:    String
  reason: actual and formal argument lists differ in length
1 error


================================================================

Sample: PrinterLocation_3
----------------------------------------------------------------
output:
./Data/javax_print_attribute_standard/javaFiles/PrinterLocation_3.java:5: error: constructor PrinterLocation in class PrinterLocation cannot be applied to given types;
        PrinterLocation location1 = new PrinterLocation("Office");
                                    ^
  required: String,Locale
  found:    String
  reason: actual and formal argument lists differ in length
./Data/javax_print_attribute_standard/javaFiles/PrinterLocation_3.java:6: error: constructor PrinterLocation in class PrinterLocation cannot be applied to given types;
        PrinterLocation location2 = new PrinterLocation("Office");
                                    ^
  required: String,Locale
  found:    String
  reason: actual and formal argument lists differ in length
2 errors


================================================================

Sample: PrinterMakeAndModel_3
----------------------------------------------------------------
output:
./Data/javax_print_attribute_standard/javaFiles/PrinterMakeAndModel_3.java:5: error: constructor PrinterMakeAndModel in class PrinterMakeAndModel cannot be applied to given types;
        PrinterMakeAndModel printer1 = new PrinterMakeAndModel("Epson");
                                       ^
  required: String,Locale
  found:    String
  reason: actual and formal argument lists differ in length
./Data/javax_print_attribute_standard/javaFiles/PrinterMakeAndModel_3.java:6: error: constructor PrinterMakeAndModel in class PrinterMakeAndModel cannot be applied to given types;
        PrinterMakeAndModel printer2 = new PrinterMakeAndModel("Epson");
                                       ^
  required: String,Locale
  found:    String
  reason: actual and formal argument lists differ in length
2 errors


================================================================

Sample: PrinterMessageFromOperator_3
----------------------------------------------------------------
stdout:
Are the messages equal? true

================================================================

Sample: PrinterMoreInfo_3
----------------------------------------------------------------
output:
./Data/javax_print_attribute_standard/javaFiles/PrinterMoreInfo_3.java:5: error: incompatible types: String cannot be converted to URI
        PrinterMoreInfo printerMoreInfo1 = new PrinterMoreInfo("http://printer1info.com");
                                                               ^
./Data/javax_print_attribute_standard/javaFiles/PrinterMoreInfo_3.java:6: error: incompatible types: String cannot be converted to URI
        PrinterMoreInfo printerMoreInfo2 = new PrinterMoreInfo("http://printer2info.com");
                                                               ^
Note: Some messages have been simplified; recompile with -Xdiags:verbose to get full output
2 errors


================================================================

Sample: PrinterMoreInfoManufacturer_2
----------------------------------------------------------------
output:
./Data/javax_print_attribute_standard/javaFiles/PrinterMoreInfoManufacturer_2.java:5: error: incompatible types: String cannot be converted to URI
        PrinterMoreInfoManufacturer attribute1 = new PrinterMoreInfoManufacturer("http://example.com/printer1");
                                                                                 ^
./Data/javax_print_attribute_standard/javaFiles/PrinterMoreInfoManufacturer_2.java:6: error: incompatible types: String cannot be converted to URI
        PrinterMoreInfoManufacturer attribute2 = new PrinterMoreInfoManufacturer("http://example.com/printer2");
                                                                                 ^
Note: Some messages have been simplified; recompile with -Xdiags:verbose to get full output
2 errors


================================================================

Sample: PrinterMoreInfoManufacturer_5
----------------------------------------------------------------
output:
./Data/javax_print_attribute_standard/javaFiles/PrinterMoreInfoManufacturer_5.java:5: error: incompatible types: String cannot be converted to URI
        PrinterMoreInfoManufacturer attribute = new PrinterMoreInfoManufacturer("http://example.com/printer");
                                                                                ^
./Data/javax_print_attribute_standard/javaFiles/PrinterMoreInfoManufacturer_5.java:6: error: cannot find symbol
        Class<? extends Attribute> category = attribute.getCategory();
                        ^
  symbol:   class Attribute
  location: class PrinterMoreInfoManufacturer_5
Note: Some messages have been simplified; recompile with -Xdiags:verbose to get full output
2 errors


================================================================

Sample: PrinterName_1
----------------------------------------------------------------
stdout:
Category name: printer-name

================================================================

Sample: PrinterName_2
----------------------------------------------------------------
stdout:
Are printer names equal? true

================================================================

Sample: PrinterResolution_3
----------------------------------------------------------------
stdout:
Are the resolutions equal? true

================================================================

Sample: PrinterState_5
----------------------------------------------------------------
stdout:
Category name: printer-state

================================================================

Sample: PrinterStateReason_1
----------------------------------------------------------------
output:
./Data/javax_print_attribute_standard/javaFiles/PrinterStateReason_1.java:6: error: cannot find symbol
        Class<? extends Attribute> category = printerStateReason.getCategory();
                        ^
  symbol:   class Attribute
  location: class PrinterStateReason_1
1 error


================================================================

Sample: PrinterStateReason_2
----------------------------------------------------------------
stdout:
Category Name: printer-state-reason

================================================================

Sample: PrinterStateReasons_1
----------------------------------------------------------------
output:
./Data/javax_print_attribute_standard/javaFiles/PrinterStateReasons_1.java:6: error: cannot find symbol
        PrinterStateReasons printerStateReasons = new PrinterStateReasons(PrinterStateReasons.MEDIA_NEEDED);
                                                                                             ^
  symbol:   variable MEDIA_NEEDED
  location: class PrinterStateReasons
1 error


================================================================

Sample: PrinterStateReasons_2
----------------------------------------------------------------
output:
./Data/javax_print_attribute_standard/javaFiles/PrinterStateReasons_2.java:5: error: cannot find symbol
        PrinterStateReasons printerStateReasons = new PrinterStateReasons(PrinterStateReasons.OTHER);
                                                                                             ^
  symbol:   variable OTHER
  location: class PrinterStateReasons
1 error


================================================================

Sample: PrinterURI_2
----------------------------------------------------------------
output:
./Data/javax_print_attribute_standard/javaFiles/PrinterURI_2.java:5: error: incompatible types: String cannot be converted to URI
        PrinterURI printerURI1 = new PrinterURI("printer1");
                                                ^
./Data/javax_print_attribute_standard/javaFiles/PrinterURI_2.java:6: error: incompatible types: String cannot be converted to URI
        PrinterURI printerURI2 = new PrinterURI("printer2");
                                                ^
Note: Some messages have been simplified; recompile with -Xdiags:verbose to get full output
2 errors


================================================================

Sample: QueuedJobCount_2
----------------------------------------------------------------
stdout:
true

================================================================

Sample: QueuedJobCount_5
----------------------------------------------------------------
stdout:
Category: javax.print.attribute.standard.QueuedJobCount

================================================================

Sample: ReferenceUriSchemesSupported_2
----------------------------------------------------------------
output:
./Data/javax_print_attribute_standard/javaFiles/ReferenceUriSchemesSupported_2.java:6: error: incompatible types: String cannot be converted to int
        ReferenceUriSchemesSupported attribute = new ReferenceUriSchemesSupported("http");
                                                                                  ^
Note: Some messages have been simplified; recompile with -Xdiags:verbose to get full output
1 error


================================================================

Sample: ReferenceUriSchemesSupported_3
----------------------------------------------------------------
output:
./Data/javax_print_attribute_standard/javaFiles/ReferenceUriSchemesSupported_3.java:5: error: incompatible types: String cannot be converted to int
        ReferenceUriSchemesSupported attribute = new ReferenceUriSchemesSupported("http:");
                                                                                  ^
Note: Some messages have been simplified; recompile with -Xdiags:verbose to get full output
1 error


================================================================

Sample: RequestingUserName_2
----------------------------------------------------------------
output:
./Data/javax_print_attribute_standard/javaFiles/RequestingUserName_2.java:5: error: constructor RequestingUserName in class RequestingUserName cannot be applied to given types;
        RequestingUserName userName1 = new RequestingUserName("John Doe");
                                       ^
  required: String,Locale
  found:    String
  reason: actual and formal argument lists differ in length
./Data/javax_print_attribute_standard/javaFiles/RequestingUserName_2.java:6: error: constructor RequestingUserName in class RequestingUserName cannot be applied to given types;
        RequestingUserName userName2 = new RequestingUserName("Jane Smith");
                                       ^
  required: String,Locale
  found:    String
  reason: actual and formal argument lists differ in length
2 errors


================================================================

Sample: RequestingUserName_4
----------------------------------------------------------------
output:
./Data/javax_print_attribute_standard/javaFiles/RequestingUserName_4.java:5: error: constructor RequestingUserName in class RequestingUserName cannot be applied to given types;
        RequestingUserName requestingUserName = new RequestingUserName("John Doe");
                                                ^
  required: String,Locale
  found:    String
  reason: actual and formal argument lists differ in length
./Data/javax_print_attribute_standard/javaFiles/RequestingUserName_4.java:6: error: cannot find symbol
        Class<? extends Attribute> category = requestingUserName.getCategory();
                        ^
  symbol:   class Attribute
  location: class RequestingUserName_4
2 errors


================================================================

Sample: RequestingUserName_5
----------------------------------------------------------------
output:
./Data/javax_print_attribute_standard/javaFiles/RequestingUserName_5.java:5: error: constructor RequestingUserName in class RequestingUserName cannot be applied to given types;
        RequestingUserName requestingUserName = new RequestingUserName("John Doe");
                                                ^
  required: String,Locale
  found:    String
  reason: actual and formal argument lists differ in length
1 error


================================================================

Sample: SheetCollate_3
----------------------------------------------------------------
output:
./Data/javax_print_attribute_standard/javaFiles/SheetCollate_3.java:6: error: cannot find symbol
        Class<? extends Attribute> category = sheetCollate.getCategory();
                        ^
  symbol:   class Attribute
  location: class SheetCollate_3
1 error


================================================================

Sample: SheetCollate_4
----------------------------------------------------------------
stdout:
Category Name: sheet-collate

================================================================

Sample: SheetCollate_5
----------------------------------------------------------------
output:
./Data/javax_print_attribute_standard/javaFiles/SheetCollate_5.java:5: error: cannot find symbol
        SheetCollate sheetCollate = SheetCollate.SEQUENTIAL;
                                                ^
  symbol:   variable SEQUENTIAL
  location: class SheetCollate
./Data/javax_print_attribute_standard/javaFiles/SheetCollate_5.java:6: error: cannot find symbol
        EnumSyntax[] enumValueTable = sheetCollate.getEnumValueTable();
        ^
  symbol:   class EnumSyntax
  location: class SheetCollate_5
./Data/javax_print_attribute_standard/javaFiles/SheetCollate_5.java:6: error: getEnumValueTable() has protected access in SheetCollate
        EnumSyntax[] enumValueTable = sheetCollate.getEnumValueTable();
                                                  ^
./Data/javax_print_attribute_standard/javaFiles/SheetCollate_5.java:8: error: cannot find symbol
        for(EnumSyntax enumSyntax : enumValueTable) {
            ^
  symbol:   class EnumSyntax
  location: class SheetCollate_5
4 errors


================================================================

Sample: Sides_3
----------------------------------------------------------------
stdout:
Category name: sides

================================================================

