Sample: AbstractDocument_1
----------------------------------------------------------------
output:
./Data/javax_swing_text/javaFiles/AbstractDocument_1.java:7: error: no suitable constructor found for AbstractDocument(no arguments)
        AbstractDocument document = new AbstractDocument() {
                                    ^
    constructor AbstractDocument.AbstractDocument(Content) is not applicable
      (actual and formal argument lists differ in length)
    constructor AbstractDocument.AbstractDocument(Content,AttributeContext) is not applicable
      (actual and formal argument lists differ in length)
./Data/javax_swing_text/javaFiles/AbstractDocument_1.java:7: error: <anonymous AbstractDocument_1$1> is not abstract and does not override abstract method getParagraphElement(int) in AbstractDocument
        AbstractDocument document = new AbstractDocument() {
                                                           ^
2 errors


================================================================

Sample: AbstractDocument_2
----------------------------------------------------------------
output:
./Data/javax_swing_text/javaFiles/AbstractDocument_2.java:6: error: no suitable constructor found for AbstractDocument(no arguments)
        AbstractDocument document = new AbstractDocument() {
                                    ^
    constructor AbstractDocument.AbstractDocument(Content) is not applicable
      (actual and formal argument lists differ in length)
    constructor AbstractDocument.AbstractDocument(Content,AttributeContext) is not applicable
      (actual and formal argument lists differ in length)
./Data/javax_swing_text/javaFiles/AbstractDocument_2.java:6: error: <anonymous AbstractDocument_2$1> is not abstract and does not override abstract method getParagraphElement(int) in AbstractDocument
        AbstractDocument document = new AbstractDocument() {
                                                           ^
2 errors


================================================================

Sample: AbstractDocument_3
----------------------------------------------------------------
output:
./Data/javax_swing_text/javaFiles/AbstractDocument_3.java:6: error: AbstractDocument is abstract; cannot be instantiated
        AbstractDocument document = new AbstractDocument();
                                    ^
1 error


================================================================

Sample: AbstractDocument_4
----------------------------------------------------------------
output:
./Data/javax_swing_text/javaFiles/AbstractDocument_4.java:7: error: AbstractDocument is abstract; cannot be instantiated
        AbstractDocument document = new AbstractDocument();
                                    ^
1 error


================================================================

Sample: AbstractDocument_5
----------------------------------------------------------------
output:
./Data/javax_swing_text/javaFiles/AbstractDocument_5.java:5: error: AbstractDocument is abstract; cannot be instantiated
        AbstractDocument document = new AbstractDocument();
                                    ^
1 error


================================================================

Sample: AbstractWriter_1
----------------------------------------------------------------
output:
./Data/javax_swing_text/javaFiles/AbstractWriter_1.java:8: error: no suitable constructor found for AbstractWriter(no arguments)
        AbstractWriter writer = new AbstractWriter() {
                                ^
    constructor AbstractWriter.AbstractWriter(Writer,Document) is not applicable
      (actual and formal argument lists differ in length)
    constructor AbstractWriter.AbstractWriter(Writer,Document,int,int) is not applicable
      (actual and formal argument lists differ in length)
    constructor AbstractWriter.AbstractWriter(Writer,Element) is not applicable
      (actual and formal argument lists differ in length)
    constructor AbstractWriter.AbstractWriter(Writer,Element,int,int) is not applicable
      (actual and formal argument lists differ in length)
1 error


================================================================

Sample: AbstractWriter_2
----------------------------------------------------------------
================================================================

Sample: AsyncBoxView_1
----------------------------------------------------------------
output:
./Data/javax_swing_text/javaFiles/AsyncBoxView_1.java:6: error: constructor AsyncBoxView in class AsyncBoxView cannot be applied to given types;
        AsyncBoxView asyncBoxView = new AsyncBoxView(null);
                                    ^
  required: Element,int
  found:    <null>
  reason: actual and formal argument lists differ in length
./Data/javax_swing_text/javaFiles/AsyncBoxView_1.java:7: error: View is abstract; cannot be instantiated
        View parentView = new View(null);
                          ^
2 errors


================================================================

Sample: BoxView_1
----------------------------------------------------------------
output:
./Data/javax_swing_text/javaFiles/BoxView_1.java:5: error: cannot find symbol
        BoxView boxView = new BoxView(null, View.Y_AXIS);
                                            ^
  symbol:   variable View
  location: class BoxView_1
1 error


================================================================

Sample: BoxView_2
----------------------------------------------------------------
================================================================

Sample: BoxView_5
----------------------------------------------------------------
output:
./Data/javax_swing_text/javaFiles/BoxView_5.java:6: error: layout(int,int) has protected access in BoxView
        boxView.layout(100, 50);
               ^
1 error


================================================================

Sample: ComponentView_2
----------------------------------------------------------------
================================================================

Sample: ComponentView_3
----------------------------------------------------------------
stdout:
Preferred span along X_AXIS: 0.0

================================================================

Sample: ComponentView_4
----------------------------------------------------------------
output:
./Data/javax_swing_text/javaFiles/ComponentView_4.java:13: error: Shape is abstract; cannot be instantiated
        Shape a = new Shape(); // Define the allocated region to render into
                  ^
./Data/javax_swing_text/javaFiles/ComponentView_4.java:25: error: constructor ComponentView in class ComponentView cannot be applied to given types;
    static class ComponentView extends javax.swing.text.ComponentView {
           ^
  required: Element
  found:    no arguments
  reason: actual and formal argument lists differ in length
2 errors


================================================================

Sample: ComponentView_5
----------------------------------------------------------------
output:
./Data/javax_swing_text/javaFiles/ComponentView_5.java:9: error: cannot find symbol
        Shape a = null;
        ^
  symbol:   class Shape
  location: class ComponentView_5
1 error


================================================================

Sample: CompositeView_1
----------------------------------------------------------------
output:
./Data/javax_swing_text/javaFiles/CompositeView_1.java:5: error: CompositeView is abstract; cannot be instantiated
        CompositeView compositeView = new CompositeView();
                                      ^
1 error


================================================================

Sample: CompositeView_2
----------------------------------------------------------------
output:
./Data/javax_swing_text/javaFiles/CompositeView_2.java:6: error: CompositeView is abstract; cannot be instantiated
        CompositeView compositeView = new CompositeView(null);
                                      ^
1 error


================================================================

Sample: CompositeView_3
----------------------------------------------------------------
output:
./Data/javax_swing_text/javaFiles/CompositeView_3.java:6: error: CompositeView is abstract; cannot be instantiated
        CompositeView compositeView = new CompositeView();
                                      ^
1 error


================================================================

Sample: DateFormatter_1
----------------------------------------------------------------
================================================================

Sample: DefaultCaret_1
----------------------------------------------------------------
================================================================

Sample: DefaultCaret_2
----------------------------------------------------------------
stderr:
Exception in thread "main" java.lang.NullPointerException: Cannot invoke "javax.swing.text.JTextComponent.getHighlighter()" because "this.component" is null
	at java.desktop/javax.swing.text.DefaultCaret.setSelectionVisible(DefaultCaret.java:895)
	at DefaultCaret_2.main(DefaultCaret_2.java:6)

================================================================

Sample: DefaultCaret_3
----------------------------------------------------------------
================================================================

Sample: DefaultCaret_4
----------------------------------------------------------------
stdout:
isActive(): true
isVisible(): false
isActive(): false
isVisible(): false

================================================================

Sample: DefaultCaret_5
----------------------------------------------------------------
stderr:
Exception in thread "main" java.lang.NullPointerException: Cannot invoke "javax.swing.text.JTextComponent.getNavigationFilter()" because "this.component" is null
	at java.desktop/javax.swing.text.DefaultCaret.setDot(DefaultCaret.java:1187)
	at java.desktop/javax.swing.text.DefaultCaret.setDot(DefaultCaret.java:1090)
	at DefaultCaret_5.main(DefaultCaret_5.java:6)

================================================================

Sample: DefaultEditorKit_5
----------------------------------------------------------------
stdout:


================================================================

Sample: DefaultEditorKit_BeepAction_1
----------------------------------------------------------------
output:
./Data/javax_swing_text/javaFiles/DefaultEditorKit_BeepAction_1.java:7: error: non-static variable this cannot be referenced from a static context
        beepAction.actionPerformed(new ActionEvent(this, ActionEvent.ACTION_PERFORMED, "Beep"));
                                                   ^
1 error


================================================================

Sample: DefaultEditorKit_CopyAction_1
----------------------------------------------------------------
output:
./Data/javax_swing_text/javaFiles/DefaultEditorKit_CopyAction_1.java:7: error: non-static variable this cannot be referenced from a static context
        copyAction.actionPerformed(new ActionEvent(this, ActionEvent.ACTION_PERFORMED, "Copy"));
                                                   ^
1 error


================================================================

Sample: DefaultEditorKit_CutAction_1
----------------------------------------------------------------
output:
./Data/javax_swing_text/javaFiles/DefaultEditorKit_CutAction_1.java:7: error: non-static variable this cannot be referenced from a static context
        ActionEvent actionEvent = new ActionEvent(this, ActionEvent.ACTION_PERFORMED, "Cut");
                                                  ^
1 error


================================================================

Sample: DefaultEditorKit_DefaultKeyTypedAction_1
----------------------------------------------------------------
output:
./Data/javax_swing_text/javaFiles/DefaultEditorKit_DefaultKeyTypedAction_1.java:7: error: non-static variable this cannot be referenced from a static context
        keyTypedAction.actionPerformed(new ActionEvent(this, ActionEvent.ACTION_PERFORMED, "Key Typed"));
                                                       ^
1 error


================================================================

Sample: DefaultEditorKit_InsertBreakAction_1
----------------------------------------------------------------
output:
./Data/javax_swing_text/javaFiles/DefaultEditorKit_InsertBreakAction_1.java:7: error: non-static variable this cannot be referenced from a static context
        insertBreakAction.actionPerformed(new ActionEvent(this, ActionEvent.ACTION_PERFORMED, "Insert Break"));
                                                          ^
1 error


================================================================

Sample: DefaultEditorKit_PasteAction_1
----------------------------------------------------------------
output:
./Data/javax_swing_text/javaFiles/DefaultEditorKit_PasteAction_1.java:7: error: non-static variable this cannot be referenced from a static context
        pasteAction.actionPerformed(new ActionEvent(this, ActionEvent.ACTION_PERFORMED, "Paste"));
                                                    ^
1 error


================================================================

Sample: DefaultFormatter_1
----------------------------------------------------------------
output:
./Data/javax_swing_text/javaFiles/DefaultFormatter_1.java:2: error: cannot find symbol
import javax.swing.text.JFormattedTextField;
                       ^
  symbol:   class JFormattedTextField
  location: package javax.swing.text
1 error


================================================================

Sample: DefaultFormatter_2
----------------------------------------------------------------
output:
./Data/javax_swing_text/javaFiles/DefaultFormatter_2.java:2: error: cannot find symbol
import javax.swing.text.JFormattedTextField;
                       ^
  symbol:   class JFormattedTextField
  location: package javax.swing.text
1 error


================================================================

Sample: DefaultFormatter_3
----------------------------------------------------------------
================================================================

Sample: DefaultFormatter_5
----------------------------------------------------------------
================================================================

Sample: DefaultFormatterFactory_1
----------------------------------------------------------------
================================================================

Sample: DefaultHighlighter_1
----------------------------------------------------------------
================================================================

Sample: DefaultHighlighter_DefaultHighlightPainter_1
----------------------------------------------------------------
stdout:
Color of the highlight: java.awt.Color[r=255,g=255,b=0]

================================================================

Sample: DefaultHighlighter_DefaultHighlightPainter_2
----------------------------------------------------------------
stderr:
java.lang.Error: no ComponentUI class for: DefaultHighlighter_DefaultHighlightPainter_2$1[,0,0,0x0,invalid,alignmentX=0.0,alignmentY=0.0,border=,flags=0,maximumSize=,minimumSize=,preferredSize=,caretColor=,disabledTextColor=,editable=true,margin=,selectedTextColor=,selectionColor=]
	at java.desktop/javax.swing.UIDefaults.getUIError(UIDefaults.java:763)
	at java.desktop/javax.swing.MultiUIDefaults.getUIError(MultiUIDefaults.java:144)
	at java.desktop/javax.swing.UIDefaults.getUI(UIDefaults.java:793)
	at java.desktop/javax.swing.UIManager.getUI(UIManager.java:1073)
	at java.desktop/javax.swing.text.JTextComponent.updateUI(JTextComponent.java:352)
	at java.desktop/javax.swing.text.JTextComponent.<init>(JTextComponent.java:326)
	at DefaultHighlighter_DefaultHighlightPainter_2$1.<init>(DefaultHighlighter_DefaultHighlightPainter_2.java:10)
	at DefaultHighlighter_DefaultHighlightPainter_2.main(DefaultHighlighter_DefaultHighlightPainter_2.java:10)
	at java.base/jdk.internal.reflect.NativeMethodAccessorImpl.invoke0(Native Method)
	at java.base/jdk.internal.reflect.NativeMethodAccessorImpl.invoke(NativeMethodAccessorImpl.java:77)
	at java.base/jdk.internal.reflect.DelegatingMethodAccessorImpl.invoke(DelegatingMethodAccessorImpl.java:43)
	at java.base/java.lang.reflect.Method.invoke(Method.java:569)
	at jdk.compiler/com.sun.tools.javac.launcher.Main.execute(Main.java:419)
	at jdk.compiler/com.sun.tools.javac.launcher.Main.run(Main.java:192)
	at jdk.compiler/com.sun.tools.javac.launcher.Main.main(Main.java:132)

================================================================

Sample: DefaultHighlighter_DefaultHighlightPainter_3
----------------------------------------------------------------
output:
./Data/javax_swing_text/javaFiles/DefaultHighlighter_DefaultHighlightPainter_3.java:10: error: method does not override or implement a method from a supertype
            @Override
            ^
1 error


================================================================

Sample: DefaultStyledDocument_3
----------------------------------------------------------------
stdout:
LeafElement(content) 0,1


================================================================

Sample: DefaultStyledDocument_4
----------------------------------------------------------------
output:
./Data/javax_swing_text/javaFiles/DefaultStyledDocument_4.java:7: error: cannot find symbol
        StyledDocument styledDocument = new DefaultStyledDocument();
                                            ^
  symbol:   class DefaultStyledDocument
  location: class DefaultStyledDocument_4
1 error


================================================================

Sample: DefaultStyledDocument_5
----------------------------------------------------------------
stdout:
Styles added successfully: NamedStyle:parentStyle {name=parentStyle,}, NamedStyle:childStyle {name=childStyle,resolver=AttributeSet,}

================================================================

Sample: DefaultStyledDocument_AttributeUndoableEdit_3
----------------------------------------------------------------
output:
./Data/javax_swing_text/javaFiles/DefaultStyledDocument_AttributeUndoableEdit_3.java:5: error: constructor AttributeUndoableEdit in class AttributeUndoableEdit cannot be applied to given types;
        DefaultStyledDocument.AttributeUndoableEdit edit = new DefaultStyledDocument.AttributeUndoableEdit();
                                                           ^
  required: Element,AttributeSet,boolean
  found:    no arguments
  reason: actual and formal argument lists differ in length
./Data/javax_swing_text/javaFiles/DefaultStyledDocument_AttributeUndoableEdit_3.java:8: error: cannot find symbol
        } catch (CannotRedoException e) {
                 ^
  symbol:   class CannotRedoException
  location: class DefaultStyledDocument_AttributeUndoableEdit_3
2 errors


================================================================

Sample: DefaultStyledDocument_AttributeUndoableEdit_4
----------------------------------------------------------------
output:
./Data/javax_swing_text/javaFiles/DefaultStyledDocument_AttributeUndoableEdit_4.java:5: error: constructor AttributeUndoableEdit in class AttributeUndoableEdit cannot be applied to given types;
        AttributeUndoableEdit edit = new AttributeUndoableEdit();
                                     ^
  required: Element,AttributeSet,boolean
  found:    no arguments
  reason: actual and formal argument lists differ in length
./Data/javax_swing_text/javaFiles/DefaultStyledDocument_AttributeUndoableEdit_4.java:8: error: cannot find symbol
        } catch (CannotUndoException e) {
                 ^
  symbol:   class CannotUndoException
  location: class DefaultStyledDocument_AttributeUndoableEdit_4
2 errors


================================================================

Sample: DefaultStyledDocument_ElementSpec_2
----------------------------------------------------------------
output:
./Data/javax_swing_text/javaFiles/DefaultStyledDocument_ElementSpec_2.java:5: error: no suitable constructor found for ElementSpec(<null>,short,<null>,int)
        DefaultStyledDocument.ElementSpec elementSpec = new DefaultStyledDocument.ElementSpec(null, DefaultStyledDocument.ElementSpec.EndTagType, null, 0);
                                                        ^
    constructor ElementSpec.ElementSpec(AttributeSet,short) is not applicable
      (actual and formal argument lists differ in length)
    constructor ElementSpec.ElementSpec(AttributeSet,short,int) is not applicable
      (actual and formal argument lists differ in length)
    constructor ElementSpec.ElementSpec(AttributeSet,short,char[],int,int) is not applicable
      (actual and formal argument lists differ in length)
1 error


================================================================

Sample: DocumentFilter_FilterBypass_1
----------------------------------------------------------------
output:
./Data/javax_swing_text/javaFiles/DocumentFilter_FilterBypass_1.java:7: error: <anonymous DocumentFilter_FilterBypass_1$1> is not abstract and does not override abstract method getDocument() in FilterBypass
        DocumentFilter.FilterBypass filterBypass = new DocumentFilter.FilterBypass() {
                                                                                     ^
1 error


================================================================

Sample: DocumentFilter_FilterBypass_2
----------------------------------------------------------------
output:
./Data/javax_swing_text/javaFiles/DocumentFilter_FilterBypass_2.java:18: error: cannot find symbol
            public void insertString(int offset, String string, AttributeSet attr) throws BadLocationException {
                                                                ^
  symbol: class AttributeSet
./Data/javax_swing_text/javaFiles/DocumentFilter_FilterBypass_2.java:23: error: cannot find symbol
            public void replace(int offset, int length, String text, AttributeSet attrs) throws BadLocationException {
                                                                     ^
  symbol: class AttributeSet
./Data/javax_swing_text/javaFiles/DocumentFilter_FilterBypass_2.java:6: error: <anonymous DocumentFilter_FilterBypass_2$1> is not abstract and does not override abstract method getDocument() in FilterBypass
        DocumentFilter.FilterBypass filterBypass = new DocumentFilter.FilterBypass() {
                                                                                     ^
./Data/javax_swing_text/javaFiles/DocumentFilter_FilterBypass_2.java:7: error: method does not override or implement a method from a supertype
            @Override
            ^
4 errors


================================================================

Sample: DocumentFilter_FilterBypass_3
----------------------------------------------------------------
output:
./Data/javax_swing_text/javaFiles/DocumentFilter_FilterBypass_3.java:7: error: <anonymous DocumentFilter_FilterBypass_3$1> is not abstract and does not override abstract method getDocument() in FilterBypass
        DocumentFilter.FilterBypass bypass = new DocumentFilter.FilterBypass() {
                                                                               ^
1 error


================================================================

Sample: DocumentFilter_FilterBypass_4
----------------------------------------------------------------
output:
./Data/javax_swing_text/javaFiles/DocumentFilter_FilterBypass_4.java:7: error: cannot find symbol
            public Document getDocument() {
                   ^
  symbol: class Document
./Data/javax_swing_text/javaFiles/DocumentFilter_FilterBypass_4.java:18: error: cannot find symbol
            public void insertString(int offset, String string, AttributeSet attr) {
                                                                ^
  symbol: class AttributeSet
./Data/javax_swing_text/javaFiles/DocumentFilter_FilterBypass_4.java:23: error: cannot find symbol
            public void replace(int offset, int length, String text, AttributeSet attrs) {
                                                                     ^
  symbol: class AttributeSet
./Data/javax_swing_text/javaFiles/DocumentFilter_FilterBypass_4.java:29: error: cannot find symbol
        Document document = filterBypass.getDocument();
        ^
  symbol:   class Document
  location: class DocumentFilter_FilterBypass_4
4 errors


================================================================

Sample: EditorKit_1
----------------------------------------------------------------
output:
./Data/javax_swing_text/javaFiles/EditorKit_1.java:6: error: <anonymous EditorKit_1$1> is not abstract and does not override abstract method write(Writer,Document,int,int) in EditorKit
        EditorKit editorKit = new EditorKit() {
                                              ^
1 error


================================================================

Sample: EditorKit_2
----------------------------------------------------------------
output:
./Data/javax_swing_text/javaFiles/EditorKit_2.java:9: error: <anonymous EditorKit_2$1> is not abstract and does not override abstract method write(Writer,Document,int,int) in EditorKit
        EditorKit editorKit = new EditorKit() {
                                              ^
1 error


================================================================

Sample: EditorKit_3
----------------------------------------------------------------
output:
./Data/javax_swing_text/javaFiles/EditorKit_3.java:9: error: <anonymous EditorKit_3$1> is not abstract and does not override abstract method read(Reader,Document,int) in EditorKit
        EditorKit editorKit = new EditorKit() {
                                              ^
1 error


================================================================

Sample: ElementIterator_4
----------------------------------------------------------------
output:
./Data/javax_swing_text/javaFiles/ElementIterator_4.java:6: error: no suitable constructor found for ElementIterator(no arguments)
        ElementIterator elementIterator = new ElementIterator();
                                          ^
    constructor ElementIterator.ElementIterator(Document) is not applicable
      (actual and formal argument lists differ in length)
    constructor ElementIterator.ElementIterator(Element) is not applicable
      (actual and formal argument lists differ in length)
1 error


================================================================

Sample: FieldView_3
----------------------------------------------------------------
output:
./Data/javax_swing_text/javaFiles/FieldView_3.java:5: error: constructor FieldView in class FieldView cannot be applied to given types;
        FieldView fieldView = new FieldView(null, FieldView.X_AXIS);
                              ^
  required: Element
  found:    <null>,int
  reason: actual and formal argument lists differ in length
1 error


================================================================

Sample: FieldView_4
----------------------------------------------------------------
output:
./Data/javax_swing_text/javaFiles/FieldView_4.java:5: error: class FieldView is public, should be declared in a file named FieldView.java
public class FieldView extends PlainView {
       ^
./Data/javax_swing_text/javaFiles/FieldView_4.java:7: error: cannot find symbol
    public Shape modelToView(int pos, Shape a, Position.Bias b) throws BadLocationException {
                                      ^
  symbol:   class Shape
  location: class FieldView
./Data/javax_swing_text/javaFiles/FieldView_4.java:7: error: cannot find symbol
    public Shape modelToView(int pos, Shape a, Position.Bias b) throws BadLocationException {
           ^
  symbol:   class Shape
  location: class FieldView
./Data/javax_swing_text/javaFiles/FieldView_4.java:20: error: cannot find symbol
            Shape shape = fieldView.modelToView(0, null, Position.Bias.Forward);
            ^
  symbol:   class Shape
  location: class FieldView
4 errors


================================================================

Sample: FieldView_5
----------------------------------------------------------------
output:
./Data/javax_swing_text/javaFiles/FieldView_5.java:9: error: cannot find symbol
        Shape shape = null;
        ^
  symbol:   class Shape
  location: class FieldView_5
1 error


================================================================

Sample: FlowView_1
----------------------------------------------------------------
output:
./Data/javax_swing_text/javaFiles/FlowView_1.java:5: error: FlowView is abstract; cannot be instantiated
        FlowView flowView = new FlowView();
                            ^
1 error


================================================================

Sample: GapContent_1
----------------------------------------------------------------
stdout:
Length of content: 1

================================================================

Sample: GapContent_2
----------------------------------------------------------------
stderr:
javax.swing.text.BadLocationException: Invalid location
	at java.desktop/javax.swing.text.GapContent.getChars(GapContent.java:198)
	at java.desktop/javax.swing.text.GapContent.getString(GapContent.java:176)
	at GapContent_2.main(GapContent_2.java:9)
	at java.base/jdk.internal.reflect.NativeMethodAccessorImpl.invoke0(Native Method)
	at java.base/jdk.internal.reflect.NativeMethodAccessorImpl.invoke(NativeMethodAccessorImpl.java:77)
	at java.base/jdk.internal.reflect.DelegatingMethodAccessorImpl.invoke(DelegatingMethodAccessorImpl.java:43)
	at java.base/java.lang.reflect.Method.invoke(Method.java:569)
	at jdk.compiler/com.sun.tools.javac.launcher.Main.execute(Main.java:419)
	at jdk.compiler/com.sun.tools.javac.launcher.Main.run(Main.java:192)
	at jdk.compiler/com.sun.tools.javac.launcher.Main.main(Main.java:132)

================================================================

Sample: GlyphView_1
----------------------------------------------------------------
stderr:
Exception in thread "main" java.lang.NullPointerException: Cannot invoke "javax.swing.text.Element.getParentElement()" because "elem" is null
	at java.desktop/javax.swing.text.GlyphView.<init>(GlyphView.java:75)
	at GlyphView_1.main(GlyphView_1.java:5)

================================================================

Sample: GlyphView_2
----------------------------------------------------------------
stderr:
Exception in thread "main" java.lang.NullPointerException: Cannot invoke "javax.swing.text.Element.getParentElement()" because "elem" is null
	at java.desktop/javax.swing.text.GlyphView.<init>(GlyphView.java:75)
	at GlyphView_2.main(GlyphView_2.java:5)

================================================================

Sample: GlyphView_3
----------------------------------------------------------------
stderr:
Exception in thread "main" java.lang.NullPointerException: Cannot invoke "javax.swing.text.Element.getParentElement()" because "elem" is null
	at java.desktop/javax.swing.text.GlyphView.<init>(GlyphView.java:75)
	at GlyphView_3.main(GlyphView_3.java:9)

================================================================

Sample: GlyphView_4
----------------------------------------------------------------
output:
./Data/javax_swing_text/javaFiles/GlyphView_4.java:10: error: cannot find symbol
        Shape a = new Rectangle2D.Float(0, 0, 100, 100); // create a new Shape object
        ^
  symbol:   class Shape
  location: class GlyphView_4
./Data/javax_swing_text/javaFiles/GlyphView_4.java:10: error: package Rectangle2D does not exist
        Shape a = new Rectangle2D.Float(0, 0, 100, 100); // create a new Shape object
                                 ^
2 errors


================================================================

Sample: GlyphView_5
----------------------------------------------------------------
stderr:
Exception in thread "main" java.lang.NullPointerException: Cannot invoke "javax.swing.text.Element.getParentElement()" because "elem" is null
	at java.desktop/javax.swing.text.GlyphView.<init>(GlyphView.java:75)
	at GlyphView_5.main(GlyphView_5.java:7)

================================================================

Sample: IconView_3
----------------------------------------------------------------
stderr:
Exception in thread "main" java.lang.NullPointerException: Cannot invoke "javax.swing.text.Element.getAttributes()" because "elem" is null
	at java.desktop/javax.swing.text.IconView.<init>(IconView.java:51)
	at IconView_3.main(IconView_3.java:5)

================================================================

Sample: IconView_4
----------------------------------------------------------------
output:
./Data/javax_swing_text/javaFiles/IconView_4.java:23: error: cannot find symbol
        public IconView(Element elem) {
                        ^
  symbol:   class Element
  location: class IconView
./Data/javax_swing_text/javaFiles/IconView_4.java:22: error: IconView is not abstract and does not override abstract method viewToModel(float,float,Shape,Bias[]) in View
    static class IconView extends View {
           ^
2 errors


================================================================

Sample: IconView_5
----------------------------------------------------------------
output:
./Data/javax_swing_text/javaFiles/IconView_5.java:10: error: Shape is abstract; cannot be instantiated
        Shape a = new Shape();
                  ^
1 error


================================================================

Sample: InternationalFormatter_1
----------------------------------------------------------------
stdout:
123

================================================================

Sample: InternationalFormatter_2
----------------------------------------------------------------
stdout:
String representation of value: 123

================================================================

Sample: JTextComponent_1
----------------------------------------------------------------
stdout:
Is editable: true

stderr:
java.lang.Error: no ComponentUI class for: JTextComponent_1$1[,0,0,0x0,invalid,alignmentX=0.0,alignmentY=0.0,border=,flags=0,maximumSize=,minimumSize=,preferredSize=,caretColor=,disabledTextColor=,editable=true,margin=,selectedTextColor=,selectionColor=]
	at java.desktop/javax.swing.UIDefaults.getUIError(UIDefaults.java:763)
	at java.desktop/javax.swing.MultiUIDefaults.getUIError(MultiUIDefaults.java:144)
	at java.desktop/javax.swing.UIDefaults.getUI(UIDefaults.java:793)
	at java.desktop/javax.swing.UIManager.getUI(UIManager.java:1073)
	at java.desktop/javax.swing.text.JTextComponent.updateUI(JTextComponent.java:352)
	at java.desktop/javax.swing.text.JTextComponent.<init>(JTextComponent.java:326)
	at JTextComponent_1$1.<init>(JTextComponent_1.java:5)
	at JTextComponent_1.main(JTextComponent_1.java:5)
	at java.base/jdk.internal.reflect.NativeMethodAccessorImpl.invoke0(Native Method)
	at java.base/jdk.internal.reflect.NativeMethodAccessorImpl.invoke(NativeMethodAccessorImpl.java:77)
	at java.base/jdk.internal.reflect.DelegatingMethodAccessorImpl.invoke(DelegatingMethodAccessorImpl.java:43)
	at java.base/java.lang.reflect.Method.invoke(Method.java:569)
	at jdk.compiler/com.sun.tools.javac.launcher.Main.execute(Main.java:419)
	at jdk.compiler/com.sun.tools.javac.launcher.Main.run(Main.java:192)
	at jdk.compiler/com.sun.tools.javac.launcher.Main.main(Main.java:132)

================================================================

Sample: JTextComponent_2
----------------------------------------------------------------
stderr:
java.lang.Error: no ComponentUI class for: JTextComponent_2$1[,0,0,0x0,invalid,alignmentX=0.0,alignmentY=0.0,border=,flags=0,maximumSize=,minimumSize=,preferredSize=,caretColor=,disabledTextColor=,editable=true,margin=,selectedTextColor=,selectionColor=]
	at java.desktop/javax.swing.UIDefaults.getUIError(UIDefaults.java:763)
	at java.desktop/javax.swing.MultiUIDefaults.getUIError(MultiUIDefaults.java:144)
	at java.desktop/javax.swing.UIDefaults.getUI(UIDefaults.java:793)
	at java.desktop/javax.swing.UIManager.getUI(UIManager.java:1073)
	at java.desktop/javax.swing.text.JTextComponent.updateUI(JTextComponent.java:352)
	at java.desktop/javax.swing.text.JTextComponent.<init>(JTextComponent.java:326)
	at JTextComponent_2$1.<init>(JTextComponent_2.java:5)
	at JTextComponent_2.main(JTextComponent_2.java:5)
	at java.base/jdk.internal.reflect.NativeMethodAccessorImpl.invoke0(Native Method)
	at java.base/jdk.internal.reflect.NativeMethodAccessorImpl.invoke(NativeMethodAccessorImpl.java:77)
	at java.base/jdk.internal.reflect.DelegatingMethodAccessorImpl.invoke(DelegatingMethodAccessorImpl.java:43)
	at java.base/java.lang.reflect.Method.invoke(Method.java:569)
	at jdk.compiler/com.sun.tools.javac.launcher.Main.execute(Main.java:419)
	at jdk.compiler/com.sun.tools.javac.launcher.Main.run(Main.java:192)
	at jdk.compiler/com.sun.tools.javac.launcher.Main.main(Main.java:132)
Exception in thread "main" java.lang.NullPointerException: Cannot invoke "javax.swing.text.Document.getLength()" because "doc" is null
	at java.desktop/javax.swing.text.JTextComponent.getText(JTextComponent.java:1757)
	at JTextComponent_2.main(JTextComponent_2.java:20)

================================================================

Sample: JTextComponent_3
----------------------------------------------------------------
stderr:
java.lang.Error: no ComponentUI class for: JTextComponent_3$1[,0,0,0x0,invalid,alignmentX=0.0,alignmentY=0.0,border=,flags=0,maximumSize=,minimumSize=,preferredSize=,caretColor=,disabledTextColor=,editable=true,margin=,selectedTextColor=,selectionColor=]
	at java.desktop/javax.swing.UIDefaults.getUIError(UIDefaults.java:763)
	at java.desktop/javax.swing.MultiUIDefaults.getUIError(MultiUIDefaults.java:144)
	at java.desktop/javax.swing.UIDefaults.getUI(UIDefaults.java:793)
	at java.desktop/javax.swing.UIManager.getUI(UIManager.java:1073)
	at java.desktop/javax.swing.text.JTextComponent.updateUI(JTextComponent.java:352)
	at java.desktop/javax.swing.text.JTextComponent.<init>(JTextComponent.java:326)
	at JTextComponent_3$1.<init>(JTextComponent_3.java:5)
	at JTextComponent_3.main(JTextComponent_3.java:5)
	at java.base/jdk.internal.reflect.NativeMethodAccessorImpl.invoke0(Native Method)
	at java.base/jdk.internal.reflect.NativeMethodAccessorImpl.invoke(NativeMethodAccessorImpl.java:77)
	at java.base/jdk.internal.reflect.DelegatingMethodAccessorImpl.invoke(DelegatingMethodAccessorImpl.java:43)
	at java.base/java.lang.reflect.Method.invoke(Method.java:569)
	at jdk.compiler/com.sun.tools.javac.launcher.Main.execute(Main.java:419)
	at jdk.compiler/com.sun.tools.javac.launcher.Main.run(Main.java:192)
	at jdk.compiler/com.sun.tools.javac.launcher.Main.main(Main.java:132)
Exception in thread "main" java.lang.NullPointerException: Cannot invoke "javax.swing.text.Document.getLength()" because "doc" is null
	at java.desktop/javax.swing.text.JTextComponent.setText(JTextComponent.java:1732)
	at JTextComponent_3.main(JTextComponent_3.java:12)

================================================================

Sample: JTextComponent_4
----------------------------------------------------------------
stderr:
java.lang.Error: no ComponentUI class for: JTextComponent_4$1[,0,0,0x0,invalid,alignmentX=0.0,alignmentY=0.0,border=,flags=0,maximumSize=,minimumSize=,preferredSize=,caretColor=,disabledTextColor=,editable=true,margin=,selectedTextColor=,selectionColor=]
	at java.desktop/javax.swing.UIDefaults.getUIError(UIDefaults.java:763)
	at java.desktop/javax.swing.MultiUIDefaults.getUIError(MultiUIDefaults.java:144)
	at java.desktop/javax.swing.UIDefaults.getUI(UIDefaults.java:793)
	at java.desktop/javax.swing.UIManager.getUI(UIManager.java:1073)
	at java.desktop/javax.swing.text.JTextComponent.updateUI(JTextComponent.java:352)
	at java.desktop/javax.swing.text.JTextComponent.<init>(JTextComponent.java:326)
	at JTextComponent_4$1.<init>(JTextComponent_4.java:5)
	at JTextComponent_4.main(JTextComponent_4.java:5)
	at java.base/jdk.internal.reflect.NativeMethodAccessorImpl.invoke0(Native Method)
	at java.base/jdk.internal.reflect.NativeMethodAccessorImpl.invoke(NativeMethodAccessorImpl.java:77)
	at java.base/jdk.internal.reflect.DelegatingMethodAccessorImpl.invoke(DelegatingMethodAccessorImpl.java:43)
	at java.base/java.lang.reflect.Method.invoke(Method.java:569)
	at jdk.compiler/com.sun.tools.javac.launcher.Main.execute(Main.java:419)
	at jdk.compiler/com.sun.tools.javac.launcher.Main.run(Main.java:192)
	at jdk.compiler/com.sun.tools.javac.launcher.Main.main(Main.java:132)

================================================================

Sample: JTextComponent_5
----------------------------------------------------------------
stderr:
java.lang.Error: no ComponentUI class for: JTextComponent_5$1[,0,0,0x0,invalid,alignmentX=0.0,alignmentY=0.0,border=,flags=0,maximumSize=,minimumSize=,preferredSize=,caretColor=,disabledTextColor=,editable=true,margin=,selectedTextColor=,selectionColor=]
	at java.desktop/javax.swing.UIDefaults.getUIError(UIDefaults.java:763)
	at java.desktop/javax.swing.MultiUIDefaults.getUIError(MultiUIDefaults.java:144)
	at java.desktop/javax.swing.UIDefaults.getUI(UIDefaults.java:793)
	at java.desktop/javax.swing.UIManager.getUI(UIManager.java:1073)
	at java.desktop/javax.swing.text.JTextComponent.updateUI(JTextComponent.java:352)
	at java.desktop/javax.swing.text.JTextComponent.<init>(JTextComponent.java:326)
	at JTextComponent_5$1.<init>(JTextComponent_5.java:5)
	at JTextComponent_5.main(JTextComponent_5.java:5)
	at java.base/jdk.internal.reflect.NativeMethodAccessorImpl.invoke0(Native Method)
	at java.base/jdk.internal.reflect.NativeMethodAccessorImpl.invoke(NativeMethodAccessorImpl.java:77)
	at java.base/jdk.internal.reflect.DelegatingMethodAccessorImpl.invoke(DelegatingMethodAccessorImpl.java:43)
	at java.base/java.lang.reflect.Method.invoke(Method.java:569)
	at jdk.compiler/com.sun.tools.javac.launcher.Main.execute(Main.java:419)
	at jdk.compiler/com.sun.tools.javac.launcher.Main.run(Main.java:192)
	at jdk.compiler/com.sun.tools.javac.launcher.Main.main(Main.java:132)
Exception in thread "main" java.lang.NullPointerException: Cannot invoke "javax.swing.text.Caret.getDot()" because "this.caret" is null
	at java.desktop/javax.swing.text.JTextComponent.getCaretPosition(JTextComponent.java:1704)
	at JTextComponent_5$1.getCaretPosition(JTextComponent_5.java:8)
	at JTextComponent_5.main(JTextComponent_5.java:12)

================================================================

Sample: LabelView_4
----------------------------------------------------------------
output:
./Data/javax_swing_text/javaFiles/LabelView_4.java:6: error: setPropertiesFromAttributes() has protected access in LabelView
        labelView.setPropertiesFromAttributes();
                 ^
1 error


================================================================

Sample: LayeredHighlighter_4
----------------------------------------------------------------
output:
./Data/javax_swing_text/javaFiles/LayeredHighlighter_4.java:15: error: <anonymous LayeredHighlighter_4$2> is not abstract and does not override abstract method viewToModel(float,float,Shape,Bias[]) in View
        View view = new View(null) {
                                   ^
./Data/javax_swing_text/javaFiles/LayeredHighlighter_4.java:19: error: <anonymous LayeredHighlighter_4$3> is not abstract and does not override abstract method paintLayeredHighlights(Graphics,int,int,Shape,JTextComponent,View) in LayeredHighlighter
        LayeredHighlighter layeredHighlighter = new LayeredHighlighter() {
                                                                         ^
2 errors


================================================================

Sample: LayoutQueue_1
----------------------------------------------------------------
timeout: process took too long
================================================================

Sample: MaskFormatter_1
----------------------------------------------------------------
stdout:
Mask set successfully

================================================================

Sample: MaskFormatter_2
----------------------------------------------------------------
stdout:
Mask: null

================================================================

Sample: MaskFormatter_3
----------------------------------------------------------------
================================================================

Sample: MaskFormatter_4
----------------------------------------------------------------
stdout:
Placeholder character:  

================================================================

Sample: MaskFormatter_5
----------------------------------------------------------------
stdout:
Formatted value: 

================================================================

Sample: NavigationFilter_1
----------------------------------------------------------------
output:
./Data/javax_swing_text/javaFiles/NavigationFilter_1.java:6: error: <anonymous NavigationFilter_1$1> is not abstract and does not override abstract method moveDot(int,Bias) in FilterBypass
        NavigationFilter.FilterBypass fb = new NavigationFilter.FilterBypass() {
                                                                               ^
1 error


================================================================

Sample: NavigationFilter_2
----------------------------------------------------------------
output:
./Data/javax_swing_text/javaFiles/NavigationFilter_2.java:6: error: <anonymous NavigationFilter_2$1> is not abstract and does not override abstract method getCaret() in FilterBypass
        NavigationFilter.FilterBypass fb = new NavigationFilter.FilterBypass() {
                                                                               ^
1 error


================================================================

Sample: NavigationFilter_4
----------------------------------------------------------------
output:
./Data/javax_swing_text/javaFiles/NavigationFilter_4.java:6: error: <anonymous NavigationFilter_4$1> is not abstract and does not override abstract method moveDot(int,Bias) in FilterBypass
        NavigationFilter.FilterBypass fb = new NavigationFilter.FilterBypass() {
                                                                               ^
1 error


================================================================

Sample: NavigationFilter_5
----------------------------------------------------------------
output:
./Data/javax_swing_text/javaFiles/NavigationFilter_5.java:6: error: <anonymous NavigationFilter_5$1> is not abstract and does not override abstract method getCaret() in FilterBypass
        NavigationFilter.FilterBypass fb = new NavigationFilter.FilterBypass() {
                                                                               ^
1 error


================================================================

Sample: NavigationFilter_FilterBypass_1
----------------------------------------------------------------
output:
./Data/javax_swing_text/javaFiles/NavigationFilter_FilterBypass_1.java:5: error: package NavigationFilter does not exist
        NavigationFilter.FilterBypass filterBypass = new NavigationFilter.FilterBypass() {
                        ^
./Data/javax_swing_text/javaFiles/NavigationFilter_FilterBypass_1.java:5: error: package NavigationFilter does not exist
        NavigationFilter.FilterBypass filterBypass = new NavigationFilter.FilterBypass() {
                                                                         ^
./Data/javax_swing_text/javaFiles/NavigationFilter_FilterBypass_1.java:6: error: method does not override or implement a method from a supertype
            @Override
            ^
3 errors


================================================================

Sample: NavigationFilter_FilterBypass_2
----------------------------------------------------------------
output:
./Data/javax_swing_text/javaFiles/NavigationFilter_FilterBypass_2.java:6: error: <anonymous NavigationFilter_FilterBypass_2$1> is not abstract and does not override abstract method setDot(int,Bias) in FilterBypass
        javax.swing.text.NavigationFilter.FilterBypass filterBypass = new javax.swing.text.NavigationFilter.FilterBypass() {
                                                                                                                           ^
1 error


================================================================

Sample: PasswordView_3
----------------------------------------------------------------
output:
./Data/javax_swing_text/javaFiles/PasswordView_3.java:9: error: cannot find symbol
        PasswordView passwordView = new PasswordView(null);
        ^
  symbol:   class PasswordView
  location: class PasswordView_3
./Data/javax_swing_text/javaFiles/PasswordView_3.java:9: error: cannot find symbol
        PasswordView passwordView = new PasswordView(null);
                                        ^
  symbol:   class PasswordView
  location: class PasswordView_3
2 errors


================================================================

Sample: PasswordView_4
----------------------------------------------------------------
output:
./Data/javax_swing_text/javaFiles/PasswordView_4.java:9: error: cannot find symbol
        Shape a = null;
        ^
  symbol:   class Shape
  location: class PasswordView_4
1 error


================================================================

Sample: PlainDocument_1
----------------------------------------------------------------
stdout:
Hello

================================================================

Sample: PlainDocument_4
----------------------------------------------------------------
stdout:
Default root element: BranchElement(paragraph) 0,1


================================================================

Sample: PlainView_3
----------------------------------------------------------------
output:
./Data/javax_swing_text/javaFiles/PlainView_3.java:1: error: cannot find symbol
import javax.swing.text.DocumentEvent;
                       ^
  symbol:   class DocumentEvent
  location: package javax.swing.text
./Data/javax_swing_text/javaFiles/PlainView_3.java:9: error: cannot find symbol
        DocumentEvent changes = null;
        ^
  symbol:   class DocumentEvent
  location: class PlainView_3
2 errors


================================================================

Sample: PlainView_4
----------------------------------------------------------------
output:
./Data/javax_swing_text/javaFiles/PlainView_4.java:1: error: cannot find symbol
import javax.swing.text.DocumentEvent;
                       ^
  symbol:   class DocumentEvent
  location: package javax.swing.text
./Data/javax_swing_text/javaFiles/PlainView_4.java:9: error: cannot find symbol
        DocumentEvent changes = null;
        ^
  symbol:   class DocumentEvent
  location: class PlainView_4
2 errors


================================================================

Sample: PlainView_5
----------------------------------------------------------------
output:
./Data/javax_swing_text/javaFiles/PlainView_5.java:1: error: cannot find symbol
import javax.swing.text.DocumentEvent;
                       ^
  symbol:   class DocumentEvent
  location: package javax.swing.text
./Data/javax_swing_text/javaFiles/PlainView_5.java:12: error: cannot find symbol
        DocumentEvent changes = null; // provide the actual changes
        ^
  symbol:   class DocumentEvent
  location: class PlainView_5
2 errors


================================================================

Sample: Position_Bias_5
----------------------------------------------------------------
stdout:
Forward

================================================================

Sample: Segment_1
----------------------------------------------------------------
stdout:
Character at index 1: e

================================================================

Sample: Segment_4
----------------------------------------------------------------
stdout:
Hello

================================================================

Sample: Segment_5
----------------------------------------------------------------
================================================================

Sample: SimpleAttributeSet_1
----------------------------------------------------------------
================================================================

Sample: SimpleAttributeSet_2
----------------------------------------------------------------
================================================================

Sample: SimpleAttributeSet_3
----------------------------------------------------------------
================================================================

Sample: SimpleAttributeSet_4
----------------------------------------------------------------
================================================================

Sample: SimpleAttributeSet_5
----------------------------------------------------------------
stderr:
Exception in thread "main" java.util.ConcurrentModificationException
	at java.base/java.util.LinkedHashMap$LinkedHashIterator.nextNode(LinkedHashMap.java:756)
	at java.base/java.util.LinkedHashMap$LinkedKeyIterator.next(LinkedHashMap.java:778)
	at java.base/java.util.Collections$3.nextElement(Collections.java:5440)
	at SimpleAttributeSet_5.main(SimpleAttributeSet_5.java:12)

================================================================

Sample: StringContent_1
----------------------------------------------------------------
stdout:
Length of content: 1

================================================================

Sample: StringContent_2
----------------------------------------------------------------
stderr:
javax.swing.text.BadLocationException: Invalid range
	at java.desktop/javax.swing.text.StringContent.getString(StringContent.java:143)
	at StringContent_2.main(StringContent_2.java:8)
	at java.base/jdk.internal.reflect.NativeMethodAccessorImpl.invoke0(Native Method)
	at java.base/jdk.internal.reflect.NativeMethodAccessorImpl.invoke(NativeMethodAccessorImpl.java:77)
	at java.base/jdk.internal.reflect.DelegatingMethodAccessorImpl.invoke(DelegatingMethodAccessorImpl.java:43)
	at java.base/java.lang.reflect.Method.invoke(Method.java:569)
	at jdk.compiler/com.sun.tools.javac.launcher.Main.execute(Main.java:419)
	at jdk.compiler/com.sun.tools.javac.launcher.Main.run(Main.java:192)
	at jdk.compiler/com.sun.tools.javac.launcher.Main.main(Main.java:132)

================================================================

Sample: StyleConstants_1
----------------------------------------------------------------
output:
./Data/javax_swing_text/javaFiles/StyleConstants_1.java:6: error: cannot find symbol
        MutableAttributeSet attr = StyleConstants.getEmptySet();
                                                 ^
  symbol:   method getEmptySet()
  location: class StyleConstants
1 error


================================================================

Sample: StyleConstants_2
----------------------------------------------------------------
output:
./Data/javax_swing_text/javaFiles/StyleConstants_2.java:6: error: cannot find symbol
        MutableAttributeSet attr = StyleConstants.getEmptySet();
                                                 ^
  symbol:   method getEmptySet()
  location: class StyleConstants
1 error


================================================================

Sample: StyleConstants_3
----------------------------------------------------------------
output:
./Data/javax_swing_text/javaFiles/StyleConstants_3.java:6: error: cannot find symbol
        MutableAttributeSet attr = StyleConstants.getEmptySet();
                                                 ^
  symbol:   method getEmptySet()
  location: class StyleConstants
1 error


================================================================

Sample: StyleConstants_4
----------------------------------------------------------------
output:
./Data/javax_swing_text/javaFiles/StyleConstants_4.java:6: error: cannot find symbol
        MutableAttributeSet attr = StyleConstants.getEmptySet();
                                                 ^
  symbol:   method getEmptySet()
  location: class StyleConstants
1 error


================================================================

Sample: StyleConstants_5
----------------------------------------------------------------
output:
./Data/javax_swing_text/javaFiles/StyleConstants_5.java:6: error: cannot find symbol
        MutableAttributeSet attr = StyleConstants.getEmptyMutableAttributeSet();
                                                 ^
  symbol:   method getEmptyMutableAttributeSet()
  location: class StyleConstants
1 error


================================================================

Sample: StyledEditorKit_AlignmentAction_3
----------------------------------------------------------------
output:
./Data/javax_swing_text/javaFiles/StyledEditorKit_AlignmentAction_3.java:6: error: cannot find symbol
        StyledEditorKit.AlignmentAction alignmentAction = new StyledEditorKit.AlignmentAction("Align Center", StyledEditorKit.AlignmentAction.ALIGN_CENTER);
                                                                                                                                             ^
  symbol:   variable ALIGN_CENTER
  location: class AlignmentAction
./Data/javax_swing_text/javaFiles/StyledEditorKit_AlignmentAction_3.java:7: error: non-static variable this cannot be referenced from a static context
        alignmentAction.actionPerformed(new ActionEvent(this, ActionEvent.ACTION_PERFORMED, "Align Center"));
                                                        ^
2 errors


================================================================

Sample: StyledEditorKit_BoldAction_1
----------------------------------------------------------------
================================================================

Sample: StyledEditorKit_FontFamilyAction_3
----------------------------------------------------------------
================================================================

Sample: StyledEditorKit_FontSizeAction_3
----------------------------------------------------------------
================================================================

Sample: StyledEditorKit_ForegroundAction_3
----------------------------------------------------------------
output:
./Data/javax_swing_text/javaFiles/StyledEditorKit_ForegroundAction_3.java:7: error: non-static variable this cannot be referenced from a static context
        ActionEvent e = new ActionEvent(this, ActionEvent.ACTION_PERFORMED, "Set Foreground Color");
                                        ^
1 error


================================================================

Sample: StyledEditorKit_ItalicAction_3
----------------------------------------------------------------
output:
./Data/javax_swing_text/javaFiles/StyledEditorKit_ItalicAction_3.java:7: error: non-static variable this cannot be referenced from a static context
        italicAction.actionPerformed(new ActionEvent(this, ActionEvent.ACTION_PERFORMED, "Toggle Italic"));
                                                     ^
1 error


================================================================

Sample: StyledEditorKit_UnderlineAction_1
----------------------------------------------------------------
output:
./Data/javax_swing_text/javaFiles/StyledEditorKit_UnderlineAction_1.java:6: error: constructor UnderlineAction in class UnderlineAction cannot be applied to given types;
        StyledEditorKit.UnderlineAction underlineAction = new StyledEditorKit.UnderlineAction("Underline", false);
                                                          ^
  required: no arguments
  found:    String,boolean
  reason: actual and formal argument lists differ in length
./Data/javax_swing_text/javaFiles/StyledEditorKit_UnderlineAction_1.java:7: error: non-static variable this cannot be referenced from a static context
        underlineAction.actionPerformed(new ActionEvent(this, ActionEvent.ACTION_PERFORMED, "Toggle Underline"));
                                                        ^
2 errors


================================================================

Sample: TabSet_1
----------------------------------------------------------------
output:
./Data/javax_swing_text/javaFiles/TabSet_1.java:5: error: constructor TabSet in class TabSet cannot be applied to given types;
        TabSet tabSet = new TabSet();
                        ^
  required: TabStop[]
  found:    no arguments
  reason: actual and formal argument lists differ in length
1 error


================================================================

Sample: TabSet_2
----------------------------------------------------------------
output:
./Data/javax_swing_text/javaFiles/TabSet_2.java:11: error: cannot find symbol
        TabSet tabSet = new TabSet(tabs);
        ^
  symbol:   class TabSet
  location: class TabSet_2
./Data/javax_swing_text/javaFiles/TabSet_2.java:11: error: cannot find symbol
        TabSet tabSet = new TabSet(tabs);
                            ^
  symbol:   class TabSet
  location: class TabSet_2
2 errors


================================================================

Sample: TabSet_3
----------------------------------------------------------------
stdout:
true

================================================================

Sample: TabSet_4
----------------------------------------------------------------
output:
./Data/javax_swing_text/javaFiles/TabSet_4.java:5: error: constructor TabSet in class TabSet cannot be applied to given types;
        TabSet tabSet = new TabSet();
                        ^
  required: TabStop[]
  found:    no arguments
  reason: actual and formal argument lists differ in length
1 error


================================================================

Sample: TabSet_5
----------------------------------------------------------------
stdout:
[ tab @50.0 - tab @100.0 ]

================================================================

Sample: TabStop_2
----------------------------------------------------------------
stdout:
Tab alignment: 2

================================================================

Sample: TabStop_3
----------------------------------------------------------------
stdout:
Leader of the tab: 0

================================================================

Sample: TabStop_4
----------------------------------------------------------------
stdout:
Are tab stops equal? true

================================================================

Sample: TabStop_5
----------------------------------------------------------------
stdout:
tab @100.0

================================================================

Sample: View_1
----------------------------------------------------------------
output:
./Data/javax_swing_text/javaFiles/View_1.java:5: error: View is abstract; cannot be instantiated
        View view = new View(); // Instantiate the View class
                    ^
1 error


================================================================

Sample: View_2
----------------------------------------------------------------
output:
./Data/javax_swing_text/javaFiles/View_2.java:5: error: View is abstract; cannot be instantiated
        View view = new View();
                    ^
1 error


================================================================

Sample: View_3
----------------------------------------------------------------
output:
./Data/javax_swing_text/javaFiles/View_3.java:8: error: View is abstract; cannot be instantiated
        View view = new View(); // Instantiate the View class
                    ^
./Data/javax_swing_text/javaFiles/View_3.java:11: error: Shape is abstract; cannot be instantiated
        Shape a = new Shape(); // Area of the view
                  ^
2 errors


================================================================

Sample: View_4
----------------------------------------------------------------
output:
./Data/javax_swing_text/javaFiles/View_4.java:7: error: View is abstract; cannot be instantiated
        View view = new View(); // Instantiate the View class
                    ^
./Data/javax_swing_text/javaFiles/View_4.java:10: error: Shape is abstract; cannot be instantiated
        Shape a = new Shape(); // Allocated region
                  ^
2 errors


================================================================

Sample: View_5
----------------------------------------------------------------
output:
./Data/javax_swing_text/javaFiles/View_5.java:7: error: constructor View in class View cannot be applied to given types;
        View view = new View() {
                    ^
  required: Element
  found:    no arguments
  reason: actual and formal argument lists differ in length
./Data/javax_swing_text/javaFiles/View_5.java:7: error: <anonymous View_5$1> is not abstract and does not override abstract method viewToModel(float,float,Shape,Bias[]) in View
        View view = new View() {
                               ^
2 errors


================================================================

Sample: WrappedPlainView_5
----------------------------------------------------------------
output:
./Data/javax_swing_text/javaFiles/WrappedPlainView_5.java:1: error: cannot find symbol
import javax.swing.text.DocumentEvent;
                       ^
  symbol:   class DocumentEvent
  location: package javax.swing.text
./Data/javax_swing_text/javaFiles/WrappedPlainView_5.java:9: error: cannot find symbol
        WrappedPlainView wrappedPlainView = new WrappedPlainView(null);
        ^
  symbol:   class WrappedPlainView
  location: class WrappedPlainView_5
./Data/javax_swing_text/javaFiles/WrappedPlainView_5.java:9: error: cannot find symbol
        WrappedPlainView wrappedPlainView = new WrappedPlainView(null);
                                                ^
  symbol:   class WrappedPlainView
  location: class WrappedPlainView_5
./Data/javax_swing_text/javaFiles/WrappedPlainView_5.java:12: error: cannot find symbol
        DocumentEvent documentEvent = new DocumentEvent() {
        ^
  symbol:   class DocumentEvent
  location: class WrappedPlainView_5
./Data/javax_swing_text/javaFiles/WrappedPlainView_5.java:12: error: cannot find symbol
        DocumentEvent documentEvent = new DocumentEvent() {
                                          ^
  symbol:   class DocumentEvent
  location: class WrappedPlainView_5
./Data/javax_swing_text/javaFiles/WrappedPlainView_5.java:14: error: cannot find symbol
            public DocumentEvent.ElementChange getChange(Element elem) {
                                                         ^
  symbol: class Element
./Data/javax_swing_text/javaFiles/WrappedPlainView_5.java:14: error: package DocumentEvent does not exist
            public DocumentEvent.ElementChange getChange(Element elem) {
                                ^
./Data/javax_swing_text/javaFiles/WrappedPlainView_5.java:19: error: cannot find symbol
            public Document getDocument() {
                   ^
  symbol: class Document
./Data/javax_swing_text/javaFiles/WrappedPlainView_5.java:34: error: cannot find symbol
            public EventType getType() {
                   ^
  symbol: class EventType
./Data/javax_swing_text/javaFiles/WrappedPlainView_5.java:13: error: method does not override or implement a method from a supertype
            @Override
            ^
./Data/javax_swing_text/javaFiles/WrappedPlainView_5.java:18: error: method does not override or implement a method from a supertype
            @Override
            ^
./Data/javax_swing_text/javaFiles/WrappedPlainView_5.java:23: error: method does not override or implement a method from a supertype
            @Override
            ^
./Data/javax_swing_text/javaFiles/WrappedPlainView_5.java:28: error: method does not override or implement a method from a supertype
            @Override
            ^
./Data/javax_swing_text/javaFiles/WrappedPlainView_5.java:33: error: method does not override or implement a method from a supertype
            @Override
            ^
./Data/javax_swing_text/javaFiles/WrappedPlainView_5.java:42: error: cannot find symbol
            public Rectangle getBounds() {
                   ^
  symbol: class Rectangle
./Data/javax_swing_text/javaFiles/WrappedPlainView_5.java:47: error: cannot find symbol
            public Rectangle2D getBounds2D() {
                   ^
  symbol: class Rectangle2D
./Data/javax_swing_text/javaFiles/WrappedPlainView_5.java:57: error: cannot find symbol
            public boolean contains(Point2D p) {
                                    ^
  symbol: class Point2D
./Data/javax_swing_text/javaFiles/WrappedPlainView_5.java:67: error: cannot find symbol
            public boolean intersects(Rectangle2D r) {
                                      ^
  symbol: class Rectangle2D
./Data/javax_swing_text/javaFiles/WrappedPlainView_5.java:77: error: cannot find symbol
            public boolean contains(Rectangle2D r) {
                                    ^
  symbol: class Rectangle2D
./Data/javax_swing_text/javaFiles/WrappedPlainView_5.java:82: error: cannot find symbol
            public PathIterator getPathIterator(AffineTransform at) {
                                                ^
  symbol: class AffineTransform
./Data/javax_swing_text/javaFiles/WrappedPlainView_5.java:82: error: cannot find symbol
            public PathIterator getPathIterator(AffineTransform at) {
                   ^
  symbol: class PathIterator
./Data/javax_swing_text/javaFiles/WrappedPlainView_5.java:87: error: cannot find symbol
            public PathIterator getPathIterator(AffineTransform at, double flatness) {
                                                ^
  symbol: class AffineTransform
./Data/javax_swing_text/javaFiles/WrappedPlainView_5.java:87: error: cannot find symbol
            public PathIterator getPathIterator(AffineTransform at, double flatness) {
                   ^
  symbol: class PathIterator
./Data/javax_swing_text/javaFiles/WrappedPlainView_5.java:95: error: cannot find symbol
            public View create(Element elem) {
                               ^
  symbol: class Element
24 errors


================================================================

Sample: ZoneView_3
----------------------------------------------------------------
output:
./Data/javax_swing_text/javaFiles/ZoneView_3.java:24: error: cannot find symbol
class ZoneView extends View {
                       ^
  symbol: class View
./Data/javax_swing_text/javaFiles/ZoneView_3.java:11: error: DocumentEvent is abstract; cannot be instantiated
        DocumentEvent changes = new DocumentEvent();
                                ^
./Data/javax_swing_text/javaFiles/ZoneView_3.java:14: error: Shape is abstract; cannot be instantiated
        Shape shape = new Shape();
                      ^
./Data/javax_swing_text/javaFiles/ZoneView_3.java:17: error: ViewFactory is abstract; cannot be instantiated
        ViewFactory factory = new ViewFactory();
                              ^
./Data/javax_swing_text/javaFiles/ZoneView_3.java:25: error: method does not override or implement a method from a supertype
    @Override
    ^
5 errors


================================================================

Sample: ZoneView_4
----------------------------------------------------------------
output:
./Data/javax_swing_text/javaFiles/ZoneView_4.java:1: error: cannot find symbol
import javax.swing.text.DocumentEvent;
                       ^
  symbol:   class DocumentEvent
  location: package javax.swing.text
./Data/javax_swing_text/javaFiles/ZoneView_4.java:8: error: constructor ZoneView in class ZoneView cannot be applied to given types;
        ZoneView zoneView = new ZoneView();
                            ^
  required: Element,int
  found:    no arguments
  reason: actual and formal argument lists differ in length
./Data/javax_swing_text/javaFiles/ZoneView_4.java:9: error: cannot find symbol
        DocumentEvent changes = null; // provide the actual change information
        ^
  symbol:   class DocumentEvent
  location: class ZoneView_4
3 errors


================================================================

