Sample: EnumSyntax_2
----------------------------------------------------------------
output:
./Data/javax_print_attribute/javaFiles/EnumSyntax_2.java:5: error: constructor EnumSyntax in class EnumSyntax cannot be applied to given types;
        EnumSyntax enumSyntax = new EnumSyntax() {
                                ^
  required: int
  found:    no arguments
  reason: actual and formal argument lists differ in length
1 error


================================================================

Sample: HashAttributeSet_3
----------------------------------------------------------------
output:
./Data/javax_print_attribute/javaFiles/HashAttributeSet_3.java:2: error: cannot find symbol
import javax.print.attribute.PrinterResolution;
                            ^
  symbol:   class PrinterResolution
  location: package javax.print.attribute
./Data/javax_print_attribute/javaFiles/HashAttributeSet_3.java:3: error: cannot find symbol
import javax.print.attribute.PrinterResolution;
                            ^
  symbol:   class PrinterResolution
  location: package javax.print.attribute
./Data/javax_print_attribute/javaFiles/HashAttributeSet_3.java:9: error: cannot find symbol
        PrinterResolution resolution = new PrinterResolution(300, 600, PrinterResolution.DPI);
        ^
  symbol:   class PrinterResolution
  location: class HashAttributeSet_3
./Data/javax_print_attribute/javaFiles/HashAttributeSet_3.java:9: error: cannot find symbol
        PrinterResolution resolution = new PrinterResolution(300, 600, PrinterResolution.DPI);
                                           ^
  symbol:   class PrinterResolution
  location: class HashAttributeSet_3
./Data/javax_print_attribute/javaFiles/HashAttributeSet_3.java:9: error: cannot find symbol
        PrinterResolution resolution = new PrinterResolution(300, 600, PrinterResolution.DPI);
                                                                       ^
  symbol:   variable PrinterResolution
  location: class HashAttributeSet_3
./Data/javax_print_attribute/javaFiles/HashAttributeSet_3.java:12: error: cannot find symbol
        boolean containsResolution = attributeSet.containsKey(PrinterResolution.class);
                                                              ^
  symbol:   class PrinterResolution
  location: class HashAttributeSet_3
./Data/javax_print_attribute/javaFiles/HashAttributeSet_3.java:15: error: cannot find symbol
        PrinterResolution resolution2 = new PrinterResolution(600, 1200, PrinterResolution.DPI);
        ^
  symbol:   class PrinterResolution
  location: class HashAttributeSet_3
./Data/javax_print_attribute/javaFiles/HashAttributeSet_3.java:15: error: cannot find symbol
        PrinterResolution resolution2 = new PrinterResolution(600, 1200, PrinterResolution.DPI);
                                            ^
  symbol:   class PrinterResolution
  location: class HashAttributeSet_3
./Data/javax_print_attribute/javaFiles/HashAttributeSet_3.java:15: error: cannot find symbol
        PrinterResolution resolution2 = new PrinterResolution(600, 1200, PrinterResolution.DPI);
                                                                         ^
  symbol:   variable PrinterResolution
  location: class HashAttributeSet_3
./Data/javax_print_attribute/javaFiles/HashAttributeSet_3.java:18: error: cannot find symbol
        boolean containsResolution2 = attributeSet.containsKey(PrinterResolution.class);
                                                               ^
  symbol:   class PrinterResolution
  location: class HashAttributeSet_3
10 errors


================================================================

Sample: HashAttributeSet_5
----------------------------------------------------------------
output:
./Data/javax_print_attribute/javaFiles/HashAttributeSet_5.java:6: error: cannot find symbol
        attributeSet.add(new HashAttribute());
                             ^
  symbol:   class HashAttribute
  location: class HashAttributeSet_5
1 error


================================================================

Sample: IntegerSyntax_1
----------------------------------------------------------------
output:
./Data/javax_print_attribute/javaFiles/IntegerSyntax_1.java:5: error: IntegerSyntax is abstract; cannot be instantiated
        IntegerSyntax syntax = new IntegerSyntax(10);
                               ^
1 error


================================================================

Sample: IntegerSyntax_2
----------------------------------------------------------------
output:
./Data/javax_print_attribute/javaFiles/IntegerSyntax_2.java:5: error: IntegerSyntax is abstract; cannot be instantiated
        IntegerSyntax int1 = new IntegerSyntax(10);
                             ^
./Data/javax_print_attribute/javaFiles/IntegerSyntax_2.java:6: error: IntegerSyntax is abstract; cannot be instantiated
        IntegerSyntax int2 = new IntegerSyntax(10);
                             ^
2 errors


================================================================

Sample: IntegerSyntax_4
----------------------------------------------------------------
output:
./Data/javax_print_attribute/javaFiles/IntegerSyntax_4.java:5: error: IntegerSyntax is abstract; cannot be instantiated
        IntegerSyntax integerSyntax = new IntegerSyntax(123);
                                      ^
1 error


================================================================

Sample: IntegerSyntax_5
----------------------------------------------------------------
output:
./Data/javax_print_attribute/javaFiles/IntegerSyntax_5.java:5: error: IntegerSyntax is abstract; cannot be instantiated
        IntegerSyntax integerSyntax = new IntegerSyntax(5);
                                      ^
1 error


================================================================

Sample: ResolutionSyntax_3
----------------------------------------------------------------
output:
./Data/javax_print_attribute/javaFiles/ResolutionSyntax_3.java:5: error: ResolutionSyntax is abstract; cannot be instantiated
        ResolutionSyntax resolution1 = new ResolutionSyntax(300, 300, ResolutionSyntax.DPI);
                                       ^
./Data/javax_print_attribute/javaFiles/ResolutionSyntax_3.java:6: error: ResolutionSyntax is abstract; cannot be instantiated
        ResolutionSyntax resolution2 = new ResolutionSyntax(300, 300, ResolutionSyntax.DPI);
                                       ^
2 errors


================================================================

Sample: ResolutionSyntax_4
----------------------------------------------------------------
output:
./Data/javax_print_attribute/javaFiles/ResolutionSyntax_4.java:5: error: ResolutionSyntax is abstract; cannot be instantiated
        ResolutionSyntax resolution = new ResolutionSyntax(300, 300, ResolutionSyntax.DPI);
                                      ^
1 error


================================================================

Sample: ResolutionSyntax_5
----------------------------------------------------------------
output:
./Data/javax_print_attribute/javaFiles/ResolutionSyntax_5.java:5: error: ResolutionSyntax is abstract; cannot be instantiated
        ResolutionSyntax resolution = new ResolutionSyntax(300, 300, ResolutionSyntax.DPI);
                                      ^
1 error


================================================================

Sample: SetOfIntegerSyntax_1
----------------------------------------------------------------
output:
./Data/javax_print_attribute/javaFiles/SetOfIntegerSyntax_1.java:5: error: SetOfIntegerSyntax is abstract; cannot be instantiated
        SetOfIntegerSyntax set = new SetOfIntegerSyntax();
                                 ^
1 error


================================================================

Sample: SetOfIntegerSyntax_5
----------------------------------------------------------------
output:
./Data/javax_print_attribute/javaFiles/SetOfIntegerSyntax_5.java:5: error: SetOfIntegerSyntax is abstract; cannot be instantiated
        SetOfIntegerSyntax set = new SetOfIntegerSyntax(1, 3, 5, 7, 9);
                                 ^
1 error


================================================================

Sample: TextSyntax_1
----------------------------------------------------------------
output:
./Data/javax_print_attribute/javaFiles/TextSyntax_1.java:5: error: TextSyntax is abstract; cannot be instantiated
        TextSyntax text = new TextSyntax("Hello");
                          ^
1 error


================================================================

Sample: TextSyntax_2
----------------------------------------------------------------
output:
./Data/javax_print_attribute/javaFiles/TextSyntax_2.java:5: error: TextSyntax is abstract; cannot be instantiated
        TextSyntax text = new TextSyntax("example text");
                          ^
1 error


================================================================

Sample: TextSyntax_3
----------------------------------------------------------------
output:
./Data/javax_print_attribute/javaFiles/TextSyntax_3.java:5: error: TextSyntax is abstract; cannot be instantiated
        TextSyntax text1 = new TextSyntax("Hello");
                           ^
./Data/javax_print_attribute/javaFiles/TextSyntax_3.java:6: error: TextSyntax is abstract; cannot be instantiated
        TextSyntax text2 = new TextSyntax("Hello");
                           ^
2 errors


================================================================

Sample: URISyntax_2
----------------------------------------------------------------
output:
./Data/javax_print_attribute/javaFiles/URISyntax_2.java:5: error: URISyntax is abstract; cannot be instantiated
        URISyntax uri1 = new URISyntax("http://www.example.com");
                         ^
./Data/javax_print_attribute/javaFiles/URISyntax_2.java:6: error: URISyntax is abstract; cannot be instantiated
        URISyntax uri2 = new URISyntax("http://www.example.com");
                         ^
2 errors


================================================================

Sample: URISyntax_3
----------------------------------------------------------------
output:
./Data/javax_print_attribute/javaFiles/URISyntax_3.java:5: error: URISyntax is abstract; cannot be instantiated
        URISyntax uri = new URISyntax("http://www.example.com");
                        ^
1 error


================================================================

