Sample: BasicAttribute_4
----------------------------------------------------------------
stdout:
Before clear: example: value1, value2
After clear: example: No values

================================================================

Sample: BasicAttribute_5
----------------------------------------------------------------
stdout:
Size of attribute: 2

================================================================

Sample: BasicAttributes_2
----------------------------------------------------------------
output:
./Data/javax_naming_directory/javaFiles/BasicAttributes_2.java:8: error: incompatible types: Attribute cannot be converted to String
        String attrValue = (String) attributes.get("attr1");
                                                  ^
1 error


================================================================

Sample: InitialDirContext_1
----------------------------------------------------------------
output:
./Data/javax_naming_directory/javaFiles/InitialDirContext_1.java:5: error: cannot find symbol
import javax.naming.InitialDirContext;
                   ^
  symbol:   class InitialDirContext
  location: package javax.naming
./Data/javax_naming_directory/javaFiles/InitialDirContext_1.java:15: error: cannot find symbol
            InitialDirContext context = new InitialDirContext(env);
            ^
  symbol:   class InitialDirContext
  location: class InitialDirContext_1
./Data/javax_naming_directory/javaFiles/InitialDirContext_1.java:15: error: cannot find symbol
            InitialDirContext context = new InitialDirContext(env);
                                            ^
  symbol:   class InitialDirContext
  location: class InitialDirContext_1
3 errors


================================================================

Sample: ModificationItem_1
----------------------------------------------------------------
output:
./Data/javax_naming_directory/javaFiles/ModificationItem_1.java:5: error: cannot find symbol
        ModificationItem modificationItem = new ModificationItem(ModificationItem.ADD_ATTRIBUTE, null);
                                                                                 ^
  symbol:   variable ADD_ATTRIBUTE
  location: class ModificationItem
1 error


================================================================

Sample: SearchControls_1
----------------------------------------------------------------
stdout:
Time Limit: 5000

================================================================

Sample: SearchControls_2
----------------------------------------------------------------
stdout:
Time limit set to: 5000

================================================================

Sample: SearchResult_1
----------------------------------------------------------------
stdout:
null

================================================================

