Sample: Certificate_1
----------------------------------------------------------------
output:
./Data/java_security_cert/javaFiles/Certificate_1.java:8: error: ';' expected
        PublicKey publicKey = certificate.getPublicKey();
                 ^
1 error


================================================================

Sample: Certificate_2
----------------------------------------------------------------
output:
./Data/java_security_cert/javaFiles/Certificate_2.java:8: error: cannot find symbol
            X509Certificate cert = (X509Certificate) certificate;
                                                     ^
  symbol:   variable certificate
  location: class Certificate_2
1 error


================================================================

Sample: CertificateFactory_1
----------------------------------------------------------------
stderr:
java.io.FileNotFoundException: example.crt (No such file or directory)
	at java.base/java.io.FileInputStream.open0(Native Method)
	at java.base/java.io.FileInputStream.open(FileInputStream.java:216)
	at java.base/java.io.FileInputStream.<init>(FileInputStream.java:157)
	at java.base/java.io.FileInputStream.<init>(FileInputStream.java:111)
	at CertificateFactory_1.main(CertificateFactory_1.java:12)
	at java.base/jdk.internal.reflect.NativeMethodAccessorImpl.invoke0(Native Method)
	at java.base/jdk.internal.reflect.NativeMethodAccessorImpl.invoke(NativeMethodAccessorImpl.java:77)
	at java.base/jdk.internal.reflect.DelegatingMethodAccessorImpl.invoke(DelegatingMethodAccessorImpl.java:43)
	at java.base/java.lang.reflect.Method.invoke(Method.java:568)
	at jdk.compiler/com.sun.tools.javac.launcher.Main.execute(Main.java:419)
	at jdk.compiler/com.sun.tools.javac.launcher.Main.run(Main.java:192)
	at jdk.compiler/com.sun.tools.javac.launcher.Main.main(Main.java:132)

================================================================

Sample: CertificateFactory_2
----------------------------------------------------------------
stderr:
java.security.cert.CertificateException: Missing input stream
	at java.base/sun.security.provider.X509Factory.engineGenerateCertificates(X509Factory.java:353)
	at java.base/java.security.cert.CertificateFactory.generateCertificates(CertificateFactory.java:480)
	at CertificateFactory_2.generateCertificates(CertificateFactory_2.java:19)
	at CertificateFactory_2.main(CertificateFactory_2.java:10)
	at java.base/jdk.internal.reflect.NativeMethodAccessorImpl.invoke0(Native Method)
	at java.base/jdk.internal.reflect.NativeMethodAccessorImpl.invoke(NativeMethodAccessorImpl.java:77)
	at java.base/jdk.internal.reflect.DelegatingMethodAccessorImpl.invoke(DelegatingMethodAccessorImpl.java:43)
	at java.base/java.lang.reflect.Method.invoke(Method.java:568)
	at jdk.compiler/com.sun.tools.javac.launcher.Main.execute(Main.java:419)
	at jdk.compiler/com.sun.tools.javac.launcher.Main.run(Main.java:192)
	at jdk.compiler/com.sun.tools.javac.launcher.Main.main(Main.java:132)

================================================================

Sample: CertificateFactory_3
----------------------------------------------------------------
stderr:
java.io.FileNotFoundException: example.crl (No such file or directory)
	at java.base/java.io.FileInputStream.open0(Native Method)
	at java.base/java.io.FileInputStream.open(FileInputStream.java:216)
	at java.base/java.io.FileInputStream.<init>(FileInputStream.java:157)
	at java.base/java.io.FileInputStream.<init>(FileInputStream.java:111)
	at CertificateFactory_3.main(CertificateFactory_3.java:10)
	at java.base/jdk.internal.reflect.NativeMethodAccessorImpl.invoke0(Native Method)
	at java.base/jdk.internal.reflect.NativeMethodAccessorImpl.invoke(NativeMethodAccessorImpl.java:77)
	at java.base/jdk.internal.reflect.DelegatingMethodAccessorImpl.invoke(DelegatingMethodAccessorImpl.java:43)
	at java.base/java.lang.reflect.Method.invoke(Method.java:568)
	at jdk.compiler/com.sun.tools.javac.launcher.Main.execute(Main.java:419)
	at jdk.compiler/com.sun.tools.javac.launcher.Main.run(Main.java:192)
	at jdk.compiler/com.sun.tools.javac.launcher.Main.main(Main.java:132)

================================================================

Sample: CertificateFactory_4
----------------------------------------------------------------
output:
./Data/java_security_cert/javaFiles/CertificateFactory_4.java:10: error: illegal start of expression
            Collection<? extends CRL> crls = generateCRLs(inStream);
                       ^
./Data/java_security_cert/javaFiles/CertificateFactory_4.java:10: error: illegal start of expression
            Collection<? extends CRL> crls = generateCRLs(inStream);
                         ^
2 errors


================================================================

Sample: CertificateFactory_5
----------------------------------------------------------------
output:
./Data/java_security_cert/javaFiles/CertificateFactory_5.java:11: error: cannot find symbol
            InputStream inStream = Main.class.getResourceAsStream("certificate.crt");
                                   ^
  symbol:   class Main
  location: class CertificateFactory_5
1 error


================================================================

Sample: CertPath_1
----------------------------------------------------------------
output:
./Data/java_security_cert/javaFiles/CertPath_1.java:9: error: illegal start of expression
        List<? extends Certificate> certificates = certPath.getCertificates();
             ^
./Data/java_security_cert/javaFiles/CertPath_1.java:9: error: illegal start of expression
        List<? extends Certificate> certificates = certPath.getCertificates();
               ^
2 errors


================================================================

Sample: CertPath_2
----------------------------------------------------------------
stderr:
Exception in thread "main" java.lang.NullPointerException: Cannot invoke "java.security.cert.CertPath.getType()" because "<local1>" is null
	at CertPath_2.main(CertPath_2.java:6)

================================================================

Sample: CertPath_3
----------------------------------------------------------------
output:
./Data/java_security_cert/javaFiles/CertPath_3.java:9: error: cannot find symbol
        List<X509Certificate> certificates = new ArrayList<>();
                                                 ^
  symbol:   class ArrayList
  location: class CertPath_3
1 error


================================================================

Sample: CertPath_4
----------------------------------------------------------------
output:
./Data/java_security_cert/javaFiles/CertPath_4.java:10: error: cannot find symbol
        Iterator<String> encodings = certPath.getEncodings();
        ^
  symbol:   variable Iterator
  location: class CertPath_4
./Data/java_security_cert/javaFiles/CertPath_4.java:10: error: cannot find symbol
        Iterator<String> encodings = certPath.getEncodings();
                 ^
  symbol:   variable String
  location: class CertPath_4
./Data/java_security_cert/javaFiles/CertPath_4.java:10: error: cannot find symbol
        Iterator<String> encodings = certPath.getEncodings();
                         ^
  symbol:   variable encodings
  location: class CertPath_4
./Data/java_security_cert/javaFiles/CertPath_4.java:13: error: cannot find symbol
        while (encodings.hasNext()) {
               ^
  symbol:   variable encodings
  location: class CertPath_4
./Data/java_security_cert/javaFiles/CertPath_4.java:14: error: cannot find symbol
            String encoding = encodings.next();
                              ^
  symbol:   variable encodings
  location: class CertPath_4
5 errors


================================================================

Sample: CertPathBuilder_1
----------------------------------------------------------------
output:
./Data/java_security_cert/javaFiles/CertPathBuilder_1.java:6: error: unreported exception NoSuchAlgorithmException; must be caught or declared to be thrown
        CertPathBuilder builder = CertPathBuilder.getInstance("PKIX");
                                                             ^
./Data/java_security_cert/javaFiles/CertPathBuilder_1.java:8: error: unreported exception InvalidAlgorithmParameterException; must be caught or declared to be thrown
            CertPathBuilderResult result = builder.build(params);
                                                        ^
2 errors


================================================================

Sample: CertPathBuilder_4
----------------------------------------------------------------
output:
./Data/java_security_cert/javaFiles/CertPathBuilder_4.java:7: error: unreported exception NoSuchAlgorithmException; must be caught or declared to be thrown
        CertPathBuilder builder = CertPathBuilder.getInstance("PKIX");
                                                             ^
1 error


================================================================

Sample: CertPathValidator_1
----------------------------------------------------------------
output:
./Data/java_security_cert/javaFiles/CertPathValidator_1.java:18: error: illegal start of expression
            X509Certificate cert = (X509Certificate) cf.generateCertificate(...); // Generate X509Certificate
                                                                            ^
1 error


================================================================

Sample: CertPathValidatorSpi_1
----------------------------------------------------------------
output:
./Data/java_security_cert/javaFiles/CertPathValidatorSpi_1.java:12: error: engineValidate(CertPath,CertPathParameters) in <anonymous CertPathValidatorSpi_1$1> cannot override engineValidate(CertPath,CertPathParameters) in CertPathValidatorSpi
            protected CertPathValidatorResult engineValidate(CertPath certPath, CertPathParameters params) throws CertificateException {
                                              ^
  attempting to assign weaker access privileges; was public
1 error


================================================================

Sample: CertPathValidatorSpi_5
----------------------------------------------------------------
output:
./Data/java_security_cert/javaFiles/CertPathValidatorSpi_5.java:18: error: MyCertPathValidator is not abstract and does not override abstract method engineValidate(CertPath,CertPathParameters) in CertPathValidatorSpi
class MyCertPathValidator extends CertPathValidatorSpi {
^
./Data/java_security_cert/javaFiles/CertPathValidatorSpi_5.java:20: error: engineGetRevocationChecker() in MyCertPathValidator cannot override engineGetRevocationChecker() in CertPathValidatorSpi
    protected CertPathChecker engineGetRevocationChecker() {
                              ^
  attempting to assign weaker access privileges; was public
./Data/java_security_cert/javaFiles/CertPathValidatorSpi_5.java:22: error: PKIXRevocationChecker is abstract; cannot be instantiated
        return new PKIXRevocationChecker();
               ^
3 errors


================================================================

Sample: CertStoreSpi_2
----------------------------------------------------------------
================================================================

Sample: LDAPCertStoreParameters_2
----------------------------------------------------------------
stdout:
Server name: server.example.com

================================================================

Sample: LDAPCertStoreParameters_3
----------------------------------------------------------------
stdout:
LDAP Server Port: 389

================================================================

Sample: PKIXBuilderParameters_1
----------------------------------------------------------------
output:
./Data/java_security_cert/javaFiles/PKIXBuilderParameters_1.java:6: error: reference to PKIXBuilderParameters is ambiguous
        PKIXBuilderParameters params = new PKIXBuilderParameters(null, null);
                                       ^
  both constructor PKIXBuilderParameters(Set<TrustAnchor>,CertSelector) in PKIXBuilderParameters and constructor PKIXBuilderParameters(KeyStore,CertSelector) in PKIXBuilderParameters match
1 error


================================================================

Sample: PKIXBuilderParameters_2
----------------------------------------------------------------
output:
./Data/java_security_cert/javaFiles/PKIXBuilderParameters_2.java:5: error: reference to PKIXBuilderParameters is ambiguous
        PKIXBuilderParameters params = new PKIXBuilderParameters(null, null);
                                       ^
  both constructor PKIXBuilderParameters(Set<TrustAnchor>,CertSelector) in PKIXBuilderParameters and constructor PKIXBuilderParameters(KeyStore,CertSelector) in PKIXBuilderParameters match
1 error


================================================================

Sample: PKIXBuilderParameters_3
----------------------------------------------------------------
output:
./Data/java_security_cert/javaFiles/PKIXBuilderParameters_3.java:5: error: reference to PKIXBuilderParameters is ambiguous
        PKIXBuilderParameters params = new PKIXBuilderParameters(null, null);
                                       ^
  both constructor PKIXBuilderParameters(Set<TrustAnchor>,CertSelector) in PKIXBuilderParameters and constructor PKIXBuilderParameters(KeyStore,CertSelector) in PKIXBuilderParameters match
1 error


================================================================

Sample: PKIXCertPathChecker_1
----------------------------------------------------------------
output:
./Data/java_security_cert/javaFiles/PKIXCertPathChecker_1.java:19: error: cannot find symbol
            public Set<String> getSupportedExtensions() {
                   ^
  symbol: class Set
./Data/java_security_cert/javaFiles/PKIXCertPathChecker_1.java:24: error: cannot find symbol
            public void check(Certificate cert, Collection<String> unresolvedCritExts) throws CertPathValidatorException {
                                                ^
  symbol: class Collection
./Data/java_security_cert/javaFiles/PKIXCertPathChecker_1.java:24: error: cannot find symbol
            public void check(Certificate cert, Collection<String> unresolvedCritExts) throws CertPathValidatorException {
                                                                                              ^
  symbol: class CertPathValidatorException
./Data/java_security_cert/javaFiles/PKIXCertPathChecker_1.java:35: error: cannot find symbol
        } catch (CertPathValidatorException e) {
                 ^
  symbol:   class CertPathValidatorException
  location: class PKIXCertPathChecker_1
4 errors


================================================================

Sample: PKIXCertPathChecker_2
----------------------------------------------------------------
output:
./Data/java_security_cert/javaFiles/PKIXCertPathChecker_2.java:5: error: <anonymous PKIXCertPathChecker_2$1> is not abstract and does not override abstract method check(Certificate,Collection<String>) in PKIXCertPathChecker
        PKIXCertPathChecker checker = new PKIXCertPathChecker() {
                                                                ^
1 error


================================================================

Sample: PKIXCertPathChecker_3
----------------------------------------------------------------
stderr:
Exception in thread "main" java.lang.NullPointerException: Cannot invoke "java.security.cert.PKIXCertPathChecker.isForwardCheckingSupported()" because "<local1>" is null
	at PKIXCertPathChecker_3.main(PKIXCertPathChecker_3.java:8)

================================================================

Sample: PKIXCertPathChecker_5
----------------------------------------------------------------
stderr:
Exception in thread "main" java.lang.NullPointerException: Cannot invoke "java.security.cert.PKIXCertPathChecker.getSupportedExtensions()" because "<local1>" is null
	at PKIXCertPathChecker_5.main(PKIXCertPathChecker_5.java:7)

================================================================

Sample: PKIXCertPathValidatorResult_2
----------------------------------------------------------------
output:
./Data/java_security_cert/javaFiles/PKIXCertPathValidatorResult_2.java:6: error: constructor PKIXCertPathValidatorResult in class PKIXCertPathValidatorResult cannot be applied to given types;
        PKIXCertPathValidatorResult result = new PKIXCertPathValidatorResult(null, null, null, null);
                                             ^
  required: TrustAnchor,PolicyNode,PublicKey
  found:    <null>,<null>,<null>,<null>
  reason: actual and formal argument lists differ in length
1 error


================================================================

Sample: PKIXCertPathValidatorResult_4
----------------------------------------------------------------
output:
./Data/java_security_cert/javaFiles/PKIXCertPathValidatorResult_4.java:5: error: constructor PKIXCertPathValidatorResult in class PKIXCertPathValidatorResult cannot be applied to given types;
        PKIXCertPathValidatorResult result = new PKIXCertPathValidatorResult(null, null, null, null);
                                             ^
  required: TrustAnchor,PolicyNode,PublicKey
  found:    <null>,<null>,<null>,<null>
  reason: actual and formal argument lists differ in length
1 error


================================================================

Sample: PKIXParameters_1
----------------------------------------------------------------
stderr:
Exception in thread "main" java.security.InvalidAlgorithmParameterException: the trustAnchors parameter must be non-empty
	at java.base/java.security.cert.PKIXParameters.setTrustAnchors(PKIXParameters.java:200)
	at java.base/java.security.cert.PKIXParameters.<init>(PKIXParameters.java:157)
	at PKIXParameters_1.main(PKIXParameters_1.java:15)

================================================================

Sample: PKIXParameters_2
----------------------------------------------------------------
output:
./Data/java_security_cert/javaFiles/PKIXParameters_2.java:6: error: no suitable constructor found for PKIXParameters(no arguments)
        PKIXParameters params = new PKIXParameters();
                                ^
    constructor PKIXParameters.PKIXParameters(Set<TrustAnchor>) is not applicable
      (actual and formal argument lists differ in length)
    constructor PKIXParameters.PKIXParameters(KeyStore) is not applicable
      (actual and formal argument lists differ in length)
1 error


================================================================

Sample: PKIXParameters_3
----------------------------------------------------------------
output:
./Data/java_security_cert/javaFiles/PKIXParameters_3.java:14: error: cannot find symbol
        Set<TrustAnchor> trustAnchors = new HashSet<>();
                                            ^
  symbol:   class HashSet
  location: class PKIXParameters_3
./Data/java_security_cert/javaFiles/PKIXParameters_3.java:15: error: no suitable constructor found for TrustAnchor(no arguments)
        TrustAnchor anchor1 = new TrustAnchor(/* Initialize TrustAnchor */);
                              ^
    constructor TrustAnchor.TrustAnchor(X509Certificate,byte[]) is not applicable
      (actual and formal argument lists differ in length)
    constructor TrustAnchor.TrustAnchor(X500Principal,PublicKey,byte[]) is not applicable
      (actual and formal argument lists differ in length)
    constructor TrustAnchor.TrustAnchor(String,PublicKey,byte[]) is not applicable
      (actual and formal argument lists differ in length)
./Data/java_security_cert/javaFiles/PKIXParameters_3.java:16: error: no suitable constructor found for TrustAnchor(no arguments)
        TrustAnchor anchor2 = new TrustAnchor(/* Initialize TrustAnchor */);
                              ^
    constructor TrustAnchor.TrustAnchor(X509Certificate,byte[]) is not applicable
      (actual and formal argument lists differ in length)
    constructor TrustAnchor.TrustAnchor(X500Principal,PublicKey,byte[]) is not applicable
      (actual and formal argument lists differ in length)
    constructor TrustAnchor.TrustAnchor(String,PublicKey,byte[]) is not applicable
      (actual and formal argument lists differ in length)
3 errors


================================================================

Sample: PKIXParameters_4
----------------------------------------------------------------
output:
./Data/java_security_cert/javaFiles/PKIXParameters_4.java:10: error: no suitable constructor found for PKIXParameters(no arguments)
        PKIXParameters params = new PKIXParameters();
                                ^
    constructor PKIXParameters.PKIXParameters(Set<TrustAnchor>) is not applicable
      (actual and formal argument lists differ in length)
    constructor PKIXParameters.PKIXParameters(KeyStore) is not applicable
      (actual and formal argument lists differ in length)
1 error


================================================================

Sample: PolicyQualifierInfo_1
----------------------------------------------------------------
output:
./Data/java_security_cert/javaFiles/PolicyQualifierInfo_1.java:5: error: unreported exception IOException; must be caught or declared to be thrown
        PolicyQualifierInfo policyInfo = new PolicyQualifierInfo(null); // Create a PolicyQualifierInfo object
                                         ^
1 error


================================================================

Sample: PolicyQualifierInfo_2
----------------------------------------------------------------
output:
./Data/java_security_cert/javaFiles/PolicyQualifierInfo_2.java:6: error: constructor PolicyQualifierInfo in class PolicyQualifierInfo cannot be applied to given types;
        PolicyQualifierInfo policyQualifierInfo = new PolicyQualifierInfo("test", policyQualifier);
                                                  ^
  required: byte[]
  found:    String,byte[]
  reason: actual and formal argument lists differ in length
1 error


================================================================

Sample: PolicyQualifierInfo_3
----------------------------------------------------------------
output:
./Data/java_security_cert/javaFiles/PolicyQualifierInfo_3.java:5: error: unreported exception IOException; must be caught or declared to be thrown
        PolicyQualifierInfo policyQualifierInfo = new PolicyQualifierInfo(new byte[]{0, 1, 2});
                                                  ^
1 error


================================================================

Sample: TrustAnchor_1
----------------------------------------------------------------
output:
./Data/java_security_cert/javaFiles/TrustAnchor_1.java:6: error: no suitable constructor found for TrustAnchor(no arguments)
        TrustAnchor trustAnchor = new TrustAnchor(/*initialize TrustAnchor object*/);
                                  ^
    constructor TrustAnchor.TrustAnchor(X509Certificate,byte[]) is not applicable
      (actual and formal argument lists differ in length)
    constructor TrustAnchor.TrustAnchor(X500Principal,PublicKey,byte[]) is not applicable
      (actual and formal argument lists differ in length)
    constructor TrustAnchor.TrustAnchor(String,PublicKey,byte[]) is not applicable
      (actual and formal argument lists differ in length)
1 error


================================================================

Sample: TrustAnchor_4
----------------------------------------------------------------
output:
./Data/java_security_cert/javaFiles/TrustAnchor_4.java:6: error: cannot find symbol
        TrustAnchor trustAnchor = new TrustAnchor(publicKey, null);
                                                  ^
  symbol:   variable publicKey
  location: class TrustAnchor_4
1 error


================================================================

Sample: X509Certificate_3
----------------------------------------------------------------
output:
./Data/java_security_cert/javaFiles/X509Certificate_3.java:7: error: incompatible types: void cannot be converted to X509Certificate
        System.out.println("Certificate not before date: " + cert.getNotBefore());
                          ^
1 error


================================================================

Sample: X509Certificate_4
----------------------------------------------------------------
output:
./Data/java_security_cert/javaFiles/X509Certificate_4.java:13: error: <anonymous X509Certificate_4$1> is not abstract and does not override abstract method getBasicConstraints() in X509Certificate
        return new X509Certificate() {
                                     ^
1 error


================================================================

Sample: X509CertSelector_1
----------------------------------------------------------------
output:
./Data/java_security_cert/javaFiles/X509CertSelector_1.java:7: error: illegal start of expression
        X509Certificate certificate = /* Initialize your X509Certificate here */;
                                                                                ^
1 error


================================================================

Sample: X509CertSelector_2
----------------------------------------------------------------
================================================================

Sample: X509CertSelector_3
----------------------------------------------------------------
stdout:
Subject set successfully: CN=Test Subject

================================================================

Sample: X509CertSelector_4
----------------------------------------------------------------
================================================================

Sample: X509CRL_2
----------------------------------------------------------------
output:
./Data/java_security_cert/javaFiles/X509CRL_2.java:6: error: illegal start of expression
        X509CRL crl = /* initialize X509CRL object */;
                                                     ^
1 error


================================================================

Sample: X509CRL_5
----------------------------------------------------------------
output:
./Data/java_security_cert/javaFiles/X509CRL_5.java:6: error: cannot find symbol
        byte[] tbsCertList = crl.getTBSCertList();
                             ^
  symbol:   variable crl
  location: class X509CRL_5
1 error


================================================================

Sample: X509CRLEntry_1
----------------------------------------------------------------
stderr:
Exception in thread "main" java.lang.NullPointerException: Cannot invoke "java.security.cert.X509CRLEntry.getRevocationDate()" because "<local1>" is null
	at X509CRLEntry_1.main(X509CRLEntry_1.java:9)

================================================================

Sample: X509CRLEntry_2
----------------------------------------------------------------
stderr:
Exception in thread "main" java.lang.NullPointerException: Cannot invoke "java.security.cert.X509CRLEntry.getSerialNumber()" because "<local1>" is null
	at X509CRLEntry_2.main(X509CRLEntry_2.java:8)

================================================================

Sample: X509CRLEntry_3
----------------------------------------------------------------
stderr:
Exception in thread "main" java.lang.NullPointerException: Cannot invoke "java.security.cert.X509CRLEntry.hasExtensions()" because "<local1>" is null
	at X509CRLEntry_3.main(X509CRLEntry_3.java:6)

================================================================

Sample: X509CRLEntry_4
----------------------------------------------------------------
output:
./Data/java_security_cert/javaFiles/X509CRLEntry_4.java:6: error: constructor CertificateRevokedException in class CertificateRevokedException cannot be applied to given types;
        X509CRLEntry crlEntry = new CertificateRevokedException();
                                ^
  required: Date,CRLReason,X500Principal,Map<String,Extension>
  found:    no arguments
  reason: actual and formal argument lists differ in length
1 error


================================================================

Sample: X509CRLSelector_1
----------------------------------------------------------------
stdout:
Issuers set in CRL selector: [CN=Issuer2, CN=Issuer1]

================================================================

Sample: X509CRLSelector_2
----------------------------------------------------------------
================================================================

Sample: X509CRLSelector_3
----------------------------------------------------------------
output:
./Data/java_security_cert/javaFiles/X509CRLSelector_3.java:7: error: unreported exception IOException; must be caught or declared to be thrown
        selector.addIssuerName(issuerName);
                              ^
Note: ./Data/java_security_cert/javaFiles/X509CRLSelector_3.java uses or overrides a deprecated API.
Note: Recompile with -Xlint:deprecation for details.
1 error


================================================================

Sample: X509CRLSelector_4
----------------------------------------------------------------
================================================================

Sample: X509CRLSelector_5
----------------------------------------------------------------
================================================================

